[1.006s] Invoking command in '/home/potato/ros2_ws/src/ros2_21_tutorials/learning_cv': PYTHONPATH=/home/potato/ros2_ws/build/learning_cv/prefix_override:/usr/lib/python3/dist-packages/colcon_core/task/python/colcon_distutils_commands:/home/potato/ros2_ws/install/learning_cv/lib/python3.10/site-packages:${PYTHONPATH} /usr/bin/python3 -W ignore:setup.py install is deprecated setup.py egg_info --egg-base ../../../build/learning_cv build --build-base /home/potato/ros2_ws/build/learning_cv/build install --record /home/potato/ros2_ws/build/learning_cv/install.log --single-version-externally-managed install_data
[1.189s] running egg_info
[1.190s] creating ../../../build/learning_cv/learning_cv.egg-info
[1.190s] writing ../../../build/learning_cv/learning_cv.egg-info/PKG-INFO
[1.190s] writing dependency_links to ../../../build/learning_cv/learning_cv.egg-info/dependency_links.txt
[1.190s] writing entry points to ../../../build/learning_cv/learning_cv.egg-info/entry_points.txt
[1.190s] writing requirements to ../../../build/learning_cv/learning_cv.egg-info/requires.txt
[1.190s] writing top-level names to ../../../build/learning_cv/learning_cv.egg-info/top_level.txt
[1.190s] writing manifest file '../../../build/learning_cv/learning_cv.egg-info/SOURCES.txt'
[1.191s] reading manifest file '../../../build/learning_cv/learning_cv.egg-info/SOURCES.txt'
[1.192s] writing manifest file '../../../build/learning_cv/learning_cv.egg-info/SOURCES.txt'
[1.192s] running build
[1.192s] running build_py
[1.192s] creating /home/potato/ros2_ws/build/learning_cv/build
[1.193s] creating /home/potato/ros2_ws/build/learning_cv/build/lib
[1.193s] creating /home/potato/ros2_ws/build/learning_cv/build/lib/learning_cv
[1.193s] copying learning_cv/cv_bridge_test.py -> /home/potato/ros2_ws/build/learning_cv/build/lib/learning_cv
[1.193s] copying learning_cv/__init__.py -> /home/potato/ros2_ws/build/learning_cv/build/lib/learning_cv
[1.193s] running install
[1.193s] running install_lib
[1.193s] creating /home/potato/ros2_ws/install/learning_cv/lib/python3.10/site-packages/learning_cv
[1.194s] copying /home/potato/ros2_ws/build/learning_cv/build/lib/learning_cv/cv_bridge_test.py -> /home/potato/ros2_ws/install/learning_cv/lib/python3.10/site-packages/learning_cv
[1.194s] copying /home/potato/ros2_ws/build/learning_cv/build/lib/learning_cv/__init__.py -> /home/potato/ros2_ws/install/learning_cv/lib/python3.10/site-packages/learning_cv
[1.194s] byte-compiling /home/potato/ros2_ws/install/learning_cv/lib/python3.10/site-packages/learning_cv/cv_bridge_test.py to cv_bridge_test.cpython-310.pyc
[1.195s] byte-compiling /home/potato/ros2_ws/install/learning_cv/lib/python3.10/site-packages/learning_cv/__init__.py to __init__.cpython-310.pyc
[1.195s] running install_data
[1.195s] creating /home/potato/ros2_ws/install/learning_cv/share/ament_index
[1.195s] creating /home/potato/ros2_ws/install/learning_cv/share/ament_index/resource_index
[1.195s] creating /home/potato/ros2_ws/install/learning_cv/share/ament_index/resource_index/packages
[1.195s] copying resource/learning_cv -> /home/potato/ros2_ws/install/learning_cv/share/ament_index/resource_index/packages
[1.195s] copying package.xml -> /home/potato/ros2_ws/install/learning_cv/share/learning_cv
[1.195s] running install_egg_info
[1.196s] Copying ../../../build/learning_cv/learning_cv.egg-info to /home/potato/ros2_ws/install/learning_cv/lib/python3.10/site-packages/learning_cv-0.0.0-py3.10.egg-info
[1.196s] running install_scripts
[1.214s] Installing cv_bridge_test script to /home/potato/ros2_ws/install/learning_cv/lib/learning_cv
[1.214s] writing list of installed files to '/home/potato/ros2_ws/build/learning_cv/install.log'
[1.246s] Invoked command in '/home/potato/ros2_ws/src/ros2_21_tutorials/learning_cv' returned '0': PYTHONPATH=/home/potato/ros2_ws/build/learning_cv/prefix_override:/usr/lib/python3/dist-packages/colcon_core/task/python/colcon_distutils_commands:/home/potato/ros2_ws/install/learning_cv/lib/python3.10/site-packages:${PYTHONPATH} /usr/bin/python3 -W ignore:setup.py install is deprecated setup.py egg_info --egg-base ../../../build/learning_cv build --build-base /home/potato/ros2_ws/build/learning_cv/build install --record /home/potato/ros2_ws/build/learning_cv/install.log --single-version-externally-managed install_data
