[0.028s] Invoking command in '/home/potato/ros2_ws/build/learning_service_cpp': AMENT_PREFIX_PATH=/home/potato/ros2_ws/install/learning_interface:${AMENT_PREFIX_PATH} CMAKE_PREFIX_PATH=/home/potato/ros2_ws/install/learning_interface:/home/potato/ros2/src/cychuankou/install/cychuankou:/home/potato/dev_ws/install/learning_topic_cpp:/home/potato/dev_ws/install/learning_tf_cpp:/home/potato/dev_ws/install/learning_service_cpp:/home/potato/dev_ws/install/learning_pkg_c:/home/potato/dev_ws/install/learning_parameter_cpp:/home/potato/dev_ws/install/learning_node_cpp:/home/potato/dev_ws/install/learning_action_cpp:/home/potato/dev_ws/install/learning_interface:/home/potato/dev_ws/install/learning_urdf:/home/potato/dev_ws/install/learning_topic:/home/potato/dev_ws/install/learning_tf:/home/potato/dev_ws/install/learning_service:/home/potato/dev_ws/install/learning_qos:/home/potato/dev_ws/install/learning_pkg_python:/home/potato/dev_ws/install/learning_parameter:/home/potato/dev_ws/install/learning_node:/home/potato/dev_ws/install/learning_launch:/home/potato/dev_ws/install/learning_action:/home/potato/dev_ws/install/learning_gazebo_harmonic:/home/potato/dev_ws/install/learning_gazebo:/home/potato/dev_ws/install/learning_cv:/home/potato/fishbot_ws/install/fishbot_description:/opt/ros/humble LD_LIBRARY_PATH=/home/potato/ros2_ws/install/learning_interface/lib:/home/potato/dev_ws/install/learning_interface/lib:/usr/lib/x86_64-linux-gnu/gazebo-11/plugins:/opt/ros/humble/opt/rviz_ogre_vendor/lib:/opt/ros/humble/lib/x86_64-linux-gnu:/opt/ros/humble/lib:/usr/share/gazebo/../../lib/x86_64-linux-gnu/gazebo-11/plugins PYTHONPATH=/home/potato/ros2_ws/install/learning_interface/local/lib/python3.10/dist-packages:${PYTHONPATH} /usr/bin/cmake /home/potato/ros2_ws/src/ros2_21_tutorials/learning_service_cpp -DCMAKE_INSTALL_PREFIX=/home/potato/ros2_ws/install/learning_service_cpp
[0.163s] -- The C compiler identification is GNU 11.4.0
[0.295s] -- The CXX compiler identification is GNU 11.4.0
[0.326s] -- Detecting C compiler ABI info
[0.537s] -- Detecting C compiler ABI info - done
[0.559s] -- Check for working C compiler: /usr/bin/cc - skipped
[0.559s] -- Detecting C compile features
[0.559s] -- Detecting C compile features - done
[0.570s] -- Detecting CXX compiler ABI info
[0.779s] -- Detecting CXX compiler ABI info - done
[0.788s] -- Check for working CXX compiler: /usr/bin/c++ - skipped
[0.788s] -- Detecting CXX compile features
[0.788s] -- Detecting CXX compile features - done
[0.792s] -- Found ament_cmake: 1.3.10 (/opt/ros/humble/share/ament_cmake/cmake)
[1.167s] -- Found Python3: /usr/bin/python3 (found version "3.10.12") found components: Interpreter 
[1.423s] -- Found rclcpp: 16.0.10 (/opt/ros/humble/share/rclcpp/cmake)
[1.573s] -- Found rosidl_generator_c: 3.1.5 (/opt/ros/humble/share/rosidl_generator_c/cmake)
[1.587s] -- Found rosidl_adapter: 3.1.5 (/opt/ros/humble/share/rosidl_adapter/cmake)
[1.607s] -- Found rosidl_generator_cpp: 3.1.5 (/opt/ros/humble/share/rosidl_generator_cpp/cmake)
[1.642s] -- Using all available rosidl_typesupport_c: rosidl_typesupport_fastrtps_c;rosidl_typesupport_introspection_c
[1.697s] -- Using all available rosidl_typesupport_cpp: rosidl_typesupport_fastrtps_cpp;rosidl_typesupport_introspection_cpp
[1.831s] -- Found rmw_implementation_cmake: 6.1.2 (/opt/ros/humble/share/rmw_implementation_cmake/cmake)
[1.848s] -- Found rmw_fastrtps_cpp: 6.2.7 (/opt/ros/humble/share/rmw_fastrtps_cpp/cmake)
[2.065s] -- Found OpenSSL: /usr/lib/x86_64-linux-gnu/libcrypto.so (found version "3.0.2")  
[2.106s] -- Found FastRTPS: /opt/ros/humble/include  
[2.186s] -- Using RMW implementation 'rmw_fastrtps_cpp' as default
[2.238s] -- Looking for pthread.h
[2.523s] -- Looking for pthread.h - found
[2.523s] -- Performing Test CMAKE_HAVE_LIBC_PTHREAD
[2.714s] -- Performing Test CMAKE_HAVE_LIBC_PTHREAD - Success
[2.715s] -- Found Threads: TRUE  
[2.816s] -- Found learning_interface: 0.0.0 (/home/potato/ros2_ws/install/learning_interface/share/learning_interface/cmake)
[2.935s] -- Found ament_lint_auto: 0.12.11 (/opt/ros/humble/share/ament_lint_auto/cmake)
[3.323s] -- Added test 'cppcheck' to perform static code analysis on C / C++ code
[3.328s] -- Configured cppcheck include dirs: 
[3.328s] -- Configured cppcheck exclude dirs and/or files: 
[3.328s] -- Added test 'lint_cmake' to check CMake code style
[3.329s] -- Added test 'uncrustify' to check C / C++ code style
[3.333s] -- Configured uncrustify additional arguments: 
[3.334s] -- Added test 'xmllint' to check XML markup files
[3.335s] -- Configuring done
[3.362s] -- Generating done
[3.363s] -- Build files have been written to: /home/potato/ros2_ws/build/learning_service_cpp
[3.388s] Invoked command in '/home/potato/ros2_ws/build/learning_service_cpp' returned '0': AMENT_PREFIX_PATH=/home/potato/ros2_ws/install/learning_interface:${AMENT_PREFIX_PATH} CMAKE_PREFIX_PATH=/home/potato/ros2_ws/install/learning_interface:/home/potato/ros2/src/cychuankou/install/cychuankou:/home/potato/dev_ws/install/learning_topic_cpp:/home/potato/dev_ws/install/learning_tf_cpp:/home/potato/dev_ws/install/learning_service_cpp:/home/potato/dev_ws/install/learning_pkg_c:/home/potato/dev_ws/install/learning_parameter_cpp:/home/potato/dev_ws/install/learning_node_cpp:/home/potato/dev_ws/install/learning_action_cpp:/home/potato/dev_ws/install/learning_interface:/home/potato/dev_ws/install/learning_urdf:/home/potato/dev_ws/install/learning_topic:/home/potato/dev_ws/install/learning_tf:/home/potato/dev_ws/install/learning_service:/home/potato/dev_ws/install/learning_qos:/home/potato/dev_ws/install/learning_pkg_python:/home/potato/dev_ws/install/learning_parameter:/home/potato/dev_ws/install/learning_node:/home/potato/dev_ws/install/learning_launch:/home/potato/dev_ws/install/learning_action:/home/potato/dev_ws/install/learning_gazebo_harmonic:/home/potato/dev_ws/install/learning_gazebo:/home/potato/dev_ws/install/learning_cv:/home/potato/fishbot_ws/install/fishbot_description:/opt/ros/humble LD_LIBRARY_PATH=/home/potato/ros2_ws/install/learning_interface/lib:/home/potato/dev_ws/install/learning_interface/lib:/usr/lib/x86_64-linux-gnu/gazebo-11/plugins:/opt/ros/humble/opt/rviz_ogre_vendor/lib:/opt/ros/humble/lib/x86_64-linux-gnu:/opt/ros/humble/lib:/usr/share/gazebo/../../lib/x86_64-linux-gnu/gazebo-11/plugins PYTHONPATH=/home/potato/ros2_ws/install/learning_interface/local/lib/python3.10/dist-packages:${PYTHONPATH} /usr/bin/cmake /home/potato/ros2_ws/src/ros2_21_tutorials/learning_service_cpp -DCMAKE_INSTALL_PREFIX=/home/potato/ros2_ws/install/learning_service_cpp
[3.389s] Invoking command in '/home/potato/ros2_ws/build/learning_service_cpp': AMENT_PREFIX_PATH=/home/potato/ros2_ws/install/learning_interface:${AMENT_PREFIX_PATH} CMAKE_PREFIX_PATH=/home/potato/ros2_ws/install/learning_interface:/home/potato/ros2/src/cychuankou/install/cychuankou:/home/potato/dev_ws/install/learning_topic_cpp:/home/potato/dev_ws/install/learning_tf_cpp:/home/potato/dev_ws/install/learning_service_cpp:/home/potato/dev_ws/install/learning_pkg_c:/home/potato/dev_ws/install/learning_parameter_cpp:/home/potato/dev_ws/install/learning_node_cpp:/home/potato/dev_ws/install/learning_action_cpp:/home/potato/dev_ws/install/learning_interface:/home/potato/dev_ws/install/learning_urdf:/home/potato/dev_ws/install/learning_topic:/home/potato/dev_ws/install/learning_tf:/home/potato/dev_ws/install/learning_service:/home/potato/dev_ws/install/learning_qos:/home/potato/dev_ws/install/learning_pkg_python:/home/potato/dev_ws/install/learning_parameter:/home/potato/dev_ws/install/learning_node:/home/potato/dev_ws/install/learning_launch:/home/potato/dev_ws/install/learning_action:/home/potato/dev_ws/install/learning_gazebo_harmonic:/home/potato/dev_ws/install/learning_gazebo:/home/potato/dev_ws/install/learning_cv:/home/potato/fishbot_ws/install/fishbot_description:/opt/ros/humble LD_LIBRARY_PATH=/home/potato/ros2_ws/install/learning_interface/lib:/home/potato/dev_ws/install/learning_interface/lib:/usr/lib/x86_64-linux-gnu/gazebo-11/plugins:/opt/ros/humble/opt/rviz_ogre_vendor/lib:/opt/ros/humble/lib/x86_64-linux-gnu:/opt/ros/humble/lib:/usr/share/gazebo/../../lib/x86_64-linux-gnu/gazebo-11/plugins PYTHONPATH=/home/potato/ros2_ws/install/learning_interface/local/lib/python3.10/dist-packages:${PYTHONPATH} /usr/bin/cmake --build /home/potato/ros2_ws/build/learning_service_cpp -- -j4 -l4
[3.549s] [ 25%] [32mBuilding CXX object CMakeFiles/service_adder_server.dir/src/service_adder_server.cpp.o[0m
[3.550s] [ 50%] [32mBuilding CXX object CMakeFiles/service_adder_client.dir/src/service_adder_client.cpp.o[0m
[9.407s] [ 75%] [32m[1mLinking CXX executable service_adder_client[0m
[9.556s] [100%] [32m[1mLinking CXX executable service_adder_server[0m
[9.679s] [100%] Built target service_adder_client
[9.731s] [100%] Built target service_adder_server
[9.746s] Invoked command in '/home/potato/ros2_ws/build/learning_service_cpp' returned '0': AMENT_PREFIX_PATH=/home/potato/ros2_ws/install/learning_interface:${AMENT_PREFIX_PATH} CMAKE_PREFIX_PATH=/home/potato/ros2_ws/install/learning_interface:/home/potato/ros2/src/cychuankou/install/cychuankou:/home/potato/dev_ws/install/learning_topic_cpp:/home/potato/dev_ws/install/learning_tf_cpp:/home/potato/dev_ws/install/learning_service_cpp:/home/potato/dev_ws/install/learning_pkg_c:/home/potato/dev_ws/install/learning_parameter_cpp:/home/potato/dev_ws/install/learning_node_cpp:/home/potato/dev_ws/install/learning_action_cpp:/home/potato/dev_ws/install/learning_interface:/home/potato/dev_ws/install/learning_urdf:/home/potato/dev_ws/install/learning_topic:/home/potato/dev_ws/install/learning_tf:/home/potato/dev_ws/install/learning_service:/home/potato/dev_ws/install/learning_qos:/home/potato/dev_ws/install/learning_pkg_python:/home/potato/dev_ws/install/learning_parameter:/home/potato/dev_ws/install/learning_node:/home/potato/dev_ws/install/learning_launch:/home/potato/dev_ws/install/learning_action:/home/potato/dev_ws/install/learning_gazebo_harmonic:/home/potato/dev_ws/install/learning_gazebo:/home/potato/dev_ws/install/learning_cv:/home/potato/fishbot_ws/install/fishbot_description:/opt/ros/humble LD_LIBRARY_PATH=/home/potato/ros2_ws/install/learning_interface/lib:/home/potato/dev_ws/install/learning_interface/lib:/usr/lib/x86_64-linux-gnu/gazebo-11/plugins:/opt/ros/humble/opt/rviz_ogre_vendor/lib:/opt/ros/humble/lib/x86_64-linux-gnu:/opt/ros/humble/lib:/usr/share/gazebo/../../lib/x86_64-linux-gnu/gazebo-11/plugins PYTHONPATH=/home/potato/ros2_ws/install/learning_interface/local/lib/python3.10/dist-packages:${PYTHONPATH} /usr/bin/cmake --build /home/potato/ros2_ws/build/learning_service_cpp -- -j4 -l4
[9.780s] Invoking command in '/home/potato/ros2_ws/build/learning_service_cpp': AMENT_PREFIX_PATH=/home/potato/ros2_ws/install/learning_interface:${AMENT_PREFIX_PATH} CMAKE_PREFIX_PATH=/home/potato/ros2_ws/install/learning_interface:/home/potato/ros2/src/cychuankou/install/cychuankou:/home/potato/dev_ws/install/learning_topic_cpp:/home/potato/dev_ws/install/learning_tf_cpp:/home/potato/dev_ws/install/learning_service_cpp:/home/potato/dev_ws/install/learning_pkg_c:/home/potato/dev_ws/install/learning_parameter_cpp:/home/potato/dev_ws/install/learning_node_cpp:/home/potato/dev_ws/install/learning_action_cpp:/home/potato/dev_ws/install/learning_interface:/home/potato/dev_ws/install/learning_urdf:/home/potato/dev_ws/install/learning_topic:/home/potato/dev_ws/install/learning_tf:/home/potato/dev_ws/install/learning_service:/home/potato/dev_ws/install/learning_qos:/home/potato/dev_ws/install/learning_pkg_python:/home/potato/dev_ws/install/learning_parameter:/home/potato/dev_ws/install/learning_node:/home/potato/dev_ws/install/learning_launch:/home/potato/dev_ws/install/learning_action:/home/potato/dev_ws/install/learning_gazebo_harmonic:/home/potato/dev_ws/install/learning_gazebo:/home/potato/dev_ws/install/learning_cv:/home/potato/fishbot_ws/install/fishbot_description:/opt/ros/humble LD_LIBRARY_PATH=/home/potato/ros2_ws/install/learning_interface/lib:/home/potato/dev_ws/install/learning_interface/lib:/usr/lib/x86_64-linux-gnu/gazebo-11/plugins:/opt/ros/humble/opt/rviz_ogre_vendor/lib:/opt/ros/humble/lib/x86_64-linux-gnu:/opt/ros/humble/lib:/usr/share/gazebo/../../lib/x86_64-linux-gnu/gazebo-11/plugins PYTHONPATH=/home/potato/ros2_ws/install/learning_interface/local/lib/python3.10/dist-packages:${PYTHONPATH} /usr/bin/cmake --install /home/potato/ros2_ws/build/learning_service_cpp
[9.786s] -- Install configuration: ""
[9.787s] -- Installing: /home/potato/ros2_ws/install/learning_service_cpp/lib/learning_service_cpp/service_adder_server
[9.787s] -- Set runtime path of "/home/potato/ros2_ws/install/learning_service_cpp/lib/learning_service_cpp/service_adder_server" to ""
[9.787s] -- Installing: /home/potato/ros2_ws/install/learning_service_cpp/lib/learning_service_cpp/service_adder_client
[9.788s] -- Set runtime path of "/home/potato/ros2_ws/install/learning_service_cpp/lib/learning_service_cpp/service_adder_client" to ""
[9.788s] -- Installing: /home/potato/ros2_ws/install/learning_service_cpp/share/ament_index/resource_index/package_run_dependencies/learning_service_cpp
[9.788s] -- Installing: /home/potato/ros2_ws/install/learning_service_cpp/share/ament_index/resource_index/parent_prefix_path/learning_service_cpp
[9.788s] -- Installing: /home/potato/ros2_ws/install/learning_service_cpp/share/learning_service_cpp/environment/ament_prefix_path.sh
[9.788s] -- Installing: /home/potato/ros2_ws/install/learning_service_cpp/share/learning_service_cpp/environment/ament_prefix_path.dsv
[9.789s] -- Installing: /home/potato/ros2_ws/install/learning_service_cpp/share/learning_service_cpp/environment/path.sh
[9.789s] -- Installing: /home/potato/ros2_ws/install/learning_service_cpp/share/learning_service_cpp/environment/path.dsv
[9.789s] -- Installing: /home/potato/ros2_ws/install/learning_service_cpp/share/learning_service_cpp/local_setup.bash
[9.789s] -- Installing: /home/potato/ros2_ws/install/learning_service_cpp/share/learning_service_cpp/local_setup.sh
[9.789s] -- Installing: /home/potato/ros2_ws/install/learning_service_cpp/share/learning_service_cpp/local_setup.zsh
[9.789s] -- Installing: /home/potato/ros2_ws/install/learning_service_cpp/share/learning_service_cpp/local_setup.dsv
[9.789s] -- Installing: /home/potato/ros2_ws/install/learning_service_cpp/share/learning_service_cpp/package.dsv
[9.789s] -- Installing: /home/potato/ros2_ws/install/learning_service_cpp/share/ament_index/resource_index/packages/learning_service_cpp
[9.790s] -- Installing: /home/potato/ros2_ws/install/learning_service_cpp/share/learning_service_cpp/cmake/learning_service_cppConfig.cmake
[9.790s] -- Installing: /home/potato/ros2_ws/install/learning_service_cpp/share/learning_service_cpp/cmake/learning_service_cppConfig-version.cmake
[9.790s] -- Installing: /home/potato/ros2_ws/install/learning_service_cpp/share/learning_service_cpp/package.xml
[9.792s] Invoked command in '/home/potato/ros2_ws/build/learning_service_cpp' returned '0': AMENT_PREFIX_PATH=/home/potato/ros2_ws/install/learning_interface:${AMENT_PREFIX_PATH} CMAKE_PREFIX_PATH=/home/potato/ros2_ws/install/learning_interface:/home/potato/ros2/src/cychuankou/install/cychuankou:/home/potato/dev_ws/install/learning_topic_cpp:/home/potato/dev_ws/install/learning_tf_cpp:/home/potato/dev_ws/install/learning_service_cpp:/home/potato/dev_ws/install/learning_pkg_c:/home/potato/dev_ws/install/learning_parameter_cpp:/home/potato/dev_ws/install/learning_node_cpp:/home/potato/dev_ws/install/learning_action_cpp:/home/potato/dev_ws/install/learning_interface:/home/potato/dev_ws/install/learning_urdf:/home/potato/dev_ws/install/learning_topic:/home/potato/dev_ws/install/learning_tf:/home/potato/dev_ws/install/learning_service:/home/potato/dev_ws/install/learning_qos:/home/potato/dev_ws/install/learning_pkg_python:/home/potato/dev_ws/install/learning_parameter:/home/potato/dev_ws/install/learning_node:/home/potato/dev_ws/install/learning_launch:/home/potato/dev_ws/install/learning_action:/home/potato/dev_ws/install/learning_gazebo_harmonic:/home/potato/dev_ws/install/learning_gazebo:/home/potato/dev_ws/install/learning_cv:/home/potato/fishbot_ws/install/fishbot_description:/opt/ros/humble LD_LIBRARY_PATH=/home/potato/ros2_ws/install/learning_interface/lib:/home/potato/dev_ws/install/learning_interface/lib:/usr/lib/x86_64-linux-gnu/gazebo-11/plugins:/opt/ros/humble/opt/rviz_ogre_vendor/lib:/opt/ros/humble/lib/x86_64-linux-gnu:/opt/ros/humble/lib:/usr/share/gazebo/../../lib/x86_64-linux-gnu/gazebo-11/plugins PYTHONPATH=/home/potato/ros2_ws/install/learning_interface/local/lib/python3.10/dist-packages:${PYTHONPATH} /usr/bin/cmake --install /home/potato/ros2_ws/build/learning_service_cpp
