[0.050s] Invoking command in '/home/potato/ros2_ws/build/learning_action_cpp': AMENT_PREFIX_PATH=/home/potato/ros2_ws/install/learning_interface:${AMENT_PREFIX_PATH} CMAKE_PREFIX_PATH=/home/potato/ros2_ws/install/learning_interface:/home/potato/ros2/src/cychuankou/install/cychuankou:/home/potato/dev_ws/install/learning_topic_cpp:/home/potato/dev_ws/install/learning_tf_cpp:/home/potato/dev_ws/install/learning_service_cpp:/home/potato/dev_ws/install/learning_pkg_c:/home/potato/dev_ws/install/learning_parameter_cpp:/home/potato/dev_ws/install/learning_node_cpp:/home/potato/dev_ws/install/learning_action_cpp:/home/potato/dev_ws/install/learning_interface:/home/potato/dev_ws/install/learning_urdf:/home/potato/dev_ws/install/learning_topic:/home/potato/dev_ws/install/learning_tf:/home/potato/dev_ws/install/learning_service:/home/potato/dev_ws/install/learning_qos:/home/potato/dev_ws/install/learning_pkg_python:/home/potato/dev_ws/install/learning_parameter:/home/potato/dev_ws/install/learning_node:/home/potato/dev_ws/install/learning_launch:/home/potato/dev_ws/install/learning_action:/home/potato/dev_ws/install/learning_gazebo_harmonic:/home/potato/dev_ws/install/learning_gazebo:/home/potato/dev_ws/install/learning_cv:/home/potato/fishbot_ws/install/fishbot_description:/opt/ros/humble LD_LIBRARY_PATH=/home/potato/ros2_ws/install/learning_interface/lib:/home/potato/dev_ws/install/learning_interface/lib:/usr/lib/x86_64-linux-gnu/gazebo-11/plugins:/opt/ros/humble/opt/rviz_ogre_vendor/lib:/opt/ros/humble/lib/x86_64-linux-gnu:/opt/ros/humble/lib:/usr/share/gazebo/../../lib/x86_64-linux-gnu/gazebo-11/plugins PYTHONPATH=/home/potato/ros2_ws/install/learning_interface/local/lib/python3.10/dist-packages:${PYTHONPATH} /usr/bin/cmake /home/potato/ros2_ws/src/ros2_21_tutorials/learning_action_cpp -DCMAKE_INSTALL_PREFIX=/home/potato/ros2_ws/install/learning_action_cpp
[0.222s] -- The C compiler identification is GNU 11.4.0
[0.340s] -- The CXX compiler identification is GNU 11.4.0
[0.357s] -- Detecting C compiler ABI info
[0.530s] -- Detecting C compiler ABI info - done
[0.534s] -- Check for working C compiler: /usr/bin/cc - skipped
[0.536s] -- Detecting C compile features
[0.536s] -- Detecting C compile features - done
[0.544s] -- Detecting CXX compiler ABI info
[0.774s] -- Detecting CXX compiler ABI info - done
[0.777s] -- Check for working CXX compiler: /usr/bin/c++ - skipped
[0.777s] -- Detecting CXX compile features
[0.777s] -- Detecting CXX compile features - done
[0.795s] -- Found ament_cmake: 1.3.10 (/opt/ros/humble/share/ament_cmake/cmake)
[1.186s] -- Found Python3: /usr/bin/python3 (found version "3.10.12") found components: Interpreter 
[1.362s] -- Found rclcpp: 16.0.10 (/opt/ros/humble/share/rclcpp/cmake)
[1.436s] -- Found rosidl_generator_c: 3.1.5 (/opt/ros/humble/share/rosidl_generator_c/cmake)
[1.458s] -- Found rosidl_adapter: 3.1.5 (/opt/ros/humble/share/rosidl_adapter/cmake)
[1.466s] -- Found rosidl_generator_cpp: 3.1.5 (/opt/ros/humble/share/rosidl_generator_cpp/cmake)
[1.499s] -- Using all available rosidl_typesupport_c: rosidl_typesupport_fastrtps_c;rosidl_typesupport_introspection_c
[1.528s] -- Using all available rosidl_typesupport_cpp: rosidl_typesupport_fastrtps_cpp;rosidl_typesupport_introspection_cpp
[1.742s] -- Found rmw_implementation_cmake: 6.1.2 (/opt/ros/humble/share/rmw_implementation_cmake/cmake)
[1.796s] -- Found rmw_fastrtps_cpp: 6.2.7 (/opt/ros/humble/share/rmw_fastrtps_cpp/cmake)
[2.180s] -- Found OpenSSL: /usr/lib/x86_64-linux-gnu/libcrypto.so (found version "3.0.2")  
[2.261s] -- Found FastRTPS: /opt/ros/humble/include  
[2.385s] -- Using RMW implementation 'rmw_fastrtps_cpp' as default
[2.420s] -- Looking for pthread.h
[2.768s] -- Looking for pthread.h - found
[2.768s] -- Performing Test CMAKE_HAVE_LIBC_PTHREAD
[2.845s] -- Performing Test CMAKE_HAVE_LIBC_PTHREAD - Success
[2.847s] -- Found Threads: TRUE  
[3.246s] -- Found rclcpp_action: 16.0.10 (/opt/ros/humble/share/rclcpp_action/cmake)
[3.465s] -- Found learning_interface: 0.0.0 (/home/potato/ros2_ws/install/learning_interface/share/learning_interface/cmake)
[3.520s] -- Found ament_lint_auto: 0.12.11 (/opt/ros/humble/share/ament_lint_auto/cmake)
[3.793s] -- Added test 'cppcheck' to perform static code analysis on C / C++ code
[3.794s] -- Configured cppcheck include dirs: 
[3.794s] -- Configured cppcheck exclude dirs and/or files: 
[3.798s] -- Added test 'lint_cmake' to check CMake code style
[3.801s] -- Added test 'uncrustify' to check C / C++ code style
[3.801s] -- Configured uncrustify additional arguments: 
[3.803s] -- Added test 'xmllint' to check XML markup files
[3.808s] -- Configuring done
[3.833s] -- Generating done
[3.844s] -- Build files have been written to: /home/potato/ros2_ws/build/learning_action_cpp
[3.912s] Invoked command in '/home/potato/ros2_ws/build/learning_action_cpp' returned '0': AMENT_PREFIX_PATH=/home/potato/ros2_ws/install/learning_interface:${AMENT_PREFIX_PATH} CMAKE_PREFIX_PATH=/home/potato/ros2_ws/install/learning_interface:/home/potato/ros2/src/cychuankou/install/cychuankou:/home/potato/dev_ws/install/learning_topic_cpp:/home/potato/dev_ws/install/learning_tf_cpp:/home/potato/dev_ws/install/learning_service_cpp:/home/potato/dev_ws/install/learning_pkg_c:/home/potato/dev_ws/install/learning_parameter_cpp:/home/potato/dev_ws/install/learning_node_cpp:/home/potato/dev_ws/install/learning_action_cpp:/home/potato/dev_ws/install/learning_interface:/home/potato/dev_ws/install/learning_urdf:/home/potato/dev_ws/install/learning_topic:/home/potato/dev_ws/install/learning_tf:/home/potato/dev_ws/install/learning_service:/home/potato/dev_ws/install/learning_qos:/home/potato/dev_ws/install/learning_pkg_python:/home/potato/dev_ws/install/learning_parameter:/home/potato/dev_ws/install/learning_node:/home/potato/dev_ws/install/learning_launch:/home/potato/dev_ws/install/learning_action:/home/potato/dev_ws/install/learning_gazebo_harmonic:/home/potato/dev_ws/install/learning_gazebo:/home/potato/dev_ws/install/learning_cv:/home/potato/fishbot_ws/install/fishbot_description:/opt/ros/humble LD_LIBRARY_PATH=/home/potato/ros2_ws/install/learning_interface/lib:/home/potato/dev_ws/install/learning_interface/lib:/usr/lib/x86_64-linux-gnu/gazebo-11/plugins:/opt/ros/humble/opt/rviz_ogre_vendor/lib:/opt/ros/humble/lib/x86_64-linux-gnu:/opt/ros/humble/lib:/usr/share/gazebo/../../lib/x86_64-linux-gnu/gazebo-11/plugins PYTHONPATH=/home/potato/ros2_ws/install/learning_interface/local/lib/python3.10/dist-packages:${PYTHONPATH} /usr/bin/cmake /home/potato/ros2_ws/src/ros2_21_tutorials/learning_action_cpp -DCMAKE_INSTALL_PREFIX=/home/potato/ros2_ws/install/learning_action_cpp
[3.912s] Invoking command in '/home/potato/ros2_ws/build/learning_action_cpp': AMENT_PREFIX_PATH=/home/potato/ros2_ws/install/learning_interface:${AMENT_PREFIX_PATH} CMAKE_PREFIX_PATH=/home/potato/ros2_ws/install/learning_interface:/home/potato/ros2/src/cychuankou/install/cychuankou:/home/potato/dev_ws/install/learning_topic_cpp:/home/potato/dev_ws/install/learning_tf_cpp:/home/potato/dev_ws/install/learning_service_cpp:/home/potato/dev_ws/install/learning_pkg_c:/home/potato/dev_ws/install/learning_parameter_cpp:/home/potato/dev_ws/install/learning_node_cpp:/home/potato/dev_ws/install/learning_action_cpp:/home/potato/dev_ws/install/learning_interface:/home/potato/dev_ws/install/learning_urdf:/home/potato/dev_ws/install/learning_topic:/home/potato/dev_ws/install/learning_tf:/home/potato/dev_ws/install/learning_service:/home/potato/dev_ws/install/learning_qos:/home/potato/dev_ws/install/learning_pkg_python:/home/potato/dev_ws/install/learning_parameter:/home/potato/dev_ws/install/learning_node:/home/potato/dev_ws/install/learning_launch:/home/potato/dev_ws/install/learning_action:/home/potato/dev_ws/install/learning_gazebo_harmonic:/home/potato/dev_ws/install/learning_gazebo:/home/potato/dev_ws/install/learning_cv:/home/potato/fishbot_ws/install/fishbot_description:/opt/ros/humble LD_LIBRARY_PATH=/home/potato/ros2_ws/install/learning_interface/lib:/home/potato/dev_ws/install/learning_interface/lib:/usr/lib/x86_64-linux-gnu/gazebo-11/plugins:/opt/ros/humble/opt/rviz_ogre_vendor/lib:/opt/ros/humble/lib/x86_64-linux-gnu:/opt/ros/humble/lib:/usr/share/gazebo/../../lib/x86_64-linux-gnu/gazebo-11/plugins PYTHONPATH=/home/potato/ros2_ws/install/learning_interface/local/lib/python3.10/dist-packages:${PYTHONPATH} /usr/bin/cmake --build /home/potato/ros2_ws/build/learning_action_cpp -- -j4 -l4
[4.059s] [ 25%] [32mBuilding CXX object CMakeFiles/action_move_server.dir/src/action_move_server.cpp.o[0m
[4.076s] [ 50%] [32mBuilding CXX object CMakeFiles/action_move_client.dir/src/action_move_client.cpp.o[0m
[11.799s] [ 75%] [32m[1mLinking CXX executable action_move_server[0m
[12.167s] [ 75%] Built target action_move_server
[12.235s] [100%] [32m[1mLinking CXX executable action_move_client[0m
[12.513s] [100%] Built target action_move_client
[12.534s] Invoked command in '/home/potato/ros2_ws/build/learning_action_cpp' returned '0': AMENT_PREFIX_PATH=/home/potato/ros2_ws/install/learning_interface:${AMENT_PREFIX_PATH} CMAKE_PREFIX_PATH=/home/potato/ros2_ws/install/learning_interface:/home/potato/ros2/src/cychuankou/install/cychuankou:/home/potato/dev_ws/install/learning_topic_cpp:/home/potato/dev_ws/install/learning_tf_cpp:/home/potato/dev_ws/install/learning_service_cpp:/home/potato/dev_ws/install/learning_pkg_c:/home/potato/dev_ws/install/learning_parameter_cpp:/home/potato/dev_ws/install/learning_node_cpp:/home/potato/dev_ws/install/learning_action_cpp:/home/potato/dev_ws/install/learning_interface:/home/potato/dev_ws/install/learning_urdf:/home/potato/dev_ws/install/learning_topic:/home/potato/dev_ws/install/learning_tf:/home/potato/dev_ws/install/learning_service:/home/potato/dev_ws/install/learning_qos:/home/potato/dev_ws/install/learning_pkg_python:/home/potato/dev_ws/install/learning_parameter:/home/potato/dev_ws/install/learning_node:/home/potato/dev_ws/install/learning_launch:/home/potato/dev_ws/install/learning_action:/home/potato/dev_ws/install/learning_gazebo_harmonic:/home/potato/dev_ws/install/learning_gazebo:/home/potato/dev_ws/install/learning_cv:/home/potato/fishbot_ws/install/fishbot_description:/opt/ros/humble LD_LIBRARY_PATH=/home/potato/ros2_ws/install/learning_interface/lib:/home/potato/dev_ws/install/learning_interface/lib:/usr/lib/x86_64-linux-gnu/gazebo-11/plugins:/opt/ros/humble/opt/rviz_ogre_vendor/lib:/opt/ros/humble/lib/x86_64-linux-gnu:/opt/ros/humble/lib:/usr/share/gazebo/../../lib/x86_64-linux-gnu/gazebo-11/plugins PYTHONPATH=/home/potato/ros2_ws/install/learning_interface/local/lib/python3.10/dist-packages:${PYTHONPATH} /usr/bin/cmake --build /home/potato/ros2_ws/build/learning_action_cpp -- -j4 -l4
[12.638s] Invoking command in '/home/potato/ros2_ws/build/learning_action_cpp': AMENT_PREFIX_PATH=/home/potato/ros2_ws/install/learning_interface:${AMENT_PREFIX_PATH} CMAKE_PREFIX_PATH=/home/potato/ros2_ws/install/learning_interface:/home/potato/ros2/src/cychuankou/install/cychuankou:/home/potato/dev_ws/install/learning_topic_cpp:/home/potato/dev_ws/install/learning_tf_cpp:/home/potato/dev_ws/install/learning_service_cpp:/home/potato/dev_ws/install/learning_pkg_c:/home/potato/dev_ws/install/learning_parameter_cpp:/home/potato/dev_ws/install/learning_node_cpp:/home/potato/dev_ws/install/learning_action_cpp:/home/potato/dev_ws/install/learning_interface:/home/potato/dev_ws/install/learning_urdf:/home/potato/dev_ws/install/learning_topic:/home/potato/dev_ws/install/learning_tf:/home/potato/dev_ws/install/learning_service:/home/potato/dev_ws/install/learning_qos:/home/potato/dev_ws/install/learning_pkg_python:/home/potato/dev_ws/install/learning_parameter:/home/potato/dev_ws/install/learning_node:/home/potato/dev_ws/install/learning_launch:/home/potato/dev_ws/install/learning_action:/home/potato/dev_ws/install/learning_gazebo_harmonic:/home/potato/dev_ws/install/learning_gazebo:/home/potato/dev_ws/install/learning_cv:/home/potato/fishbot_ws/install/fishbot_description:/opt/ros/humble LD_LIBRARY_PATH=/home/potato/ros2_ws/install/learning_interface/lib:/home/potato/dev_ws/install/learning_interface/lib:/usr/lib/x86_64-linux-gnu/gazebo-11/plugins:/opt/ros/humble/opt/rviz_ogre_vendor/lib:/opt/ros/humble/lib/x86_64-linux-gnu:/opt/ros/humble/lib:/usr/share/gazebo/../../lib/x86_64-linux-gnu/gazebo-11/plugins PYTHONPATH=/home/potato/ros2_ws/install/learning_interface/local/lib/python3.10/dist-packages:${PYTHONPATH} /usr/bin/cmake --install /home/potato/ros2_ws/build/learning_action_cpp
[12.650s] -- Install configuration: ""
[12.650s] -- Installing: /home/potato/ros2_ws/install/learning_action_cpp/lib/learning_action_cpp/action_move_server
[12.652s] -- Set runtime path of "/home/potato/ros2_ws/install/learning_action_cpp/lib/learning_action_cpp/action_move_server" to ""
[12.652s] -- Installing: /home/potato/ros2_ws/install/learning_action_cpp/lib/learning_action_cpp/action_move_client
[12.654s] -- Set runtime path of "/home/potato/ros2_ws/install/learning_action_cpp/lib/learning_action_cpp/action_move_client" to ""
[12.654s] -- Installing: /home/potato/ros2_ws/install/learning_action_cpp/share/ament_index/resource_index/package_run_dependencies/learning_action_cpp
[12.654s] -- Installing: /home/potato/ros2_ws/install/learning_action_cpp/share/ament_index/resource_index/parent_prefix_path/learning_action_cpp
[12.655s] -- Installing: /home/potato/ros2_ws/install/learning_action_cpp/share/learning_action_cpp/environment/ament_prefix_path.sh
[12.655s] -- Installing: /home/potato/ros2_ws/install/learning_action_cpp/share/learning_action_cpp/environment/ament_prefix_path.dsv
[12.655s] -- Installing: /home/potato/ros2_ws/install/learning_action_cpp/share/learning_action_cpp/environment/path.sh
[12.656s] -- Installing: /home/potato/ros2_ws/install/learning_action_cpp/share/learning_action_cpp/environment/path.dsv
[12.656s] -- Installing: /home/potato/ros2_ws/install/learning_action_cpp/share/learning_action_cpp/local_setup.bash
[12.656s] -- Installing: /home/potato/ros2_ws/install/learning_action_cpp/share/learning_action_cpp/local_setup.sh
[12.656s] -- Installing: /home/potato/ros2_ws/install/learning_action_cpp/share/learning_action_cpp/local_setup.zsh
[12.656s] -- Installing: /home/potato/ros2_ws/install/learning_action_cpp/share/learning_action_cpp/local_setup.dsv
[12.657s] -- Installing: /home/potato/ros2_ws/install/learning_action_cpp/share/learning_action_cpp/package.dsv
[12.657s] -- Installing: /home/potato/ros2_ws/install/learning_action_cpp/share/ament_index/resource_index/packages/learning_action_cpp
[12.657s] -- Installing: /home/potato/ros2_ws/install/learning_action_cpp/share/learning_action_cpp/cmake/learning_action_cppConfig.cmake
[12.657s] -- Installing: /home/potato/ros2_ws/install/learning_action_cpp/share/learning_action_cpp/cmake/learning_action_cppConfig-version.cmake
[12.660s] -- Installing: /home/potato/ros2_ws/install/learning_action_cpp/share/learning_action_cpp/package.xml
[12.665s] Invoked command in '/home/potato/ros2_ws/build/learning_action_cpp' returned '0': AMENT_PREFIX_PATH=/home/potato/ros2_ws/install/learning_interface:${AMENT_PREFIX_PATH} CMAKE_PREFIX_PATH=/home/potato/ros2_ws/install/learning_interface:/home/potato/ros2/src/cychuankou/install/cychuankou:/home/potato/dev_ws/install/learning_topic_cpp:/home/potato/dev_ws/install/learning_tf_cpp:/home/potato/dev_ws/install/learning_service_cpp:/home/potato/dev_ws/install/learning_pkg_c:/home/potato/dev_ws/install/learning_parameter_cpp:/home/potato/dev_ws/install/learning_node_cpp:/home/potato/dev_ws/install/learning_action_cpp:/home/potato/dev_ws/install/learning_interface:/home/potato/dev_ws/install/learning_urdf:/home/potato/dev_ws/install/learning_topic:/home/potato/dev_ws/install/learning_tf:/home/potato/dev_ws/install/learning_service:/home/potato/dev_ws/install/learning_qos:/home/potato/dev_ws/install/learning_pkg_python:/home/potato/dev_ws/install/learning_parameter:/home/potato/dev_ws/install/learning_node:/home/potato/dev_ws/install/learning_launch:/home/potato/dev_ws/install/learning_action:/home/potato/dev_ws/install/learning_gazebo_harmonic:/home/potato/dev_ws/install/learning_gazebo:/home/potato/dev_ws/install/learning_cv:/home/potato/fishbot_ws/install/fishbot_description:/opt/ros/humble LD_LIBRARY_PATH=/home/potato/ros2_ws/install/learning_interface/lib:/home/potato/dev_ws/install/learning_interface/lib:/usr/lib/x86_64-linux-gnu/gazebo-11/plugins:/opt/ros/humble/opt/rviz_ogre_vendor/lib:/opt/ros/humble/lib/x86_64-linux-gnu:/opt/ros/humble/lib:/usr/share/gazebo/../../lib/x86_64-linux-gnu/gazebo-11/plugins PYTHONPATH=/home/potato/ros2_ws/install/learning_interface/local/lib/python3.10/dist-packages:${PYTHONPATH} /usr/bin/cmake --install /home/potato/ros2_ws/build/learning_action_cpp
