[0.011s] Invoking command in '/home/potato/ros2_ws/build/learning_topic_cpp': CMAKE_PREFIX_PATH=${CMAKE_PREFIX_PATH}:/home/potato/dev_ws/install/learning_urdf:/home/potato/dev_ws/install/learning_topic:/home/potato/dev_ws/install/learning_tf:/home/potato/dev_ws/install/learning_service:/home/potato/dev_ws/install/learning_qos:/home/potato/dev_ws/install/learning_pkg_python:/home/potato/dev_ws/install/learning_parameter:/home/potato/dev_ws/install/learning_node:/home/potato/dev_ws/install/learning_launch:/home/potato/dev_ws/install/learning_action:/home/potato/dev_ws/install/learning_gazebo_harmonic:/home/potato/dev_ws/install/learning_gazebo:/home/potato/dev_ws/install/learning_cv:/home/potato/fishbot_ws/install/fishbot_description:/opt/ros/humble /usr/bin/cmake --build /home/potato/ros2_ws/build/learning_topic_cpp -- -j4 -l4
[0.058s] [35m[1mConsolidate compiler generated dependencies of target topic_helloworld_pub[0m
[0.076s] [35m[1mConsolidate compiler generated dependencies of target topic_helloworld_sub[0m
[0.076s] [ 50%] Built target topic_helloworld_pub
[0.090s] [100%] Built target topic_helloworld_sub
[0.263s] Invoked command in '/home/potato/ros2_ws/build/learning_topic_cpp' returned '0': CMAKE_PREFIX_PATH=${CMAKE_PREFIX_PATH}:/home/potato/dev_ws/install/learning_urdf:/home/potato/dev_ws/install/learning_topic:/home/potato/dev_ws/install/learning_tf:/home/potato/dev_ws/install/learning_service:/home/potato/dev_ws/install/learning_qos:/home/potato/dev_ws/install/learning_pkg_python:/home/potato/dev_ws/install/learning_parameter:/home/potato/dev_ws/install/learning_node:/home/potato/dev_ws/install/learning_launch:/home/potato/dev_ws/install/learning_action:/home/potato/dev_ws/install/learning_gazebo_harmonic:/home/potato/dev_ws/install/learning_gazebo:/home/potato/dev_ws/install/learning_cv:/home/potato/fishbot_ws/install/fishbot_description:/opt/ros/humble /usr/bin/cmake --build /home/potato/ros2_ws/build/learning_topic_cpp -- -j4 -l4
[0.501s] Invoking command in '/home/potato/ros2_ws/build/learning_topic_cpp': CMAKE_PREFIX_PATH=${CMAKE_PREFIX_PATH}:/home/potato/dev_ws/install/learning_urdf:/home/potato/dev_ws/install/learning_topic:/home/potato/dev_ws/install/learning_tf:/home/potato/dev_ws/install/learning_service:/home/potato/dev_ws/install/learning_qos:/home/potato/dev_ws/install/learning_pkg_python:/home/potato/dev_ws/install/learning_parameter:/home/potato/dev_ws/install/learning_node:/home/potato/dev_ws/install/learning_launch:/home/potato/dev_ws/install/learning_action:/home/potato/dev_ws/install/learning_gazebo_harmonic:/home/potato/dev_ws/install/learning_gazebo:/home/potato/dev_ws/install/learning_cv:/home/potato/fishbot_ws/install/fishbot_description:/opt/ros/humble /usr/bin/cmake --install /home/potato/ros2_ws/build/learning_topic_cpp
[0.522s] -- Install configuration: ""
[0.522s] -- Up-to-date: /home/potato/ros2_ws/install/learning_topic_cpp/lib/learning_topic_cpp/topic_helloworld_pub
[0.522s] -- Up-to-date: /home/potato/ros2_ws/install/learning_topic_cpp/lib/learning_topic_cpp/topic_helloworld_sub
[0.522s] -- Up-to-date: /home/potato/ros2_ws/install/learning_topic_cpp/share/ament_index/resource_index/package_run_dependencies/learning_topic_cpp
[0.522s] -- Up-to-date: /home/potato/ros2_ws/install/learning_topic_cpp/share/ament_index/resource_index/parent_prefix_path/learning_topic_cpp
[0.522s] -- Up-to-date: /home/potato/ros2_ws/install/learning_topic_cpp/share/learning_topic_cpp/environment/ament_prefix_path.sh
[0.522s] -- Up-to-date: /home/potato/ros2_ws/install/learning_topic_cpp/share/learning_topic_cpp/environment/ament_prefix_path.dsv
[0.522s] -- Up-to-date: /home/potato/ros2_ws/install/learning_topic_cpp/share/learning_topic_cpp/environment/path.sh
[0.522s] -- Up-to-date: /home/potato/ros2_ws/install/learning_topic_cpp/share/learning_topic_cpp/environment/path.dsv
[0.522s] -- Up-to-date: /home/potato/ros2_ws/install/learning_topic_cpp/share/learning_topic_cpp/local_setup.bash
[0.523s] -- Up-to-date: /home/potato/ros2_ws/install/learning_topic_cpp/share/learning_topic_cpp/local_setup.sh
[0.523s] -- Up-to-date: /home/potato/ros2_ws/install/learning_topic_cpp/share/learning_topic_cpp/local_setup.zsh
[0.523s] -- Up-to-date: /home/potato/ros2_ws/install/learning_topic_cpp/share/learning_topic_cpp/local_setup.dsv
[0.523s] -- Installing: /home/potato/ros2_ws/install/learning_topic_cpp/share/learning_topic_cpp/package.dsv
[0.523s] -- Up-to-date: /home/potato/ros2_ws/install/learning_topic_cpp/share/ament_index/resource_index/packages/learning_topic_cpp
[0.523s] -- Up-to-date: /home/potato/ros2_ws/install/learning_topic_cpp/share/learning_topic_cpp/cmake/learning_topic_cppConfig.cmake
[0.523s] -- Up-to-date: /home/potato/ros2_ws/install/learning_topic_cpp/share/learning_topic_cpp/cmake/learning_topic_cppConfig-version.cmake
[0.523s] -- Up-to-date: /home/potato/ros2_ws/install/learning_topic_cpp/share/learning_topic_cpp/package.xml
[0.523s] Invoked command in '/home/potato/ros2_ws/build/learning_topic_cpp' returned '0': CMAKE_PREFIX_PATH=${CMAKE_PREFIX_PATH}:/home/potato/dev_ws/install/learning_urdf:/home/potato/dev_ws/install/learning_topic:/home/potato/dev_ws/install/learning_tf:/home/potato/dev_ws/install/learning_service:/home/potato/dev_ws/install/learning_qos:/home/potato/dev_ws/install/learning_pkg_python:/home/potato/dev_ws/install/learning_parameter:/home/potato/dev_ws/install/learning_node:/home/potato/dev_ws/install/learning_launch:/home/potato/dev_ws/install/learning_action:/home/potato/dev_ws/install/learning_gazebo_harmonic:/home/potato/dev_ws/install/learning_gazebo:/home/potato/dev_ws/install/learning_cv:/home/potato/fishbot_ws/install/fishbot_description:/opt/ros/humble /usr/bin/cmake --install /home/potato/ros2_ws/build/learning_topic_cpp
