[0.530s] Invoking command in '/home/potato/ros2_ws/src/ros2_21_tutorials/learning_launch': PYTHONPATH=/home/potato/ros2_ws/build/learning_launch/prefix_override:/usr/lib/python3/dist-packages/colcon_core/task/python/colcon_distutils_commands:/home/potato/ros2_ws/install/learning_launch/lib/python3.10/site-packages:${PYTHONPATH} /usr/bin/python3 -W ignore:setup.py install is deprecated setup.py egg_info --egg-base ../../../build/learning_launch build --build-base /home/potato/ros2_ws/build/learning_launch/build install --record /home/potato/ros2_ws/build/learning_launch/install.log --single-version-externally-managed install_data
[0.726s] running egg_info
[0.727s] creating ../../../build/learning_launch/learning_launch.egg-info
[0.727s] writing ../../../build/learning_launch/learning_launch.egg-info/PKG-INFO
[0.728s] writing dependency_links to ../../../build/learning_launch/learning_launch.egg-info/dependency_links.txt
[0.728s] writing entry points to ../../../build/learning_launch/learning_launch.egg-info/entry_points.txt
[0.728s] writing requirements to ../../../build/learning_launch/learning_launch.egg-info/requires.txt
[0.728s] writing top-level names to ../../../build/learning_launch/learning_launch.egg-info/top_level.txt
[0.728s] writing manifest file '../../../build/learning_launch/learning_launch.egg-info/SOURCES.txt'
[0.729s] reading manifest file '../../../build/learning_launch/learning_launch.egg-info/SOURCES.txt'
[0.730s] writing manifest file '../../../build/learning_launch/learning_launch.egg-info/SOURCES.txt'
[0.730s] running build
[0.731s] running build_py
[0.734s] creating /home/potato/ros2_ws/build/learning_launch/build
[0.734s] creating /home/potato/ros2_ws/build/learning_launch/build/lib
[0.734s] creating /home/potato/ros2_ws/build/learning_launch/build/lib/learning_launch
[0.734s] copying learning_launch/__init__.py -> /home/potato/ros2_ws/build/learning_launch/build/lib/learning_launch
[0.734s] running install
[0.734s] running install_lib
[0.734s] creating /home/potato/ros2_ws/install/learning_launch/lib/python3.10/site-packages/learning_launch
[0.735s] copying /home/potato/ros2_ws/build/learning_launch/build/lib/learning_launch/__init__.py -> /home/potato/ros2_ws/install/learning_launch/lib/python3.10/site-packages/learning_launch
[0.735s] byte-compiling /home/potato/ros2_ws/install/learning_launch/lib/python3.10/site-packages/learning_launch/__init__.py to __init__.cpython-310.pyc
[0.735s] running install_data
[0.735s] creating /home/potato/ros2_ws/install/learning_launch/share/ament_index
[0.735s] creating /home/potato/ros2_ws/install/learning_launch/share/ament_index/resource_index
[0.735s] creating /home/potato/ros2_ws/install/learning_launch/share/ament_index/resource_index/packages
[0.735s] copying resource/learning_launch -> /home/potato/ros2_ws/install/learning_launch/share/ament_index/resource_index/packages
[0.735s] copying package.xml -> /home/potato/ros2_ws/install/learning_launch/share/learning_launch
[0.735s] creating /home/potato/ros2_ws/install/learning_launch/share/learning_launch/launch
[0.735s] copying launch/parameters_nonamespace.launch.py -> /home/potato/ros2_ws/install/learning_launch/share/learning_launch/launch
[0.735s] copying launch/parameters.launch.py -> /home/potato/ros2_ws/install/learning_launch/share/learning_launch/launch
[0.735s] copying launch/rviz.launch.py -> /home/potato/ros2_ws/install/learning_launch/share/learning_launch/launch
[0.735s] copying launch/parameters_yaml.launch.py -> /home/potato/ros2_ws/install/learning_launch/share/learning_launch/launch
[0.735s] copying launch/remapping.launch.py -> /home/potato/ros2_ws/install/learning_launch/share/learning_launch/launch
[0.735s] copying launch/simple.launch.py -> /home/potato/ros2_ws/install/learning_launch/share/learning_launch/launch
[0.735s] copying launch/namespaces.launch.py -> /home/potato/ros2_ws/install/learning_launch/share/learning_launch/launch
[0.735s] creating /home/potato/ros2_ws/install/learning_launch/share/learning_launch/config
[0.735s] copying config/turtlesim.yaml -> /home/potato/ros2_ws/install/learning_launch/share/learning_launch/config
[0.735s] creating /home/potato/ros2_ws/install/learning_launch/share/learning_launch/rviz
[0.735s] copying rviz/turtle_rviz.rviz -> /home/potato/ros2_ws/install/learning_launch/share/learning_launch/rviz
[0.735s] running install_egg_info
[0.736s] Copying ../../../build/learning_launch/learning_launch.egg-info to /home/potato/ros2_ws/install/learning_launch/lib/python3.10/site-packages/learning_launch-0.0.0-py3.10.egg-info
[0.737s] running install_scripts
[0.757s] writing list of installed files to '/home/potato/ros2_ws/build/learning_launch/install.log'
[0.781s] Invoked command in '/home/potato/ros2_ws/src/ros2_21_tutorials/learning_launch' returned '0': PYTHONPATH=/home/potato/ros2_ws/build/learning_launch/prefix_override:/usr/lib/python3/dist-packages/colcon_core/task/python/colcon_distutils_commands:/home/potato/ros2_ws/install/learning_launch/lib/python3.10/site-packages:${PYTHONPATH} /usr/bin/python3 -W ignore:setup.py install is deprecated setup.py egg_info --egg-base ../../../build/learning_launch build --build-base /home/potato/ros2_ws/build/learning_launch/build install --record /home/potato/ros2_ws/build/learning_launch/install.log --single-version-externally-managed install_data
