[1.690s] Invoking command in '/home/potato/ros2_ws/src/ros2_21_tutorials/learning_action': AMENT_PREFIX_PATH=/home/potato/ros2_ws/install/learning_interface:${AMENT_PREFIX_PATH} CMAKE_PREFIX_PATH=/home/potato/ros2_ws/install/learning_interface:${CMAKE_PREFIX_PATH} LD_LIBRARY_PATH=/home/potato/ros2_ws/install/learning_interface/lib:/home/potato/dev_ws/install/learning_interface/lib:/usr/lib/x86_64-linux-gnu/gazebo-11/plugins:/opt/ros/humble/opt/rviz_ogre_vendor/lib:/opt/ros/humble/lib/x86_64-linux-gnu:/opt/ros/humble/lib:/usr/share/gazebo/../../lib/x86_64-linux-gnu/gazebo-11/plugins PYTHONPATH=/home/potato/ros2_ws/build/learning_action/prefix_override:/usr/lib/python3/dist-packages/colcon_core/task/python/colcon_distutils_commands:/home/potato/ros2_ws/install/learning_action/lib/python3.10/site-packages:/home/potato/ros2_ws/install/learning_interface/local/lib/python3.10/dist-packages:${PYTHONPATH} /usr/bin/python3 -W ignore:setup.py install is deprecated setup.py egg_info --egg-base ../../../build/learning_action build --build-base /home/potato/ros2_ws/build/learning_action/build install --record /home/potato/ros2_ws/build/learning_action/install.log --single-version-externally-managed install_data
[2.280s] running egg_info
[2.281s] creating ../../../build/learning_action/learning_action.egg-info
[2.288s] writing ../../../build/learning_action/learning_action.egg-info/PKG-INFO
[2.288s] writing dependency_links to ../../../build/learning_action/learning_action.egg-info/dependency_links.txt
[2.288s] writing entry points to ../../../build/learning_action/learning_action.egg-info/entry_points.txt
[2.288s] writing requirements to ../../../build/learning_action/learning_action.egg-info/requires.txt
[2.288s] writing top-level names to ../../../build/learning_action/learning_action.egg-info/top_level.txt
[2.288s] writing manifest file '../../../build/learning_action/learning_action.egg-info/SOURCES.txt'
[2.297s] reading manifest file '../../../build/learning_action/learning_action.egg-info/SOURCES.txt'
[2.298s] writing manifest file '../../../build/learning_action/learning_action.egg-info/SOURCES.txt'
[2.298s] running build
[2.300s] running build_py
[2.300s] creating /home/potato/ros2_ws/build/learning_action/build
[2.300s] creating /home/potato/ros2_ws/build/learning_action/build/lib
[2.300s] creating /home/potato/ros2_ws/build/learning_action/build/lib/learning_action
[2.300s] copying learning_action/action_move_client.py -> /home/potato/ros2_ws/build/learning_action/build/lib/learning_action
[2.331s] copying learning_action/__init__.py -> /home/potato/ros2_ws/build/learning_action/build/lib/learning_action
[2.331s] copying learning_action/action_move_server.py -> /home/potato/ros2_ws/build/learning_action/build/lib/learning_action
[2.331s] running install
[2.333s] running install_lib
[2.334s] creating /home/potato/ros2_ws/install/learning_action/lib/python3.10/site-packages/learning_action
[2.334s] copying /home/potato/ros2_ws/build/learning_action/build/lib/learning_action/action_move_client.py -> /home/potato/ros2_ws/install/learning_action/lib/python3.10/site-packages/learning_action
[2.334s] copying /home/potato/ros2_ws/build/learning_action/build/lib/learning_action/__init__.py -> /home/potato/ros2_ws/install/learning_action/lib/python3.10/site-packages/learning_action
[2.334s] copying /home/potato/ros2_ws/build/learning_action/build/lib/learning_action/action_move_server.py -> /home/potato/ros2_ws/install/learning_action/lib/python3.10/site-packages/learning_action
[2.334s] byte-compiling /home/potato/ros2_ws/install/learning_action/lib/python3.10/site-packages/learning_action/action_move_client.py to action_move_client.cpython-310.pyc
[2.335s] byte-compiling /home/potato/ros2_ws/install/learning_action/lib/python3.10/site-packages/learning_action/__init__.py to __init__.cpython-310.pyc
[2.336s] byte-compiling /home/potato/ros2_ws/install/learning_action/lib/python3.10/site-packages/learning_action/action_move_server.py to action_move_server.cpython-310.pyc
[2.336s] running install_data
[2.337s] creating /home/potato/ros2_ws/install/learning_action/share/ament_index
[2.337s] creating /home/potato/ros2_ws/install/learning_action/share/ament_index/resource_index
[2.337s] creating /home/potato/ros2_ws/install/learning_action/share/ament_index/resource_index/packages
[2.337s] copying resource/learning_action -> /home/potato/ros2_ws/install/learning_action/share/ament_index/resource_index/packages
[2.337s] copying package.xml -> /home/potato/ros2_ws/install/learning_action/share/learning_action
[2.337s] running install_egg_info
[2.341s] Copying ../../../build/learning_action/learning_action.egg-info to /home/potato/ros2_ws/install/learning_action/lib/python3.10/site-packages/learning_action-0.0.0-py3.10.egg-info
[2.341s] running install_scripts
[2.399s] Installing action_move_client script to /home/potato/ros2_ws/install/learning_action/lib/learning_action
[2.400s] Installing action_move_server script to /home/potato/ros2_ws/install/learning_action/lib/learning_action
[2.417s] writing list of installed files to '/home/potato/ros2_ws/build/learning_action/install.log'
[2.451s] Invoked command in '/home/potato/ros2_ws/src/ros2_21_tutorials/learning_action' returned '0': AMENT_PREFIX_PATH=/home/potato/ros2_ws/install/learning_interface:${AMENT_PREFIX_PATH} CMAKE_PREFIX_PATH=/home/potato/ros2_ws/install/learning_interface:${CMAKE_PREFIX_PATH} LD_LIBRARY_PATH=/home/potato/ros2_ws/install/learning_interface/lib:/home/potato/dev_ws/install/learning_interface/lib:/usr/lib/x86_64-linux-gnu/gazebo-11/plugins:/opt/ros/humble/opt/rviz_ogre_vendor/lib:/opt/ros/humble/lib/x86_64-linux-gnu:/opt/ros/humble/lib:/usr/share/gazebo/../../lib/x86_64-linux-gnu/gazebo-11/plugins PYTHONPATH=/home/potato/ros2_ws/build/learning_action/prefix_override:/usr/lib/python3/dist-packages/colcon_core/task/python/colcon_distutils_commands:/home/potato/ros2_ws/install/learning_action/lib/python3.10/site-packages:/home/potato/ros2_ws/install/learning_interface/local/lib/python3.10/dist-packages:${PYTHONPATH} /usr/bin/python3 -W ignore:setup.py install is deprecated setup.py egg_info --egg-base ../../../build/learning_action build --build-base /home/potato/ros2_ws/build/learning_action/build install --record /home/potato/ros2_ws/build/learning_action/install.log --single-version-externally-managed install_data
