[0.750s] Invoking command in '/home/potato/ros2_ws/src/ros2_21_tutorials/learning_tf': PYTHONPATH=/home/potato/ros2_ws/build/learning_tf/prefix_override:/usr/lib/python3/dist-packages/colcon_core/task/python/colcon_distutils_commands:/home/potato/ros2_ws/install/learning_tf/lib/python3.10/site-packages:${PYTHONPATH} /usr/bin/python3 -W ignore:setup.py install is deprecated setup.py egg_info --egg-base ../../../build/learning_tf build --build-base /home/potato/ros2_ws/build/learning_tf/build install --record /home/potato/ros2_ws/build/learning_tf/install.log --single-version-externally-managed install_data
[1.482s] running egg_info
[1.483s] creating ../../../build/learning_tf/learning_tf.egg-info
[1.484s] writing ../../../build/learning_tf/learning_tf.egg-info/PKG-INFO
[1.484s] writing dependency_links to ../../../build/learning_tf/learning_tf.egg-info/dependency_links.txt
[1.485s] writing entry points to ../../../build/learning_tf/learning_tf.egg-info/entry_points.txt
[1.485s] writing requirements to ../../../build/learning_tf/learning_tf.egg-info/requires.txt
[1.485s] writing top-level names to ../../../build/learning_tf/learning_tf.egg-info/top_level.txt
[1.486s] writing manifest file '../../../build/learning_tf/learning_tf.egg-info/SOURCES.txt'
[1.490s] reading manifest file '../../../build/learning_tf/learning_tf.egg-info/SOURCES.txt'
[1.491s] writing manifest file '../../../build/learning_tf/learning_tf.egg-info/SOURCES.txt'
[1.492s] running build
[1.492s] running build_py
[1.493s] creating /home/potato/ros2_ws/build/learning_tf/build
[1.494s] creating /home/potato/ros2_ws/build/learning_tf/build/lib
[1.494s] creating /home/potato/ros2_ws/build/learning_tf/build/lib/learning_tf
[1.494s] copying learning_tf/turtle_tf_broadcaster.py -> /home/potato/ros2_ws/build/learning_tf/build/lib/learning_tf
[1.495s] copying learning_tf/__init__.py -> /home/potato/ros2_ws/build/learning_tf/build/lib/learning_tf
[1.495s] copying learning_tf/tf_listener.py -> /home/potato/ros2_ws/build/learning_tf/build/lib/learning_tf
[1.495s] copying learning_tf/static_tf_broadcaster.py -> /home/potato/ros2_ws/build/learning_tf/build/lib/learning_tf
[1.495s] copying learning_tf/turtle_following.py -> /home/potato/ros2_ws/build/learning_tf/build/lib/learning_tf
[1.496s] running install
[1.498s] running install_lib
[1.498s] creating /home/potato/ros2_ws/install/learning_tf/lib/python3.10/site-packages/learning_tf
[1.499s] copying /home/potato/ros2_ws/build/learning_tf/build/lib/learning_tf/turtle_tf_broadcaster.py -> /home/potato/ros2_ws/install/learning_tf/lib/python3.10/site-packages/learning_tf
[1.499s] copying /home/potato/ros2_ws/build/learning_tf/build/lib/learning_tf/__init__.py -> /home/potato/ros2_ws/install/learning_tf/lib/python3.10/site-packages/learning_tf
[1.499s] copying /home/potato/ros2_ws/build/learning_tf/build/lib/learning_tf/tf_listener.py -> /home/potato/ros2_ws/install/learning_tf/lib/python3.10/site-packages/learning_tf
[1.499s] copying /home/potato/ros2_ws/build/learning_tf/build/lib/learning_tf/static_tf_broadcaster.py -> /home/potato/ros2_ws/install/learning_tf/lib/python3.10/site-packages/learning_tf
[1.499s] copying /home/potato/ros2_ws/build/learning_tf/build/lib/learning_tf/turtle_following.py -> /home/potato/ros2_ws/install/learning_tf/lib/python3.10/site-packages/learning_tf
[1.501s] byte-compiling /home/potato/ros2_ws/install/learning_tf/lib/python3.10/site-packages/learning_tf/turtle_tf_broadcaster.py to turtle_tf_broadcaster.cpython-310.pyc
[1.503s] byte-compiling /home/potato/ros2_ws/install/learning_tf/lib/python3.10/site-packages/learning_tf/__init__.py to __init__.cpython-310.pyc
[1.503s] byte-compiling /home/potato/ros2_ws/install/learning_tf/lib/python3.10/site-packages/learning_tf/tf_listener.py to tf_listener.cpython-310.pyc
[1.505s] byte-compiling /home/potato/ros2_ws/install/learning_tf/lib/python3.10/site-packages/learning_tf/static_tf_broadcaster.py to static_tf_broadcaster.cpython-310.pyc
[1.505s] byte-compiling /home/potato/ros2_ws/install/learning_tf/lib/python3.10/site-packages/learning_tf/turtle_following.py to turtle_following.cpython-310.pyc
[1.513s] running install_data
[1.513s] creating /home/potato/ros2_ws/install/learning_tf/share/ament_index
[1.516s] creating /home/potato/ros2_ws/install/learning_tf/share/ament_index/resource_index
[1.516s] creating /home/potato/ros2_ws/install/learning_tf/share/ament_index/resource_index/packages
[1.517s] copying resource/learning_tf -> /home/potato/ros2_ws/install/learning_tf/share/ament_index/resource_index/packages
[1.517s] copying package.xml -> /home/potato/ros2_ws/install/learning_tf/share/learning_tf
[1.517s] creating /home/potato/ros2_ws/install/learning_tf/share/learning_tf/launch
[1.517s] copying launch/turtle_following_demo.launch.py -> /home/potato/ros2_ws/install/learning_tf/share/learning_tf/launch
[1.517s] running install_egg_info
[1.543s] Copying ../../../build/learning_tf/learning_tf.egg-info to /home/potato/ros2_ws/install/learning_tf/lib/python3.10/site-packages/learning_tf-0.0.0-py3.10.egg-info
[1.543s] running install_scripts
[1.656s] Installing static_tf_broadcaster script to /home/potato/ros2_ws/install/learning_tf/lib/learning_tf
[1.656s] Installing tf_listener script to /home/potato/ros2_ws/install/learning_tf/lib/learning_tf
[1.657s] Installing turtle_following script to /home/potato/ros2_ws/install/learning_tf/lib/learning_tf
[1.657s] Installing turtle_tf_broadcaster script to /home/potato/ros2_ws/install/learning_tf/lib/learning_tf
[1.657s] writing list of installed files to '/home/potato/ros2_ws/build/learning_tf/install.log'
[1.693s] Invoked command in '/home/potato/ros2_ws/src/ros2_21_tutorials/learning_tf' returned '0': PYTHONPATH=/home/potato/ros2_ws/build/learning_tf/prefix_override:/usr/lib/python3/dist-packages/colcon_core/task/python/colcon_distutils_commands:/home/potato/ros2_ws/install/learning_tf/lib/python3.10/site-packages:${PYTHONPATH} /usr/bin/python3 -W ignore:setup.py install is deprecated setup.py egg_info --egg-base ../../../build/learning_tf build --build-base /home/potato/ros2_ws/build/learning_tf/build install --record /home/potato/ros2_ws/build/learning_tf/install.log --single-version-externally-managed install_data
