[1.282s] Invoking command in '/home/potato/ros2_ws/src/ros2_21_tutorials/learning_gazebo': PYTHONPATH=/home/potato/ros2_ws/build/learning_gazebo/prefix_override:/usr/lib/python3/dist-packages/colcon_core/task/python/colcon_distutils_commands:/home/potato/ros2_ws/install/learning_gazebo/lib/python3.10/site-packages:${PYTHONPATH} /usr/bin/python3 -W ignore:setup.py install is deprecated setup.py egg_info --egg-base ../../../build/learning_gazebo build --build-base /home/potato/ros2_ws/build/learning_gazebo/build install --record /home/potato/ros2_ws/build/learning_gazebo/install.log --single-version-externally-managed install_data
[1.501s] running egg_info
[1.501s] writing ../../../build/learning_gazebo/learning_gazebo.egg-info/PKG-INFO
[1.501s] writing dependency_links to ../../../build/learning_gazebo/learning_gazebo.egg-info/dependency_links.txt
[1.501s] writing entry points to ../../../build/learning_gazebo/learning_gazebo.egg-info/entry_points.txt
[1.501s] writing requirements to ../../../build/learning_gazebo/learning_gazebo.egg-info/requires.txt
[1.501s] writing top-level names to ../../../build/learning_gazebo/learning_gazebo.egg-info/top_level.txt
[1.503s] reading manifest file '../../../build/learning_gazebo/learning_gazebo.egg-info/SOURCES.txt'
[1.504s] writing manifest file '../../../build/learning_gazebo/learning_gazebo.egg-info/SOURCES.txt'
[1.504s] running build
[1.504s] running build_py
[1.504s] running install
[1.504s] running install_lib
[1.505s] running install_data
[1.506s] running install_egg_info
[1.509s] removing '/home/potato/ros2_ws/install/learning_gazebo/lib/python3.10/site-packages/learning_gazebo-0.0.0-py3.10.egg-info' (and everything under it)
[1.509s] Copying ../../../build/learning_gazebo/learning_gazebo.egg-info to /home/potato/ros2_ws/install/learning_gazebo/lib/python3.10/site-packages/learning_gazebo-0.0.0-py3.10.egg-info
[1.509s] running install_scripts
[1.529s] writing list of installed files to '/home/potato/ros2_ws/build/learning_gazebo/install.log'
[1.618s] Invoked command in '/home/potato/ros2_ws/src/ros2_21_tutorials/learning_gazebo' returned '0': PYTHONPATH=/home/potato/ros2_ws/build/learning_gazebo/prefix_override:/usr/lib/python3/dist-packages/colcon_core/task/python/colcon_distutils_commands:/home/potato/ros2_ws/install/learning_gazebo/lib/python3.10/site-packages:${PYTHONPATH} /usr/bin/python3 -W ignore:setup.py install is deprecated setup.py egg_info --egg-base ../../../build/learning_gazebo build --build-base /home/potato/ros2_ws/build/learning_gazebo/build install --record /home/potato/ros2_ws/build/learning_gazebo/install.log --single-version-externally-managed install_data
