[0.775s] Invoking command in '/home/potato/ros2_ws/src/ros2_21_tutorials/learning_parameter': PYTHONPATH=/home/potato/ros2_ws/build/learning_parameter/prefix_override:/usr/lib/python3/dist-packages/colcon_core/task/python/colcon_distutils_commands:/home/potato/ros2_ws/install/learning_parameter/lib/python3.10/site-packages:${PYTHONPATH} /usr/bin/python3 -W ignore:setup.py install is deprecated setup.py egg_info --egg-base ../../../build/learning_parameter build --build-base /home/potato/ros2_ws/build/learning_parameter/build install --record /home/potato/ros2_ws/build/learning_parameter/install.log --single-version-externally-managed install_data
[1.008s] running egg_info
[1.008s] writing ../../../build/learning_parameter/learning_parameter.egg-info/PKG-INFO
[1.009s] writing dependency_links to ../../../build/learning_parameter/learning_parameter.egg-info/dependency_links.txt
[1.009s] writing entry points to ../../../build/learning_parameter/learning_parameter.egg-info/entry_points.txt
[1.009s] writing requirements to ../../../build/learning_parameter/learning_parameter.egg-info/requires.txt
[1.009s] writing top-level names to ../../../build/learning_parameter/learning_parameter.egg-info/top_level.txt
[1.011s] reading manifest file '../../../build/learning_parameter/learning_parameter.egg-info/SOURCES.txt'
[1.011s] writing manifest file '../../../build/learning_parameter/learning_parameter.egg-info/SOURCES.txt'
[1.011s] running build
[1.011s] running build_py
[1.017s] running install
[1.017s] running install_lib
[1.017s] running install_data
[1.017s] running install_egg_info
[1.017s] removing '/home/potato/ros2_ws/install/learning_parameter/lib/python3.10/site-packages/learning_parameter-0.0.0-py3.10.egg-info' (and everything under it)
[1.017s] Copying ../../../build/learning_parameter/learning_parameter.egg-info to /home/potato/ros2_ws/install/learning_parameter/lib/python3.10/site-packages/learning_parameter-0.0.0-py3.10.egg-info
[1.017s] running install_scripts
[1.036s] Installing param_declare script to /home/potato/ros2_ws/install/learning_parameter/lib/learning_parameter
[1.036s] Installing param_object_detect script to /home/potato/ros2_ws/install/learning_parameter/lib/learning_parameter
[1.037s] writing list of installed files to '/home/potato/ros2_ws/build/learning_parameter/install.log'
[1.282s] Invoked command in '/home/potato/ros2_ws/src/ros2_21_tutorials/learning_parameter' returned '0': PYTHONPATH=/home/potato/ros2_ws/build/learning_parameter/prefix_override:/usr/lib/python3/dist-packages/colcon_core/task/python/colcon_distutils_commands:/home/potato/ros2_ws/install/learning_parameter/lib/python3.10/site-packages:${PYTHONPATH} /usr/bin/python3 -W ignore:setup.py install is deprecated setup.py egg_info --egg-base ../../../build/learning_parameter build --build-base /home/potato/ros2_ws/build/learning_parameter/build install --record /home/potato/ros2_ws/build/learning_parameter/install.log --single-version-externally-managed install_data
