[0.639s] Invoking command in '/home/potato/ros2_ws/src/ros2_21_tutorials/learning_service': CMAKE_PREFIX_PATH=/home/potato/ros2_ws/install/learning_interface:/home/potato/ros2_ws/install/learning_topic_cpp:/home/potato/ros2_ws/install/learning_tf_cpp:/home/potato/ros2_ws/install/learning_service_cpp:/home/potato/ros2_ws/install/learning_pkg_c:/home/potato/ros2_ws/install/learning_parameter_cpp:/home/potato/ros2_ws/install/learning_node_cpp:/home/potato/ros2_ws/install/learning_action_cpp:/home/potato/ros2/src/cychuankou/install/cychuankou:/home/potato/dev_ws/install/learning_topic_cpp:/home/potato/dev_ws/install/learning_tf_cpp:/home/potato/dev_ws/install/learning_service_cpp:/home/potato/dev_ws/install/learning_pkg_c:/home/potato/dev_ws/install/learning_parameter_cpp:/home/potato/dev_ws/install/learning_node_cpp:/home/potato/dev_ws/install/learning_action_cpp:/home/potato/dev_ws/install/learning_interface LD_LIBRARY_PATH=/home/potato/ros2_ws/install/learning_interface/lib:/home/potato/dev_ws/install/learning_interface/lib:/usr/lib/x86_64-linux-gnu/gazebo-11/plugins:/opt/ros/humble/opt/rviz_ogre_vendor/lib:/opt/ros/humble/lib/x86_64-linux-gnu:/opt/ros/humble/lib:/usr/share/gazebo/../../lib/x86_64-linux-gnu/gazebo-11/plugins PYTHONPATH=/home/potato/ros2_ws/build/learning_service/prefix_override:/usr/lib/python3/dist-packages/colcon_core/task/python/colcon_distutils_commands:/home/potato/ros2_ws/install/learning_service/lib/python3.10/site-packages:${PYTHONPATH} /usr/bin/python3 -W ignore:setup.py install is deprecated setup.py egg_info --egg-base ../../../build/learning_service build --build-base /home/potato/ros2_ws/build/learning_service/build install --record /home/potato/ros2_ws/build/learning_service/install.log --single-version-externally-managed install_data
[0.861s] running egg_info
[0.861s] writing ../../../build/learning_service/learning_service.egg-info/PKG-INFO
[0.861s] writing dependency_links to ../../../build/learning_service/learning_service.egg-info/dependency_links.txt
[0.862s] writing entry points to ../../../build/learning_service/learning_service.egg-info/entry_points.txt
[0.862s] writing requirements to ../../../build/learning_service/learning_service.egg-info/requires.txt
[0.862s] writing top-level names to ../../../build/learning_service/learning_service.egg-info/top_level.txt
[0.865s] reading manifest file '../../../build/learning_service/learning_service.egg-info/SOURCES.txt'
[0.865s] writing manifest file '../../../build/learning_service/learning_service.egg-info/SOURCES.txt'
[0.865s] running build
[0.865s] running build_py
[0.865s] running install
[0.865s] running install_lib
[0.866s] running install_data
[0.866s] running install_egg_info
[0.868s] removing '/home/potato/ros2_ws/install/learning_service/lib/python3.10/site-packages/learning_service-0.0.0-py3.10.egg-info' (and everything under it)
[0.869s] Copying ../../../build/learning_service/learning_service.egg-info to /home/potato/ros2_ws/install/learning_service/lib/python3.10/site-packages/learning_service-0.0.0-py3.10.egg-info
[0.869s] running install_scripts
[0.886s] Installing service_adder_client script to /home/potato/ros2_ws/install/learning_service/lib/learning_service
[0.886s] Installing service_adder_server script to /home/potato/ros2_ws/install/learning_service/lib/learning_service
[0.886s] Installing service_object_client script to /home/potato/ros2_ws/install/learning_service/lib/learning_service
[0.887s] Installing service_object_server script to /home/potato/ros2_ws/install/learning_service/lib/learning_service
[0.887s] writing list of installed files to '/home/potato/ros2_ws/build/learning_service/install.log'
[0.906s] Invoked command in '/home/potato/ros2_ws/src/ros2_21_tutorials/learning_service' returned '0': CMAKE_PREFIX_PATH=/home/potato/ros2_ws/install/learning_interface:/home/potato/ros2_ws/install/learning_topic_cpp:/home/potato/ros2_ws/install/learning_tf_cpp:/home/potato/ros2_ws/install/learning_service_cpp:/home/potato/ros2_ws/install/learning_pkg_c:/home/potato/ros2_ws/install/learning_parameter_cpp:/home/potato/ros2_ws/install/learning_node_cpp:/home/potato/ros2_ws/install/learning_action_cpp:/home/potato/ros2/src/cychuankou/install/cychuankou:/home/potato/dev_ws/install/learning_topic_cpp:/home/potato/dev_ws/install/learning_tf_cpp:/home/potato/dev_ws/install/learning_service_cpp:/home/potato/dev_ws/install/learning_pkg_c:/home/potato/dev_ws/install/learning_parameter_cpp:/home/potato/dev_ws/install/learning_node_cpp:/home/potato/dev_ws/install/learning_action_cpp:/home/potato/dev_ws/install/learning_interface LD_LIBRARY_PATH=/home/potato/ros2_ws/install/learning_interface/lib:/home/potato/dev_ws/install/learning_interface/lib:/usr/lib/x86_64-linux-gnu/gazebo-11/plugins:/opt/ros/humble/opt/rviz_ogre_vendor/lib:/opt/ros/humble/lib/x86_64-linux-gnu:/opt/ros/humble/lib:/usr/share/gazebo/../../lib/x86_64-linux-gnu/gazebo-11/plugins PYTHONPATH=/home/potato/ros2_ws/build/learning_service/prefix_override:/usr/lib/python3/dist-packages/colcon_core/task/python/colcon_distutils_commands:/home/potato/ros2_ws/install/learning_service/lib/python3.10/site-packages:${PYTHONPATH} /usr/bin/python3 -W ignore:setup.py install is deprecated setup.py egg_info --egg-base ../../../build/learning_service build --build-base /home/potato/ros2_ws/build/learning_service/build install --record /home/potato/ros2_ws/build/learning_service/install.log --single-version-externally-managed install_data
