running egg_info
creating ../../../build/learning_gazebo_harmonic/learning_gazebo_harmonic.egg-info
writing ../../../build/learning_gazebo_harmonic/learning_gazebo_harmonic.egg-info/PKG-INFO
writing dependency_links to ../../../build/learning_gazebo_harmonic/learning_gazebo_harmonic.egg-info/dependency_links.txt
writing entry points to ../../../build/learning_gazebo_harmonic/learning_gazebo_harmonic.egg-info/entry_points.txt
writing requirements to ../../../build/learning_gazebo_harmonic/learning_gazebo_harmonic.egg-info/requires.txt
writing top-level names to ../../../build/learning_gazebo_harmonic/learning_gazebo_harmonic.egg-info/top_level.txt
writing manifest file '../../../build/learning_gazebo_harmonic/learning_gazebo_harmonic.egg-info/SOURCES.txt'
reading manifest file '../../../build/learning_gazebo_harmonic/learning_gazebo_harmonic.egg-info/SOURCES.txt'
writing manifest file '../../../build/learning_gazebo_harmonic/learning_gazebo_harmonic.egg-info/SOURCES.txt'
running build
running build_py
creating /home/potato/ros2_ws/build/learning_gazebo_harmonic/build
creating /home/potato/ros2_ws/build/learning_gazebo_harmonic/build/lib
creating /home/potato/ros2_ws/build/learning_gazebo_harmonic/build/lib/learning_gazebo_harmonic
copying learning_gazebo_harmonic/__init__.py -> /home/potato/ros2_ws/build/learning_gazebo_harmonic/build/lib/learning_gazebo_harmonic
running install
running install_lib
creating /home/potato/ros2_ws/install/learning_gazebo_harmonic/lib/python3.10/site-packages/learning_gazebo_harmonic
copying /home/potato/ros2_ws/build/learning_gazebo_harmonic/build/lib/learning_gazebo_harmonic/__init__.py -> /home/potato/ros2_ws/install/learning_gazebo_harmonic/lib/python3.10/site-packages/learning_gazebo_harmonic
byte-compiling /home/potato/ros2_ws/install/learning_gazebo_harmonic/lib/python3.10/site-packages/learning_gazebo_harmonic/__init__.py to __init__.cpython-310.pyc
running install_data
creating /home/potato/ros2_ws/install/learning_gazebo_harmonic/share/ament_index
creating /home/potato/ros2_ws/install/learning_gazebo_harmonic/share/ament_index/resource_index
creating /home/potato/ros2_ws/install/learning_gazebo_harmonic/share/ament_index/resource_index/packages
copying resource/learning_gazebo_harmonic -> /home/potato/ros2_ws/install/learning_gazebo_harmonic/share/ament_index/resource_index/packages
copying package.xml -> /home/potato/ros2_ws/install/learning_gazebo_harmonic/share/learning_gazebo_harmonic
creating /home/potato/ros2_ws/install/learning_gazebo_harmonic/share/learning_gazebo_harmonic/launch
copying launch/load_urdf_into_gazebo_harmonic.launch.py -> /home/potato/ros2_ws/install/learning_gazebo_harmonic/share/learning_gazebo_harmonic/launch
copying launch/load_mbot_camera_into_gazebo_harmonic.launch.py -> /home/potato/ros2_ws/install/learning_gazebo_harmonic/share/learning_gazebo_harmonic/launch
copying launch/load_mbot_lidar_into_gazebo_harmonic.launch.py -> /home/potato/ros2_ws/install/learning_gazebo_harmonic/share/learning_gazebo_harmonic/launch
copying launch/load_mbot_rgbd_into_gazebo_harmonic.launch.py -> /home/potato/ros2_ws/install/learning_gazebo_harmonic/share/learning_gazebo_harmonic/launch
copying launch/load_mbot_rgbd_into_maze_gazebo_harmonic.launch.py -> /home/potato/ros2_ws/install/learning_gazebo_harmonic/share/learning_gazebo_harmonic/launch
copying launch/load_mbot_lidar_into_maze_gazebo_harmonic.launch.py -> /home/potato/ros2_ws/install/learning_gazebo_harmonic/share/learning_gazebo_harmonic/launch
creating /home/potato/ros2_ws/install/learning_gazebo_harmonic/share/learning_gazebo_harmonic/urdf
copying urdf/mbot_base_gazebo_harmonic.xacro -> /home/potato/ros2_ws/install/learning_gazebo_harmonic/share/learning_gazebo_harmonic/urdf
copying urdf/mbot_with_rgbd_gazebo_harmonic.xacro -> /home/potato/ros2_ws/install/learning_gazebo_harmonic/share/learning_gazebo_harmonic/urdf
copying urdf/mbot_with_lidar_gazebo_harmonic.xacro -> /home/potato/ros2_ws/install/learning_gazebo_harmonic/share/learning_gazebo_harmonic/urdf
copying urdf/mbot_with_lidar.sdf -> /home/potato/ros2_ws/install/learning_gazebo_harmonic/share/learning_gazebo_harmonic/urdf
copying urdf/mbot_with_camera_gazebo_harmonic.xacro -> /home/potato/ros2_ws/install/learning_gazebo_harmonic/share/learning_gazebo_harmonic/urdf
copying urdf/mbot_gazebo_harmonic.xacro -> /home/potato/ros2_ws/install/learning_gazebo_harmonic/share/learning_gazebo_harmonic/urdf
creating /home/potato/ros2_ws/install/learning_gazebo_harmonic/share/learning_gazebo_harmonic/urdf/sensors
copying urdf/sensors/camera_gazebo_harmonic.xacro -> /home/potato/ros2_ws/install/learning_gazebo_harmonic/share/learning_gazebo_harmonic/urdf/sensors
copying urdf/sensors/rgbd_gazebo_harmonic.xacro -> /home/potato/ros2_ws/install/learning_gazebo_harmonic/share/learning_gazebo_harmonic/urdf/sensors
copying urdf/sensors/lidar_gazebo_harmonic.xacro -> /home/potato/ros2_ws/install/learning_gazebo_harmonic/share/learning_gazebo_harmonic/urdf/sensors
creating /home/potato/ros2_ws/install/learning_gazebo_harmonic/share/learning_gazebo_harmonic/worlds
copying worlds/depot.sdf -> /home/potato/ros2_ws/install/learning_gazebo_harmonic/share/learning_gazebo_harmonic/worlds
copying worlds/empty.sdf -> /home/potato/ros2_ws/install/learning_gazebo_harmonic/share/learning_gazebo_harmonic/worlds
copying worlds/maze.sdf -> /home/potato/ros2_ws/install/learning_gazebo_harmonic/share/learning_gazebo_harmonic/worlds
creating /home/potato/ros2_ws/install/learning_gazebo_harmonic/share/learning_gazebo_harmonic/rviz
creating /home/potato/ros2_ws/install/learning_gazebo_harmonic/share/learning_gazebo_harmonic/config
copying config/ros_gz_bridge_mbot_camera.yaml -> /home/potato/ros2_ws/install/learning_gazebo_harmonic/share/learning_gazebo_harmonic/config
copying config/ros_gz_bridge_mbot_rgbd.yaml -> /home/potato/ros2_ws/install/learning_gazebo_harmonic/share/learning_gazebo_harmonic/config
copying config/ros_gz_bridge_mbot.yaml -> /home/potato/ros2_ws/install/learning_gazebo_harmonic/share/learning_gazebo_harmonic/config
copying config/ros_gz_bridge_mbot_lidar.yaml -> /home/potato/ros2_ws/install/learning_gazebo_harmonic/share/learning_gazebo_harmonic/config
running install_egg_info
Copying ../../../build/learning_gazebo_harmonic/learning_gazebo_harmonic.egg-info to /home/potato/ros2_ws/install/learning_gazebo_harmonic/lib/python3.10/site-packages/learning_gazebo_harmonic-0.0.0-py3.10.egg-info
running install_scripts
writing list of installed files to '/home/potato/ros2_ws/build/learning_gazebo_harmonic/install.log'
