[1.167s] Invoking command in '/home/potato/ros2_ws/src/ros2_21_tutorials/learning_gazebo_harmonic': PYTHONPATH=/home/potato/ros2_ws/build/learning_gazebo_harmonic/prefix_override:/usr/lib/python3/dist-packages/colcon_core/task/python/colcon_distutils_commands:/home/potato/ros2_ws/install/learning_gazebo_harmonic/lib/python3.10/site-packages:${PYTHONPATH} /usr/bin/python3 -W ignore:setup.py install is deprecated setup.py egg_info --egg-base ../../../build/learning_gazebo_harmonic build --build-base /home/potato/ros2_ws/build/learning_gazebo_harmonic/build install --record /home/potato/ros2_ws/build/learning_gazebo_harmonic/install.log --single-version-externally-managed install_data
[1.369s] running egg_info
[1.369s] creating ../../../build/learning_gazebo_harmonic/learning_gazebo_harmonic.egg-info
[1.369s] writing ../../../build/learning_gazebo_harmonic/learning_gazebo_harmonic.egg-info/PKG-INFO
[1.370s] writing dependency_links to ../../../build/learning_gazebo_harmonic/learning_gazebo_harmonic.egg-info/dependency_links.txt
[1.370s] writing entry points to ../../../build/learning_gazebo_harmonic/learning_gazebo_harmonic.egg-info/entry_points.txt
[1.370s] writing requirements to ../../../build/learning_gazebo_harmonic/learning_gazebo_harmonic.egg-info/requires.txt
[1.370s] writing top-level names to ../../../build/learning_gazebo_harmonic/learning_gazebo_harmonic.egg-info/top_level.txt
[1.370s] writing manifest file '../../../build/learning_gazebo_harmonic/learning_gazebo_harmonic.egg-info/SOURCES.txt'
[1.372s] reading manifest file '../../../build/learning_gazebo_harmonic/learning_gazebo_harmonic.egg-info/SOURCES.txt'
[1.372s] writing manifest file '../../../build/learning_gazebo_harmonic/learning_gazebo_harmonic.egg-info/SOURCES.txt'
[1.373s] running build
[1.373s] running build_py
[1.373s] creating /home/potato/ros2_ws/build/learning_gazebo_harmonic/build
[1.373s] creating /home/potato/ros2_ws/build/learning_gazebo_harmonic/build/lib
[1.373s] creating /home/potato/ros2_ws/build/learning_gazebo_harmonic/build/lib/learning_gazebo_harmonic
[1.373s] copying learning_gazebo_harmonic/__init__.py -> /home/potato/ros2_ws/build/learning_gazebo_harmonic/build/lib/learning_gazebo_harmonic
[1.374s] running install
[1.374s] running install_lib
[1.375s] creating /home/potato/ros2_ws/install/learning_gazebo_harmonic/lib/python3.10/site-packages/learning_gazebo_harmonic
[1.375s] copying /home/potato/ros2_ws/build/learning_gazebo_harmonic/build/lib/learning_gazebo_harmonic/__init__.py -> /home/potato/ros2_ws/install/learning_gazebo_harmonic/lib/python3.10/site-packages/learning_gazebo_harmonic
[1.375s] byte-compiling /home/potato/ros2_ws/install/learning_gazebo_harmonic/lib/python3.10/site-packages/learning_gazebo_harmonic/__init__.py to __init__.cpython-310.pyc
[1.376s] running install_data
[1.379s] creating /home/potato/ros2_ws/install/learning_gazebo_harmonic/share/ament_index
[1.379s] creating /home/potato/ros2_ws/install/learning_gazebo_harmonic/share/ament_index/resource_index
[1.379s] creating /home/potato/ros2_ws/install/learning_gazebo_harmonic/share/ament_index/resource_index/packages
[1.379s] copying resource/learning_gazebo_harmonic -> /home/potato/ros2_ws/install/learning_gazebo_harmonic/share/ament_index/resource_index/packages
[1.379s] copying package.xml -> /home/potato/ros2_ws/install/learning_gazebo_harmonic/share/learning_gazebo_harmonic
[1.379s] creating /home/potato/ros2_ws/install/learning_gazebo_harmonic/share/learning_gazebo_harmonic/launch
[1.379s] copying launch/load_urdf_into_gazebo_harmonic.launch.py -> /home/potato/ros2_ws/install/learning_gazebo_harmonic/share/learning_gazebo_harmonic/launch
[1.379s] copying launch/load_mbot_camera_into_gazebo_harmonic.launch.py -> /home/potato/ros2_ws/install/learning_gazebo_harmonic/share/learning_gazebo_harmonic/launch
[1.379s] copying launch/load_mbot_lidar_into_gazebo_harmonic.launch.py -> /home/potato/ros2_ws/install/learning_gazebo_harmonic/share/learning_gazebo_harmonic/launch
[1.379s] copying launch/load_mbot_rgbd_into_gazebo_harmonic.launch.py -> /home/potato/ros2_ws/install/learning_gazebo_harmonic/share/learning_gazebo_harmonic/launch
[1.379s] copying launch/load_mbot_rgbd_into_maze_gazebo_harmonic.launch.py -> /home/potato/ros2_ws/install/learning_gazebo_harmonic/share/learning_gazebo_harmonic/launch
[1.379s] copying launch/load_mbot_lidar_into_maze_gazebo_harmonic.launch.py -> /home/potato/ros2_ws/install/learning_gazebo_harmonic/share/learning_gazebo_harmonic/launch
[1.379s] creating /home/potato/ros2_ws/install/learning_gazebo_harmonic/share/learning_gazebo_harmonic/urdf
[1.380s] copying urdf/mbot_base_gazebo_harmonic.xacro -> /home/potato/ros2_ws/install/learning_gazebo_harmonic/share/learning_gazebo_harmonic/urdf
[1.380s] copying urdf/mbot_with_rgbd_gazebo_harmonic.xacro -> /home/potato/ros2_ws/install/learning_gazebo_harmonic/share/learning_gazebo_harmonic/urdf
[1.380s] copying urdf/mbot_with_lidar_gazebo_harmonic.xacro -> /home/potato/ros2_ws/install/learning_gazebo_harmonic/share/learning_gazebo_harmonic/urdf
[1.380s] copying urdf/mbot_with_lidar.sdf -> /home/potato/ros2_ws/install/learning_gazebo_harmonic/share/learning_gazebo_harmonic/urdf
[1.380s] copying urdf/mbot_with_camera_gazebo_harmonic.xacro -> /home/potato/ros2_ws/install/learning_gazebo_harmonic/share/learning_gazebo_harmonic/urdf
[1.380s] copying urdf/mbot_gazebo_harmonic.xacro -> /home/potato/ros2_ws/install/learning_gazebo_harmonic/share/learning_gazebo_harmonic/urdf
[1.380s] creating /home/potato/ros2_ws/install/learning_gazebo_harmonic/share/learning_gazebo_harmonic/urdf/sensors
[1.380s] copying urdf/sensors/camera_gazebo_harmonic.xacro -> /home/potato/ros2_ws/install/learning_gazebo_harmonic/share/learning_gazebo_harmonic/urdf/sensors
[1.380s] copying urdf/sensors/rgbd_gazebo_harmonic.xacro -> /home/potato/ros2_ws/install/learning_gazebo_harmonic/share/learning_gazebo_harmonic/urdf/sensors
[1.380s] copying urdf/sensors/lidar_gazebo_harmonic.xacro -> /home/potato/ros2_ws/install/learning_gazebo_harmonic/share/learning_gazebo_harmonic/urdf/sensors
[1.380s] creating /home/potato/ros2_ws/install/learning_gazebo_harmonic/share/learning_gazebo_harmonic/worlds
[1.380s] copying worlds/depot.sdf -> /home/potato/ros2_ws/install/learning_gazebo_harmonic/share/learning_gazebo_harmonic/worlds
[1.380s] copying worlds/empty.sdf -> /home/potato/ros2_ws/install/learning_gazebo_harmonic/share/learning_gazebo_harmonic/worlds
[1.380s] copying worlds/maze.sdf -> /home/potato/ros2_ws/install/learning_gazebo_harmonic/share/learning_gazebo_harmonic/worlds
[1.381s] creating /home/potato/ros2_ws/install/learning_gazebo_harmonic/share/learning_gazebo_harmonic/rviz
[1.381s] creating /home/potato/ros2_ws/install/learning_gazebo_harmonic/share/learning_gazebo_harmonic/config
[1.381s] copying config/ros_gz_bridge_mbot_camera.yaml -> /home/potato/ros2_ws/install/learning_gazebo_harmonic/share/learning_gazebo_harmonic/config
[1.381s] copying config/ros_gz_bridge_mbot_rgbd.yaml -> /home/potato/ros2_ws/install/learning_gazebo_harmonic/share/learning_gazebo_harmonic/config
[1.381s] copying config/ros_gz_bridge_mbot.yaml -> /home/potato/ros2_ws/install/learning_gazebo_harmonic/share/learning_gazebo_harmonic/config
[1.381s] copying config/ros_gz_bridge_mbot_lidar.yaml -> /home/potato/ros2_ws/install/learning_gazebo_harmonic/share/learning_gazebo_harmonic/config
[1.381s] running install_egg_info
[1.381s] Copying ../../../build/learning_gazebo_harmonic/learning_gazebo_harmonic.egg-info to /home/potato/ros2_ws/install/learning_gazebo_harmonic/lib/python3.10/site-packages/learning_gazebo_harmonic-0.0.0-py3.10.egg-info
[1.381s] running install_scripts
[1.401s] writing list of installed files to '/home/potato/ros2_ws/build/learning_gazebo_harmonic/install.log'
[1.487s] Invoked command in '/home/potato/ros2_ws/src/ros2_21_tutorials/learning_gazebo_harmonic' returned '0': PYTHONPATH=/home/potato/ros2_ws/build/learning_gazebo_harmonic/prefix_override:/usr/lib/python3/dist-packages/colcon_core/task/python/colcon_distutils_commands:/home/potato/ros2_ws/install/learning_gazebo_harmonic/lib/python3.10/site-packages:${PYTHONPATH} /usr/bin/python3 -W ignore:setup.py install is deprecated setup.py egg_info --egg-base ../../../build/learning_gazebo_harmonic build --build-base /home/potato/ros2_ws/build/learning_gazebo_harmonic/build install --record /home/potato/ros2_ws/build/learning_gazebo_harmonic/install.log --single-version-externally-managed install_data
