[1.173s] Invoking command in '/home/potato/ros2_ws/src/ros2_21_tutorials/learning_gazebo': PYTHONPATH=/home/potato/ros2_ws/build/learning_gazebo/prefix_override:/usr/lib/python3/dist-packages/colcon_core/task/python/colcon_distutils_commands:/home/potato/ros2_ws/install/learning_gazebo/lib/python3.10/site-packages:${PYTHONPATH} /usr/bin/python3 -W ignore:setup.py install is deprecated setup.py egg_info --egg-base ../../../build/learning_gazebo build --build-base /home/potato/ros2_ws/build/learning_gazebo/build install --record /home/potato/ros2_ws/build/learning_gazebo/install.log --single-version-externally-managed install_data
[1.417s] running egg_info
[1.417s] creating ../../../build/learning_gazebo/learning_gazebo.egg-info
[1.417s] writing ../../../build/learning_gazebo/learning_gazebo.egg-info/PKG-INFO
[1.417s] writing dependency_links to ../../../build/learning_gazebo/learning_gazebo.egg-info/dependency_links.txt
[1.417s] writing entry points to ../../../build/learning_gazebo/learning_gazebo.egg-info/entry_points.txt
[1.417s] writing requirements to ../../../build/learning_gazebo/learning_gazebo.egg-info/requires.txt
[1.417s] writing top-level names to ../../../build/learning_gazebo/learning_gazebo.egg-info/top_level.txt
[1.417s] writing manifest file '../../../build/learning_gazebo/learning_gazebo.egg-info/SOURCES.txt'
[1.419s] reading manifest file '../../../build/learning_gazebo/learning_gazebo.egg-info/SOURCES.txt'
[1.420s] writing manifest file '../../../build/learning_gazebo/learning_gazebo.egg-info/SOURCES.txt'
[1.420s] running build
[1.420s] running build_py
[1.420s] creating /home/potato/ros2_ws/build/learning_gazebo/build
[1.420s] creating /home/potato/ros2_ws/build/learning_gazebo/build/lib
[1.420s] creating /home/potato/ros2_ws/build/learning_gazebo/build/lib/learning_gazebo
[1.420s] copying learning_gazebo/__init__.py -> /home/potato/ros2_ws/build/learning_gazebo/build/lib/learning_gazebo
[1.420s] running install
[1.421s] running install_lib
[1.422s] creating /home/potato/ros2_ws/install/learning_gazebo/lib/python3.10/site-packages/learning_gazebo
[1.422s] copying /home/potato/ros2_ws/build/learning_gazebo/build/lib/learning_gazebo/__init__.py -> /home/potato/ros2_ws/install/learning_gazebo/lib/python3.10/site-packages/learning_gazebo
[1.422s] byte-compiling /home/potato/ros2_ws/install/learning_gazebo/lib/python3.10/site-packages/learning_gazebo/__init__.py to __init__.cpython-310.pyc
[1.423s] running install_data
[1.423s] creating /home/potato/ros2_ws/install/learning_gazebo/share/ament_index
[1.423s] creating /home/potato/ros2_ws/install/learning_gazebo/share/ament_index/resource_index
[1.423s] creating /home/potato/ros2_ws/install/learning_gazebo/share/ament_index/resource_index/packages
[1.423s] copying resource/learning_gazebo -> /home/potato/ros2_ws/install/learning_gazebo/share/ament_index/resource_index/packages
[1.423s] copying package.xml -> /home/potato/ros2_ws/install/learning_gazebo/share/learning_gazebo
[1.423s] creating /home/potato/ros2_ws/install/learning_gazebo/share/learning_gazebo/launch
[1.423s] copying launch/mbot.launch.py -> /home/potato/ros2_ws/install/learning_gazebo/share/learning_gazebo/launch
[1.423s] copying launch/mbot_rgbd.launch.py -> /home/potato/ros2_ws/install/learning_gazebo/share/learning_gazebo/launch
[1.423s] copying launch/load_mbot_rgbd_into_gazebo.launch.py -> /home/potato/ros2_ws/install/learning_gazebo/share/learning_gazebo/launch
[1.423s] copying launch/load_mbot_laser_into_gazebo.launch.py -> /home/potato/ros2_ws/install/learning_gazebo/share/learning_gazebo/launch
[1.424s] copying launch/mbot_laser.launch.py -> /home/potato/ros2_ws/install/learning_gazebo/share/learning_gazebo/launch
[1.425s] copying launch/load_mbot_camera_into_gazebo.launch.py -> /home/potato/ros2_ws/install/learning_gazebo/share/learning_gazebo/launch
[1.425s] copying launch/mbot_camera.launch.py -> /home/potato/ros2_ws/install/learning_gazebo/share/learning_gazebo/launch
[1.425s] copying launch/load_urdf_into_gazebo.launch.py -> /home/potato/ros2_ws/install/learning_gazebo/share/learning_gazebo/launch
[1.425s] creating /home/potato/ros2_ws/install/learning_gazebo/share/learning_gazebo/urdf
[1.425s] copying urdf/mbot_with_camera_gazebo.xacro -> /home/potato/ros2_ws/install/learning_gazebo/share/learning_gazebo/urdf
[1.425s] copying urdf/mbot_base_gazebo.xacro -> /home/potato/ros2_ws/install/learning_gazebo/share/learning_gazebo/urdf
[1.425s] copying urdf/mbot_with_kinect_gazebo.xacro -> /home/potato/ros2_ws/install/learning_gazebo/share/learning_gazebo/urdf
[1.425s] copying urdf/two_wheeled_robot_nav2.urdf -> /home/potato/ros2_ws/install/learning_gazebo/share/learning_gazebo/urdf
[1.425s] copying urdf/mbot_with_rgbd_gazebo.xacro -> /home/potato/ros2_ws/install/learning_gazebo/share/learning_gazebo/urdf
[1.425s] copying urdf/mbot_gazebo.xacro -> /home/potato/ros2_ws/install/learning_gazebo/share/learning_gazebo/urdf
[1.425s] copying urdf/mbot_with_laser_gazebo.xacro -> /home/potato/ros2_ws/install/learning_gazebo/share/learning_gazebo/urdf
[1.426s] creating /home/potato/ros2_ws/install/learning_gazebo/share/learning_gazebo/meshes
[1.426s] copying meshes/kinect.jpg -> /home/potato/ros2_ws/install/learning_gazebo/share/learning_gazebo/meshes
[1.426s] copying meshes/kinect.dae -> /home/potato/ros2_ws/install/learning_gazebo/share/learning_gazebo/meshes
[1.428s] copying meshes/kinect.tga -> /home/potato/ros2_ws/install/learning_gazebo/share/learning_gazebo/meshes
[1.429s] creating /home/potato/ros2_ws/install/learning_gazebo/share/learning_gazebo/urdf/sensors
[1.429s] copying urdf/sensors/rgbd_gazebo.xacro -> /home/potato/ros2_ws/install/learning_gazebo/share/learning_gazebo/urdf/sensors
[1.429s] copying urdf/sensors/camera_gazebo.xacro -> /home/potato/ros2_ws/install/learning_gazebo/share/learning_gazebo/urdf/sensors
[1.429s] copying urdf/sensors/kinect_gazebo.xacro -> /home/potato/ros2_ws/install/learning_gazebo/share/learning_gazebo/urdf/sensors
[1.429s] copying urdf/sensors/lidar_gazebo.xacro -> /home/potato/ros2_ws/install/learning_gazebo/share/learning_gazebo/urdf/sensors
[1.429s] creating /home/potato/ros2_ws/install/learning_gazebo/share/learning_gazebo/worlds
[1.429s] copying worlds/neighborhood.world -> /home/potato/ros2_ws/install/learning_gazebo/share/learning_gazebo/worlds
[1.431s] copying worlds/empty_world.model -> /home/potato/ros2_ws/install/learning_gazebo/share/learning_gazebo/worlds
[1.431s] creating /home/potato/ros2_ws/install/learning_gazebo/share/learning_gazebo/rviz
[1.431s] copying rviz/urdf_gazebo_config.rviz -> /home/potato/ros2_ws/install/learning_gazebo/share/learning_gazebo/rviz
[1.432s] running install_egg_info
[1.435s] Copying ../../../build/learning_gazebo/learning_gazebo.egg-info to /home/potato/ros2_ws/install/learning_gazebo/lib/python3.10/site-packages/learning_gazebo-0.0.0-py3.10.egg-info
[1.435s] running install_scripts
[1.476s] writing list of installed files to '/home/potato/ros2_ws/build/learning_gazebo/install.log'
[1.496s] Invoked command in '/home/potato/ros2_ws/src/ros2_21_tutorials/learning_gazebo' returned '0': PYTHONPATH=/home/potato/ros2_ws/build/learning_gazebo/prefix_override:/usr/lib/python3/dist-packages/colcon_core/task/python/colcon_distutils_commands:/home/potato/ros2_ws/install/learning_gazebo/lib/python3.10/site-packages:${PYTHONPATH} /usr/bin/python3 -W ignore:setup.py install is deprecated setup.py egg_info --egg-base ../../../build/learning_gazebo build --build-base /home/potato/ros2_ws/build/learning_gazebo/build install --record /home/potato/ros2_ws/build/learning_gazebo/install.log --single-version-externally-managed install_data
