[0.228s] Invoking command in '/home/potato/ros2_ws/build/learning_node_cpp': CMAKE_PREFIX_PATH=${CMAKE_PREFIX_PATH}:/home/potato/dev_ws/install/learning_urdf:/home/potato/dev_ws/install/learning_topic:/home/potato/dev_ws/install/learning_tf:/home/potato/dev_ws/install/learning_service:/home/potato/dev_ws/install/learning_qos:/home/potato/dev_ws/install/learning_pkg_python:/home/potato/dev_ws/install/learning_parameter:/home/potato/dev_ws/install/learning_node:/home/potato/dev_ws/install/learning_launch:/home/potato/dev_ws/install/learning_action:/home/potato/dev_ws/install/learning_gazebo_harmonic:/home/potato/dev_ws/install/learning_gazebo:/home/potato/dev_ws/install/learning_cv:/home/potato/fishbot_ws/install/fishbot_description:/opt/ros/humble /usr/bin/cmake --build /home/potato/ros2_ws/build/learning_node_cpp -- -j4 -l4
[0.273s] [35m[1mConsolidate compiler generated dependencies of target node_helloworld_class[0m
[0.288s] [100%] Built target node_helloworld_class
[0.456s] Invoked command in '/home/potato/ros2_ws/build/learning_node_cpp' returned '0': CMAKE_PREFIX_PATH=${CMAKE_PREFIX_PATH}:/home/potato/dev_ws/install/learning_urdf:/home/potato/dev_ws/install/learning_topic:/home/potato/dev_ws/install/learning_tf:/home/potato/dev_ws/install/learning_service:/home/potato/dev_ws/install/learning_qos:/home/potato/dev_ws/install/learning_pkg_python:/home/potato/dev_ws/install/learning_parameter:/home/potato/dev_ws/install/learning_node:/home/potato/dev_ws/install/learning_launch:/home/potato/dev_ws/install/learning_action:/home/potato/dev_ws/install/learning_gazebo_harmonic:/home/potato/dev_ws/install/learning_gazebo:/home/potato/dev_ws/install/learning_cv:/home/potato/fishbot_ws/install/fishbot_description:/opt/ros/humble /usr/bin/cmake --build /home/potato/ros2_ws/build/learning_node_cpp -- -j4 -l4
[0.494s] Invoking command in '/home/potato/ros2_ws/build/learning_node_cpp': CMAKE_PREFIX_PATH=${CMAKE_PREFIX_PATH}:/home/potato/dev_ws/install/learning_urdf:/home/potato/dev_ws/install/learning_topic:/home/potato/dev_ws/install/learning_tf:/home/potato/dev_ws/install/learning_service:/home/potato/dev_ws/install/learning_qos:/home/potato/dev_ws/install/learning_pkg_python:/home/potato/dev_ws/install/learning_parameter:/home/potato/dev_ws/install/learning_node:/home/potato/dev_ws/install/learning_launch:/home/potato/dev_ws/install/learning_action:/home/potato/dev_ws/install/learning_gazebo_harmonic:/home/potato/dev_ws/install/learning_gazebo:/home/potato/dev_ws/install/learning_cv:/home/potato/fishbot_ws/install/fishbot_description:/opt/ros/humble /usr/bin/cmake --install /home/potato/ros2_ws/build/learning_node_cpp
[0.498s] -- Install configuration: ""
[0.498s] -- Up-to-date: /home/potato/ros2_ws/install/learning_node_cpp/lib/learning_node_cpp/node_helloworld_class
[0.498s] -- Up-to-date: /home/potato/ros2_ws/install/learning_node_cpp/share/ament_index/resource_index/package_run_dependencies/learning_node_cpp
[0.498s] -- Up-to-date: /home/potato/ros2_ws/install/learning_node_cpp/share/ament_index/resource_index/parent_prefix_path/learning_node_cpp
[0.498s] -- Up-to-date: /home/potato/ros2_ws/install/learning_node_cpp/share/learning_node_cpp/environment/ament_prefix_path.sh
[0.498s] -- Up-to-date: /home/potato/ros2_ws/install/learning_node_cpp/share/learning_node_cpp/environment/ament_prefix_path.dsv
[0.498s] -- Up-to-date: /home/potato/ros2_ws/install/learning_node_cpp/share/learning_node_cpp/environment/path.sh
[0.498s] -- Up-to-date: /home/potato/ros2_ws/install/learning_node_cpp/share/learning_node_cpp/environment/path.dsv
[0.498s] -- Up-to-date: /home/potato/ros2_ws/install/learning_node_cpp/share/learning_node_cpp/local_setup.bash
[0.498s] -- Up-to-date: /home/potato/ros2_ws/install/learning_node_cpp/share/learning_node_cpp/local_setup.sh
[0.498s] -- Up-to-date: /home/potato/ros2_ws/install/learning_node_cpp/share/learning_node_cpp/local_setup.zsh
[0.498s] -- Up-to-date: /home/potato/ros2_ws/install/learning_node_cpp/share/learning_node_cpp/local_setup.dsv
[0.498s] -- Installing: /home/potato/ros2_ws/install/learning_node_cpp/share/learning_node_cpp/package.dsv
[0.498s] -- Up-to-date: /home/potato/ros2_ws/install/learning_node_cpp/share/ament_index/resource_index/packages/learning_node_cpp
[0.498s] -- Up-to-date: /home/potato/ros2_ws/install/learning_node_cpp/share/learning_node_cpp/cmake/learning_node_cppConfig.cmake
[0.498s] -- Up-to-date: /home/potato/ros2_ws/install/learning_node_cpp/share/learning_node_cpp/cmake/learning_node_cppConfig-version.cmake
[0.498s] -- Up-to-date: /home/potato/ros2_ws/install/learning_node_cpp/share/learning_node_cpp/package.xml
[0.500s] Invoked command in '/home/potato/ros2_ws/build/learning_node_cpp' returned '0': CMAKE_PREFIX_PATH=${CMAKE_PREFIX_PATH}:/home/potato/dev_ws/install/learning_urdf:/home/potato/dev_ws/install/learning_topic:/home/potato/dev_ws/install/learning_tf:/home/potato/dev_ws/install/learning_service:/home/potato/dev_ws/install/learning_qos:/home/potato/dev_ws/install/learning_pkg_python:/home/potato/dev_ws/install/learning_parameter:/home/potato/dev_ws/install/learning_node:/home/potato/dev_ws/install/learning_launch:/home/potato/dev_ws/install/learning_action:/home/potato/dev_ws/install/learning_gazebo_harmonic:/home/potato/dev_ws/install/learning_gazebo:/home/potato/dev_ws/install/learning_cv:/home/potato/fishbot_ws/install/fishbot_description:/opt/ros/humble /usr/bin/cmake --install /home/potato/ros2_ws/build/learning_node_cpp
