[0.717s] Invoking command in '/home/potato/ros2_ws/src/ros2_21_tutorials/learning_launch': PYTHONPATH=/home/potato/ros2_ws/build/learning_launch/prefix_override:/usr/lib/python3/dist-packages/colcon_core/task/python/colcon_distutils_commands:/home/potato/ros2_ws/install/learning_launch/lib/python3.10/site-packages:${PYTHONPATH} /usr/bin/python3 -W ignore:setup.py install is deprecated setup.py egg_info --egg-base ../../../build/learning_launch build --build-base /home/potato/ros2_ws/build/learning_launch/build install --record /home/potato/ros2_ws/build/learning_launch/install.log --single-version-externally-managed install_data
[0.932s] running egg_info
[0.932s] writing ../../../build/learning_launch/learning_launch.egg-info/PKG-INFO
[0.932s] writing dependency_links to ../../../build/learning_launch/learning_launch.egg-info/dependency_links.txt
[0.932s] writing entry points to ../../../build/learning_launch/learning_launch.egg-info/entry_points.txt
[0.932s] writing requirements to ../../../build/learning_launch/learning_launch.egg-info/requires.txt
[0.932s] writing top-level names to ../../../build/learning_launch/learning_launch.egg-info/top_level.txt
[0.932s] reading manifest file '../../../build/learning_launch/learning_launch.egg-info/SOURCES.txt'
[0.933s] writing manifest file '../../../build/learning_launch/learning_launch.egg-info/SOURCES.txt'
[0.933s] running build
[0.933s] running build_py
[0.934s] running install
[0.934s] running install_lib
[0.936s] running install_data
[0.936s] running install_egg_info
[0.937s] removing '/home/potato/ros2_ws/install/learning_launch/lib/python3.10/site-packages/learning_launch-0.0.0-py3.10.egg-info' (and everything under it)
[0.938s] Copying ../../../build/learning_launch/learning_launch.egg-info to /home/potato/ros2_ws/install/learning_launch/lib/python3.10/site-packages/learning_launch-0.0.0-py3.10.egg-info
[0.938s] running install_scripts
[0.956s] writing list of installed files to '/home/potato/ros2_ws/build/learning_launch/install.log'
[0.982s] Invoked command in '/home/potato/ros2_ws/src/ros2_21_tutorials/learning_launch' returned '0': PYTHONPATH=/home/potato/ros2_ws/build/learning_launch/prefix_override:/usr/lib/python3/dist-packages/colcon_core/task/python/colcon_distutils_commands:/home/potato/ros2_ws/install/learning_launch/lib/python3.10/site-packages:${PYTHONPATH} /usr/bin/python3 -W ignore:setup.py install is deprecated setup.py egg_info --egg-base ../../../build/learning_launch build --build-base /home/potato/ros2_ws/build/learning_launch/build install --record /home/potato/ros2_ws/build/learning_launch/install.log --single-version-externally-managed install_data
