[1.141s] Invoking command in '/home/potato/ros2_ws/src/ros2_21_tutorials/learning_urdf': PYTHONPATH=/home/potato/ros2_ws/build/learning_urdf/prefix_override:/usr/lib/python3/dist-packages/colcon_core/task/python/colcon_distutils_commands:/home/potato/ros2_ws/install/learning_urdf/lib/python3.10/site-packages:${PYTHONPATH} /usr/bin/python3 -W ignore:setup.py install is deprecated setup.py egg_info --egg-base ../../../build/learning_urdf build --build-base /home/potato/ros2_ws/build/learning_urdf/build install --record /home/potato/ros2_ws/build/learning_urdf/install.log --single-version-externally-managed install_data
[1.765s] running egg_info
[1.766s] creating ../../../build/learning_urdf/learning_urdf.egg-info
[1.766s] writing ../../../build/learning_urdf/learning_urdf.egg-info/PKG-INFO
[1.767s] writing dependency_links to ../../../build/learning_urdf/learning_urdf.egg-info/dependency_links.txt
[1.767s] writing entry points to ../../../build/learning_urdf/learning_urdf.egg-info/entry_points.txt
[1.767s] writing requirements to ../../../build/learning_urdf/learning_urdf.egg-info/requires.txt
[1.767s] writing top-level names to ../../../build/learning_urdf/learning_urdf.egg-info/top_level.txt
[1.768s] writing manifest file '../../../build/learning_urdf/learning_urdf.egg-info/SOURCES.txt'
[1.769s] reading manifest file '../../../build/learning_urdf/learning_urdf.egg-info/SOURCES.txt'
[1.770s] writing manifest file '../../../build/learning_urdf/learning_urdf.egg-info/SOURCES.txt'
[1.770s] running build
[1.771s] running build_py
[1.771s] creating /home/potato/ros2_ws/build/learning_urdf/build
[1.771s] creating /home/potato/ros2_ws/build/learning_urdf/build/lib
[1.771s] creating /home/potato/ros2_ws/build/learning_urdf/build/lib/learning_urdf
[1.771s] copying learning_urdf/__init__.py -> /home/potato/ros2_ws/build/learning_urdf/build/lib/learning_urdf
[1.772s] running install
[1.772s] running install_lib
[1.773s] creating /home/potato/ros2_ws/install/learning_urdf/lib/python3.10/site-packages/learning_urdf
[1.773s] copying /home/potato/ros2_ws/build/learning_urdf/build/lib/learning_urdf/__init__.py -> /home/potato/ros2_ws/install/learning_urdf/lib/python3.10/site-packages/learning_urdf
[1.773s] byte-compiling /home/potato/ros2_ws/install/learning_urdf/lib/python3.10/site-packages/learning_urdf/__init__.py to __init__.cpython-310.pyc
[1.774s] running install_data
[1.774s] creating /home/potato/ros2_ws/install/learning_urdf/share/ament_index
[1.774s] creating /home/potato/ros2_ws/install/learning_urdf/share/ament_index/resource_index
[1.774s] creating /home/potato/ros2_ws/install/learning_urdf/share/ament_index/resource_index/packages
[1.774s] copying resource/learning_urdf -> /home/potato/ros2_ws/install/learning_urdf/share/ament_index/resource_index/packages
[1.775s] copying package.xml -> /home/potato/ros2_ws/install/learning_urdf/share/learning_urdf
[1.775s] creating /home/potato/ros2_ws/install/learning_urdf/share/learning_urdf/launch
[1.775s] copying launch/display_xacro.launch.py -> /home/potato/ros2_ws/install/learning_urdf/share/learning_urdf/launch
[1.775s] copying launch/display.launch.py -> /home/potato/ros2_ws/install/learning_urdf/share/learning_urdf/launch
[1.775s] creating /home/potato/ros2_ws/install/learning_urdf/share/learning_urdf/urdf
[1.775s] copying urdf/mbot_base.xacro -> /home/potato/ros2_ws/install/learning_urdf/share/learning_urdf/urdf
[1.776s] copying urdf/mbot_base.urdf -> /home/potato/ros2_ws/install/learning_urdf/share/learning_urdf/urdf
[1.776s] copying urdf/mbot_with_camera.urdf -> /home/potato/ros2_ws/install/learning_urdf/share/learning_urdf/urdf
[1.776s] copying urdf/mbot_with_kinect.urdf -> /home/potato/ros2_ws/install/learning_urdf/share/learning_urdf/urdf
[1.776s] copying urdf/mbot_with_laser.urdf -> /home/potato/ros2_ws/install/learning_urdf/share/learning_urdf/urdf
[1.776s] creating /home/potato/ros2_ws/install/learning_urdf/share/learning_urdf/urdf/sensors
[1.776s] copying urdf/sensors/camera_gazebo.xacro -> /home/potato/ros2_ws/install/learning_urdf/share/learning_urdf/urdf/sensors
[1.777s] copying urdf/sensors/kinect_gazebo.xacro -> /home/potato/ros2_ws/install/learning_urdf/share/learning_urdf/urdf/sensors
[1.777s] copying urdf/sensors/lidar_gazebo.xacro -> /home/potato/ros2_ws/install/learning_urdf/share/learning_urdf/urdf/sensors
[1.777s] creating /home/potato/ros2_ws/install/learning_urdf/share/learning_urdf/meshes
[1.777s] copying meshes/kinect.jpg -> /home/potato/ros2_ws/install/learning_urdf/share/learning_urdf/meshes
[1.777s] copying meshes/kinect.dae -> /home/potato/ros2_ws/install/learning_urdf/share/learning_urdf/meshes
[1.778s] copying meshes/kinect.tga -> /home/potato/ros2_ws/install/learning_urdf/share/learning_urdf/meshes
[1.778s] creating /home/potato/ros2_ws/install/learning_urdf/share/learning_urdf/rviz
[1.778s] copying rviz/urdf.rviz -> /home/potato/ros2_ws/install/learning_urdf/share/learning_urdf/rviz
[1.779s] running install_egg_info
[1.780s] Copying ../../../build/learning_urdf/learning_urdf.egg-info to /home/potato/ros2_ws/install/learning_urdf/lib/python3.10/site-packages/learning_urdf-0.0.0-py3.10.egg-info
[1.781s] running install_scripts
[1.838s] writing list of installed files to '/home/potato/ros2_ws/build/learning_urdf/install.log'
[1.881s] Invoked command in '/home/potato/ros2_ws/src/ros2_21_tutorials/learning_urdf' returned '0': PYTHONPATH=/home/potato/ros2_ws/build/learning_urdf/prefix_override:/usr/lib/python3/dist-packages/colcon_core/task/python/colcon_distutils_commands:/home/potato/ros2_ws/install/learning_urdf/lib/python3.10/site-packages:${PYTHONPATH} /usr/bin/python3 -W ignore:setup.py install is deprecated setup.py egg_info --egg-base ../../../build/learning_urdf build --build-base /home/potato/ros2_ws/build/learning_urdf/build install --record /home/potato/ros2_ws/build/learning_urdf/install.log --single-version-externally-managed install_data
