[0.766s] Invoking command in '/home/potato/ros2_ws/src/ros2_21_tutorials/learning_urdf': PYTHONPATH=/home/potato/ros2_ws/build/learning_urdf/prefix_override:/usr/lib/python3/dist-packages/colcon_core/task/python/colcon_distutils_commands:/home/potato/ros2_ws/install/learning_urdf/lib/python3.10/site-packages:${PYTHONPATH} /usr/bin/python3 -W ignore:setup.py install is deprecated setup.py egg_info --egg-base ../../../build/learning_urdf build --build-base /home/potato/ros2_ws/build/learning_urdf/build install --record /home/potato/ros2_ws/build/learning_urdf/install.log --single-version-externally-managed install_data
[0.987s] running egg_info
[0.987s] writing ../../../build/learning_urdf/learning_urdf.egg-info/PKG-INFO
[0.988s] writing dependency_links to ../../../build/learning_urdf/learning_urdf.egg-info/dependency_links.txt
[0.988s] writing entry points to ../../../build/learning_urdf/learning_urdf.egg-info/entry_points.txt
[0.988s] writing requirements to ../../../build/learning_urdf/learning_urdf.egg-info/requires.txt
[0.988s] writing top-level names to ../../../build/learning_urdf/learning_urdf.egg-info/top_level.txt
[0.990s] reading manifest file '../../../build/learning_urdf/learning_urdf.egg-info/SOURCES.txt'
[0.992s] writing manifest file '../../../build/learning_urdf/learning_urdf.egg-info/SOURCES.txt'
[0.992s] running build
[0.992s] running build_py
[0.992s] running install
[0.994s] running install_lib
[0.994s] running install_data
[0.994s] running install_egg_info
[0.996s] removing '/home/potato/ros2_ws/install/learning_urdf/lib/python3.10/site-packages/learning_urdf-0.0.0-py3.10.egg-info' (and everything under it)
[0.996s] Copying ../../../build/learning_urdf/learning_urdf.egg-info to /home/potato/ros2_ws/install/learning_urdf/lib/python3.10/site-packages/learning_urdf-0.0.0-py3.10.egg-info
[0.996s] running install_scripts
[1.017s] writing list of installed files to '/home/potato/ros2_ws/build/learning_urdf/install.log'
[1.037s] Invoked command in '/home/potato/ros2_ws/src/ros2_21_tutorials/learning_urdf' returned '0': PYTHONPATH=/home/potato/ros2_ws/build/learning_urdf/prefix_override:/usr/lib/python3/dist-packages/colcon_core/task/python/colcon_distutils_commands:/home/potato/ros2_ws/install/learning_urdf/lib/python3.10/site-packages:${PYTHONPATH} /usr/bin/python3 -W ignore:setup.py install is deprecated setup.py egg_info --egg-base ../../../build/learning_urdf build --build-base /home/potato/ros2_ws/build/learning_urdf/build install --record /home/potato/ros2_ws/build/learning_urdf/install.log --single-version-externally-managed install_data
