[0.607s] Invoking command in '/home/potato/ros2_ws/src/ros2_21_tutorials/learning_urdf': PYTHONPATH=/home/potato/ros2_ws/build/learning_urdf/prefix_override:/usr/lib/python3/dist-packages/colcon_core/task/python/colcon_distutils_commands:/home/potato/ros2_ws/install/learning_urdf/lib/python3.10/site-packages:${PYTHONPATH} /usr/bin/python3 -W ignore:setup.py install is deprecated setup.py egg_info --egg-base ../../../build/learning_urdf build --build-base /home/potato/ros2_ws/build/learning_urdf/build install --record /home/potato/ros2_ws/build/learning_urdf/install.log --single-version-externally-managed install_data
[0.842s] running egg_info
[0.843s] writing ../../../build/learning_urdf/learning_urdf.egg-info/PKG-INFO
[0.843s] writing dependency_links to ../../../build/learning_urdf/learning_urdf.egg-info/dependency_links.txt
[0.844s] writing entry points to ../../../build/learning_urdf/learning_urdf.egg-info/entry_points.txt
[0.844s] writing requirements to ../../../build/learning_urdf/learning_urdf.egg-info/requires.txt
[0.844s] writing top-level names to ../../../build/learning_urdf/learning_urdf.egg-info/top_level.txt
[0.845s] reading manifest file '../../../build/learning_urdf/learning_urdf.egg-info/SOURCES.txt'
[0.846s] writing manifest file '../../../build/learning_urdf/learning_urdf.egg-info/SOURCES.txt'
[0.846s] running build
[0.847s] running build_py
[0.847s] running install
[0.847s] running install_lib
[0.848s] running install_data
[0.848s] running install_egg_info
[0.851s] removing '/home/potato/ros2_ws/install/learning_urdf/lib/python3.10/site-packages/learning_urdf-0.0.0-py3.10.egg-info' (and everything under it)
[0.851s] Copying ../../../build/learning_urdf/learning_urdf.egg-info to /home/potato/ros2_ws/install/learning_urdf/lib/python3.10/site-packages/learning_urdf-0.0.0-py3.10.egg-info
[0.852s] running install_scripts
[0.871s] writing list of installed files to '/home/potato/ros2_ws/build/learning_urdf/install.log'
[0.907s] Invoked command in '/home/potato/ros2_ws/src/ros2_21_tutorials/learning_urdf' returned '0': PYTHONPATH=/home/potato/ros2_ws/build/learning_urdf/prefix_override:/usr/lib/python3/dist-packages/colcon_core/task/python/colcon_distutils_commands:/home/potato/ros2_ws/install/learning_urdf/lib/python3.10/site-packages:${PYTHONPATH} /usr/bin/python3 -W ignore:setup.py install is deprecated setup.py egg_info --egg-base ../../../build/learning_urdf build --build-base /home/potato/ros2_ws/build/learning_urdf/build install --record /home/potato/ros2_ws/build/learning_urdf/install.log --single-version-externally-managed install_data
