[0.869s] Invoking command in '/home/potato/ros2_ws/src/ros2_21_tutorials/learning_pkg_python': PYTHONPATH=/home/potato/ros2_ws/build/learning_pkg_python/prefix_override:/usr/lib/python3/dist-packages/colcon_core/task/python/colcon_distutils_commands:/home/potato/ros2_ws/install/learning_pkg_python/lib/python3.10/site-packages:${PYTHONPATH} /usr/bin/python3 -W ignore:setup.py install is deprecated setup.py egg_info --egg-base ../../../build/learning_pkg_python build --build-base /home/potato/ros2_ws/build/learning_pkg_python/build install --record /home/potato/ros2_ws/build/learning_pkg_python/install.log --single-version-externally-managed install_data
[1.111s] running egg_info
[1.112s] writing ../../../build/learning_pkg_python/learning_pkg_python.egg-info/PKG-INFO
[1.112s] writing dependency_links to ../../../build/learning_pkg_python/learning_pkg_python.egg-info/dependency_links.txt
[1.116s] writing entry points to ../../../build/learning_pkg_python/learning_pkg_python.egg-info/entry_points.txt
[1.116s] writing requirements to ../../../build/learning_pkg_python/learning_pkg_python.egg-info/requires.txt
[1.116s] writing top-level names to ../../../build/learning_pkg_python/learning_pkg_python.egg-info/top_level.txt
[1.116s] reading manifest file '../../../build/learning_pkg_python/learning_pkg_python.egg-info/SOURCES.txt'
[1.116s] writing manifest file '../../../build/learning_pkg_python/learning_pkg_python.egg-info/SOURCES.txt'
[1.116s] running build
[1.116s] running build_py
[1.117s] running install
[1.117s] running install_lib
[1.118s] running install_data
[1.118s] running install_egg_info
[1.125s] removing '/home/potato/ros2_ws/install/learning_pkg_python/lib/python3.10/site-packages/learning_pkg_python-0.0.0-py3.10.egg-info' (and everything under it)
[1.125s] Copying ../../../build/learning_pkg_python/learning_pkg_python.egg-info to /home/potato/ros2_ws/install/learning_pkg_python/lib/python3.10/site-packages/learning_pkg_python-0.0.0-py3.10.egg-info
[1.125s] running install_scripts
[1.143s] writing list of installed files to '/home/potato/ros2_ws/build/learning_pkg_python/install.log'
[1.172s] Invoked command in '/home/potato/ros2_ws/src/ros2_21_tutorials/learning_pkg_python' returned '0': PYTHONPATH=/home/potato/ros2_ws/build/learning_pkg_python/prefix_override:/usr/lib/python3/dist-packages/colcon_core/task/python/colcon_distutils_commands:/home/potato/ros2_ws/install/learning_pkg_python/lib/python3.10/site-packages:${PYTHONPATH} /usr/bin/python3 -W ignore:setup.py install is deprecated setup.py egg_info --egg-base ../../../build/learning_pkg_python build --build-base /home/potato/ros2_ws/build/learning_pkg_python/build install --record /home/potato/ros2_ws/build/learning_pkg_python/install.log --single-version-externally-managed install_data
