[0.854s] Invoking command in '/home/potato/ros2_ws/src/ros2_21_tutorials/learning_launch': PYTHONPATH=/home/potato/ros2_ws/build/learning_launch/prefix_override:/usr/lib/python3/dist-packages/colcon_core/task/python/colcon_distutils_commands:/home/potato/ros2_ws/install/learning_launch/lib/python3.10/site-packages:${PYTHONPATH} /usr/bin/python3 -W ignore:setup.py install is deprecated setup.py egg_info --egg-base ../../../build/learning_launch build --build-base /home/potato/ros2_ws/build/learning_launch/build install --record /home/potato/ros2_ws/build/learning_launch/install.log --single-version-externally-managed install_data
[1.140s] running egg_info
[1.144s] writing ../../../build/learning_launch/learning_launch.egg-info/PKG-INFO
[1.144s] writing dependency_links to ../../../build/learning_launch/learning_launch.egg-info/dependency_links.txt
[1.145s] writing entry points to ../../../build/learning_launch/learning_launch.egg-info/entry_points.txt
[1.147s] writing requirements to ../../../build/learning_launch/learning_launch.egg-info/requires.txt
[1.147s] writing top-level names to ../../../build/learning_launch/learning_launch.egg-info/top_level.txt
[1.157s] reading manifest file '../../../build/learning_launch/learning_launch.egg-info/SOURCES.txt'
[1.157s] writing manifest file '../../../build/learning_launch/learning_launch.egg-info/SOURCES.txt'
[1.157s] running build
[1.157s] running build_py
[1.157s] running install
[1.157s] running install_lib
[1.158s] running install_data
[1.159s] running install_egg_info
[1.162s] removing '/home/potato/ros2_ws/install/learning_launch/lib/python3.10/site-packages/learning_launch-0.0.0-py3.10.egg-info' (and everything under it)
[1.162s] Copying ../../../build/learning_launch/learning_launch.egg-info to /home/potato/ros2_ws/install/learning_launch/lib/python3.10/site-packages/learning_launch-0.0.0-py3.10.egg-info
[1.164s] running install_scripts
[1.207s] writing list of installed files to '/home/potato/ros2_ws/build/learning_launch/install.log'
[1.260s] Invoked command in '/home/potato/ros2_ws/src/ros2_21_tutorials/learning_launch' returned '0': PYTHONPATH=/home/potato/ros2_ws/build/learning_launch/prefix_override:/usr/lib/python3/dist-packages/colcon_core/task/python/colcon_distutils_commands:/home/potato/ros2_ws/install/learning_launch/lib/python3.10/site-packages:${PYTHONPATH} /usr/bin/python3 -W ignore:setup.py install is deprecated setup.py egg_info --egg-base ../../../build/learning_launch build --build-base /home/potato/ros2_ws/build/learning_launch/build install --record /home/potato/ros2_ws/build/learning_launch/install.log --single-version-externally-managed install_data
