[0.019s] Invoking command in '/home/potato/ros2_ws/build/learning_tf_cpp': CMAKE_PREFIX_PATH=${CMAKE_PREFIX_PATH}:/home/potato/ros2_ws/install/learning_urdf:/home/potato/ros2_ws/install/learning_topic:/home/potato/ros2_ws/install/learning_tf:/home/potato/ros2_ws/install/learning_service:/home/potato/ros2_ws/install/learning_qos:/home/potato/ros2_ws/install/learning_pkg_python:/home/potato/ros2_ws/install/learning_parameter:/home/potato/ros2_ws/install/learning_node:/home/potato/ros2_ws/install/learning_launch:/home/potato/ros2_ws/install/learning_action:/home/potato/ros2_ws/install/learning_gazebo_harmonic:/home/potato/ros2_ws/install/learning_gazebo:/home/potato/ros2_ws/install/learning_cv:/home/potato/dev_ws/install/learning_urdf:/home/potato/dev_ws/install/learning_topic:/home/potato/dev_ws/install/learning_tf:/home/potato/dev_ws/install/learning_service:/home/potato/dev_ws/install/learning_qos:/home/potato/dev_ws/install/learning_pkg_python:/home/potato/dev_ws/install/learning_parameter:/home/potato/dev_ws/install/learning_node:/home/potato/dev_ws/install/learning_launch:/home/potato/dev_ws/install/learning_action:/home/potato/dev_ws/install/learning_gazebo_harmonic:/home/potato/dev_ws/install/learning_gazebo:/home/potato/dev_ws/install/learning_cv:/home/potato/fishbot_ws/install/fishbot_description:/opt/ros/humble /usr/bin/cmake --build /home/potato/ros2_ws/build/learning_tf_cpp -- -j4 -l4
[0.106s] [ 25%] Built target static_tf_broadcaster
[0.106s] [ 50%] Built target turtle_tf_broadcaster
[0.115s] [ 75%] Built target tf_listener
[0.121s] [100%] Built target turtle_following
[0.136s] Invoked command in '/home/potato/ros2_ws/build/learning_tf_cpp' returned '0': CMAKE_PREFIX_PATH=${CMAKE_PREFIX_PATH}:/home/potato/ros2_ws/install/learning_urdf:/home/potato/ros2_ws/install/learning_topic:/home/potato/ros2_ws/install/learning_tf:/home/potato/ros2_ws/install/learning_service:/home/potato/ros2_ws/install/learning_qos:/home/potato/ros2_ws/install/learning_pkg_python:/home/potato/ros2_ws/install/learning_parameter:/home/potato/ros2_ws/install/learning_node:/home/potato/ros2_ws/install/learning_launch:/home/potato/ros2_ws/install/learning_action:/home/potato/ros2_ws/install/learning_gazebo_harmonic:/home/potato/ros2_ws/install/learning_gazebo:/home/potato/ros2_ws/install/learning_cv:/home/potato/dev_ws/install/learning_urdf:/home/potato/dev_ws/install/learning_topic:/home/potato/dev_ws/install/learning_tf:/home/potato/dev_ws/install/learning_service:/home/potato/dev_ws/install/learning_qos:/home/potato/dev_ws/install/learning_pkg_python:/home/potato/dev_ws/install/learning_parameter:/home/potato/dev_ws/install/learning_node:/home/potato/dev_ws/install/learning_launch:/home/potato/dev_ws/install/learning_action:/home/potato/dev_ws/install/learning_gazebo_harmonic:/home/potato/dev_ws/install/learning_gazebo:/home/potato/dev_ws/install/learning_cv:/home/potato/fishbot_ws/install/fishbot_description:/opt/ros/humble /usr/bin/cmake --build /home/potato/ros2_ws/build/learning_tf_cpp -- -j4 -l4
[0.185s] Invoking command in '/home/potato/ros2_ws/build/learning_tf_cpp': CMAKE_PREFIX_PATH=${CMAKE_PREFIX_PATH}:/home/potato/ros2_ws/install/learning_urdf:/home/potato/ros2_ws/install/learning_topic:/home/potato/ros2_ws/install/learning_tf:/home/potato/ros2_ws/install/learning_service:/home/potato/ros2_ws/install/learning_qos:/home/potato/ros2_ws/install/learning_pkg_python:/home/potato/ros2_ws/install/learning_parameter:/home/potato/ros2_ws/install/learning_node:/home/potato/ros2_ws/install/learning_launch:/home/potato/ros2_ws/install/learning_action:/home/potato/ros2_ws/install/learning_gazebo_harmonic:/home/potato/ros2_ws/install/learning_gazebo:/home/potato/ros2_ws/install/learning_cv:/home/potato/dev_ws/install/learning_urdf:/home/potato/dev_ws/install/learning_topic:/home/potato/dev_ws/install/learning_tf:/home/potato/dev_ws/install/learning_service:/home/potato/dev_ws/install/learning_qos:/home/potato/dev_ws/install/learning_pkg_python:/home/potato/dev_ws/install/learning_parameter:/home/potato/dev_ws/install/learning_node:/home/potato/dev_ws/install/learning_launch:/home/potato/dev_ws/install/learning_action:/home/potato/dev_ws/install/learning_gazebo_harmonic:/home/potato/dev_ws/install/learning_gazebo:/home/potato/dev_ws/install/learning_cv:/home/potato/fishbot_ws/install/fishbot_description:/opt/ros/humble /usr/bin/cmake --install /home/potato/ros2_ws/build/learning_tf_cpp
[0.188s] -- Install configuration: ""
[0.189s] -- Up-to-date: /home/potato/ros2_ws/install/learning_tf_cpp/lib/learning_tf_cpp/static_tf_broadcaster
[0.189s] -- Up-to-date: /home/potato/ros2_ws/install/learning_tf_cpp/lib/learning_tf_cpp/turtle_tf_broadcaster
[0.189s] -- Up-to-date: /home/potato/ros2_ws/install/learning_tf_cpp/lib/learning_tf_cpp/tf_listener
[0.190s] -- Up-to-date: /home/potato/ros2_ws/install/learning_tf_cpp/lib/learning_tf_cpp/turtle_following
[0.190s] -- Up-to-date: /home/potato/ros2_ws/install/learning_tf_cpp/share/learning_tf_cpp//launch
[0.190s] -- Up-to-date: /home/potato/ros2_ws/install/learning_tf_cpp/share/learning_tf_cpp//launch/turtle_following_demo.launch.py
[0.190s] -- Up-to-date: /home/potato/ros2_ws/install/learning_tf_cpp/share/ament_index/resource_index/package_run_dependencies/learning_tf_cpp
[0.190s] -- Up-to-date: /home/potato/ros2_ws/install/learning_tf_cpp/share/ament_index/resource_index/parent_prefix_path/learning_tf_cpp
[0.190s] -- Up-to-date: /home/potato/ros2_ws/install/learning_tf_cpp/share/learning_tf_cpp/environment/ament_prefix_path.sh
[0.190s] -- Up-to-date: /home/potato/ros2_ws/install/learning_tf_cpp/share/learning_tf_cpp/environment/ament_prefix_path.dsv
[0.190s] -- Up-to-date: /home/potato/ros2_ws/install/learning_tf_cpp/share/learning_tf_cpp/environment/path.sh
[0.191s] -- Up-to-date: /home/potato/ros2_ws/install/learning_tf_cpp/share/learning_tf_cpp/environment/path.dsv
[0.191s] -- Up-to-date: /home/potato/ros2_ws/install/learning_tf_cpp/share/learning_tf_cpp/local_setup.bash
[0.191s] -- Up-to-date: /home/potato/ros2_ws/install/learning_tf_cpp/share/learning_tf_cpp/local_setup.sh
[0.191s] -- Up-to-date: /home/potato/ros2_ws/install/learning_tf_cpp/share/learning_tf_cpp/local_setup.zsh
[0.191s] -- Up-to-date: /home/potato/ros2_ws/install/learning_tf_cpp/share/learning_tf_cpp/local_setup.dsv
[0.191s] -- Installing: /home/potato/ros2_ws/install/learning_tf_cpp/share/learning_tf_cpp/package.dsv
[0.191s] -- Up-to-date: /home/potato/ros2_ws/install/learning_tf_cpp/share/ament_index/resource_index/packages/learning_tf_cpp
[0.192s] -- Up-to-date: /home/potato/ros2_ws/install/learning_tf_cpp/share/learning_tf_cpp/cmake/learning_tf_cppConfig.cmake
[0.192s] -- Up-to-date: /home/potato/ros2_ws/install/learning_tf_cpp/share/learning_tf_cpp/cmake/learning_tf_cppConfig-version.cmake
[0.192s] -- Up-to-date: /home/potato/ros2_ws/install/learning_tf_cpp/share/learning_tf_cpp/package.xml
[0.198s] Invoked command in '/home/potato/ros2_ws/build/learning_tf_cpp' returned '0': CMAKE_PREFIX_PATH=${CMAKE_PREFIX_PATH}:/home/potato/ros2_ws/install/learning_urdf:/home/potato/ros2_ws/install/learning_topic:/home/potato/ros2_ws/install/learning_tf:/home/potato/ros2_ws/install/learning_service:/home/potato/ros2_ws/install/learning_qos:/home/potato/ros2_ws/install/learning_pkg_python:/home/potato/ros2_ws/install/learning_parameter:/home/potato/ros2_ws/install/learning_node:/home/potato/ros2_ws/install/learning_launch:/home/potato/ros2_ws/install/learning_action:/home/potato/ros2_ws/install/learning_gazebo_harmonic:/home/potato/ros2_ws/install/learning_gazebo:/home/potato/ros2_ws/install/learning_cv:/home/potato/dev_ws/install/learning_urdf:/home/potato/dev_ws/install/learning_topic:/home/potato/dev_ws/install/learning_tf:/home/potato/dev_ws/install/learning_service:/home/potato/dev_ws/install/learning_qos:/home/potato/dev_ws/install/learning_pkg_python:/home/potato/dev_ws/install/learning_parameter:/home/potato/dev_ws/install/learning_node:/home/potato/dev_ws/install/learning_launch:/home/potato/dev_ws/install/learning_action:/home/potato/dev_ws/install/learning_gazebo_harmonic:/home/potato/dev_ws/install/learning_gazebo:/home/potato/dev_ws/install/learning_cv:/home/potato/fishbot_ws/install/fishbot_description:/opt/ros/humble /usr/bin/cmake --install /home/potato/ros2_ws/build/learning_tf_cpp
