[0.211s] DEBUG:colcon:Command line arguments: ['/usr/bin/colcon', 'list', '-p', '--base-paths', '/home/potato/ros2_ws']
[0.211s] DEBUG:colcon:Parsed command line arguments: Namespace(log_base=None, log_level=None, verb_name='list', build_base='build', ignore_user_meta=False, metas=['./colcon.meta'], base_paths=['/home/potato/ros2_ws'], packages_ignore=None, packages_ignore_regex=None, paths=None, packages_up_to=None, packages_up_to_regex=None, packages_above=None, packages_above_and_dependencies=None, packages_above_depth=None, packages_select_by_dep=None, packages_skip_by_dep=None, packages_skip_up_to=None, packages_select_build_failed=False, packages_skip_build_finished=False, packages_select_test_failures=False, packages_skip_test_passed=False, packages_select=None, packages_skip=None, packages_select_regex=None, packages_skip_regex=None, packages_start=None, packages_end=None, allow_overriding=[], topological_order=False, names_only=False, paths_only=True, topological_graph=False, topological_graph_dot=False, topological_graph_density=False, topological_graph_legend=False, topological_graph_dot_cluster=False, topological_graph_dot_include_skipped=False, verb_parser=<colcon_defaults.argument_parser.defaults.DefaultArgumentsDecorator object at 0x7d0a17d1dba0>, verb_extension=<colcon_package_information.verb.list.ListVerb object at 0x7d0a17d1cbb0>, main=<bound method ListVerb.main of <colcon_package_information.verb.list.ListVerb object at 0x7d0a17d1cbb0>>)
[0.604s] Level 1:colcon.colcon_core.package_discovery:discover_packages(colcon_meta) check parameters
[0.604s] Level 1:colcon.colcon_core.package_discovery:discover_packages(recursive) check parameters
[0.604s] Level 1:colcon.colcon_core.package_discovery:discover_packages(ignore) check parameters
[0.604s] Level 1:colcon.colcon_core.package_discovery:discover_packages(path) check parameters
[0.604s] Level 1:colcon.colcon_core.package_discovery:discover_packages(recursive) discover
[0.604s] INFO:colcon.colcon_core.package_discovery:Crawling recursively for packages in '/home/potato/ros2_ws'
[0.604s] Level 1:colcon.colcon_core.package_identification:_identify(/home/potato/ros2_ws) by extensions ['ignore', 'ignore_ament_install']
[0.605s] Level 1:colcon.colcon_core.package_identification:_identify(/home/potato/ros2_ws) by extension 'ignore'
[0.605s] Level 1:colcon.colcon_core.package_identification:_identify(/home/potato/ros2_ws) by extension 'ignore_ament_install'
[0.605s] Level 1:colcon.colcon_core.package_identification:_identify(/home/potato/ros2_ws) by extensions ['colcon_pkg']
[0.605s] Level 1:colcon.colcon_core.package_identification:_identify(/home/potato/ros2_ws) by extension 'colcon_pkg'
[0.605s] Level 1:colcon.colcon_core.package_identification:_identify(/home/potato/ros2_ws) by extensions ['colcon_meta']
[0.605s] Level 1:colcon.colcon_core.package_identification:_identify(/home/potato/ros2_ws) by extension 'colcon_meta'
[0.605s] Level 1:colcon.colcon_core.package_identification:_identify(/home/potato/ros2_ws) by extensions ['ros']
[0.605s] Level 1:colcon.colcon_core.package_identification:_identify(/home/potato/ros2_ws) by extension 'ros'
[0.617s] Level 1:colcon.colcon_core.package_identification:_identify(/home/potato/ros2_ws) by extensions ['cmake', 'python']
[0.617s] Level 1:colcon.colcon_core.package_identification:_identify(/home/potato/ros2_ws) by extension 'cmake'
[0.617s] Level 1:colcon.colcon_core.package_identification:_identify(/home/potato/ros2_ws) by extension 'python'
[0.617s] Level 1:colcon.colcon_core.package_identification:_identify(/home/potato/ros2_ws) by extensions ['python_setup_py']
[0.617s] Level 1:colcon.colcon_core.package_identification:_identify(/home/potato/ros2_ws) by extension 'python_setup_py'
[0.617s] Level 1:colcon.colcon_core.package_identification:_identify(/home/potato/ros2_ws/build) by extensions ['ignore', 'ignore_ament_install']
[0.617s] Level 1:colcon.colcon_core.package_identification:_identify(/home/potato/ros2_ws/build) by extension 'ignore'
[0.618s] Level 1:colcon.colcon_core.package_identification:_identify(/home/potato/ros2_ws/build) ignored
[0.619s] Level 1:colcon.colcon_core.package_identification:_identify(/home/potato/ros2_ws/install) by extensions ['ignore', 'ignore_ament_install']
[0.619s] Level 1:colcon.colcon_core.package_identification:_identify(/home/potato/ros2_ws/install) by extension 'ignore'
[0.619s] Level 1:colcon.colcon_core.package_identification:_identify(/home/potato/ros2_ws/install) ignored
[0.619s] Level 1:colcon.colcon_core.package_identification:_identify(/home/potato/ros2_ws/log) by extensions ['ignore', 'ignore_ament_install']
[0.619s] Level 1:colcon.colcon_core.package_identification:_identify(/home/potato/ros2_ws/log) by extension 'ignore'
[0.619s] Level 1:colcon.colcon_core.package_identification:_identify(/home/potato/ros2_ws/log) ignored
[0.619s] Level 1:colcon.colcon_core.package_identification:_identify(/home/potato/ros2_ws/src) by extensions ['ignore', 'ignore_ament_install']
[0.619s] Level 1:colcon.colcon_core.package_identification:_identify(/home/potato/ros2_ws/src) by extension 'ignore'
[0.619s] Level 1:colcon.colcon_core.package_identification:_identify(/home/potato/ros2_ws/src) by extension 'ignore_ament_install'
[0.619s] Level 1:colcon.colcon_core.package_identification:_identify(/home/potato/ros2_ws/src) by extensions ['colcon_pkg']
[0.619s] Level 1:colcon.colcon_core.package_identification:_identify(/home/potato/ros2_ws/src) by extension 'colcon_pkg'
[0.619s] Level 1:colcon.colcon_core.package_identification:_identify(/home/potato/ros2_ws/src) by extensions ['colcon_meta']
[0.619s] Level 1:colcon.colcon_core.package_identification:_identify(/home/potato/ros2_ws/src) by extension 'colcon_meta'
[0.619s] Level 1:colcon.colcon_core.package_identification:_identify(/home/potato/ros2_ws/src) by extensions ['ros']
[0.619s] Level 1:colcon.colcon_core.package_identification:_identify(/home/potato/ros2_ws/src) by extension 'ros'
[0.619s] Level 1:colcon.colcon_core.package_identification:_identify(/home/potato/ros2_ws/src) by extensions ['cmake', 'python']
[0.619s] Level 1:colcon.colcon_core.package_identification:_identify(/home/potato/ros2_ws/src) by extension 'cmake'
[0.619s] Level 1:colcon.colcon_core.package_identification:_identify(/home/potato/ros2_ws/src) by extension 'python'
[0.619s] Level 1:colcon.colcon_core.package_identification:_identify(/home/potato/ros2_ws/src) by extensions ['python_setup_py']
[0.619s] Level 1:colcon.colcon_core.package_identification:_identify(/home/potato/ros2_ws/src) by extension 'python_setup_py'
[0.620s] Level 1:colcon.colcon_core.package_identification:_identify(/home/potato/ros2_ws/src/ros2_21_tutorials) by extensions ['ignore', 'ignore_ament_install']
[0.620s] Level 1:colcon.colcon_core.package_identification:_identify(/home/potato/ros2_ws/src/ros2_21_tutorials) by extension 'ignore'
[0.620s] Level 1:colcon.colcon_core.package_identification:_identify(/home/potato/ros2_ws/src/ros2_21_tutorials) by extension 'ignore_ament_install'
[0.620s] Level 1:colcon.colcon_core.package_identification:_identify(/home/potato/ros2_ws/src/ros2_21_tutorials) by extensions ['colcon_pkg']
[0.620s] Level 1:colcon.colcon_core.package_identification:_identify(/home/potato/ros2_ws/src/ros2_21_tutorials) by extension 'colcon_pkg'
[0.620s] Level 1:colcon.colcon_core.package_identification:_identify(/home/potato/ros2_ws/src/ros2_21_tutorials) by extensions ['colcon_meta']
[0.620s] Level 1:colcon.colcon_core.package_identification:_identify(/home/potato/ros2_ws/src/ros2_21_tutorials) by extension 'colcon_meta'
[0.620s] Level 1:colcon.colcon_core.package_identification:_identify(/home/potato/ros2_ws/src/ros2_21_tutorials) by extensions ['ros']
[0.620s] Level 1:colcon.colcon_core.package_identification:_identify(/home/potato/ros2_ws/src/ros2_21_tutorials) by extension 'ros'
[0.620s] Level 1:colcon.colcon_core.package_identification:_identify(/home/potato/ros2_ws/src/ros2_21_tutorials) by extensions ['cmake', 'python']
[0.620s] Level 1:colcon.colcon_core.package_identification:_identify(/home/potato/ros2_ws/src/ros2_21_tutorials) by extension 'cmake'
[0.620s] Level 1:colcon.colcon_core.package_identification:_identify(/home/potato/ros2_ws/src/ros2_21_tutorials) by extension 'python'
[0.620s] Level 1:colcon.colcon_core.package_identification:_identify(/home/potato/ros2_ws/src/ros2_21_tutorials) by extensions ['python_setup_py']
[0.620s] Level 1:colcon.colcon_core.package_identification:_identify(/home/potato/ros2_ws/src/ros2_21_tutorials) by extension 'python_setup_py'
[0.620s] Level 1:colcon.colcon_core.package_identification:_identify(/home/potato/ros2_ws/src/ros2_21_tutorials/docs) by extensions ['ignore', 'ignore_ament_install']
[0.620s] Level 1:colcon.colcon_core.package_identification:_identify(/home/potato/ros2_ws/src/ros2_21_tutorials/docs) by extension 'ignore'
[0.620s] Level 1:colcon.colcon_core.package_identification:_identify(/home/potato/ros2_ws/src/ros2_21_tutorials/docs) by extension 'ignore_ament_install'
[0.620s] Level 1:colcon.colcon_core.package_identification:_identify(/home/potato/ros2_ws/src/ros2_21_tutorials/docs) by extensions ['colcon_pkg']
[0.620s] Level 1:colcon.colcon_core.package_identification:_identify(/home/potato/ros2_ws/src/ros2_21_tutorials/docs) by extension 'colcon_pkg'
[0.620s] Level 1:colcon.colcon_core.package_identification:_identify(/home/potato/ros2_ws/src/ros2_21_tutorials/docs) by extensions ['colcon_meta']
[0.620s] Level 1:colcon.colcon_core.package_identification:_identify(/home/potato/ros2_ws/src/ros2_21_tutorials/docs) by extension 'colcon_meta'
[0.620s] Level 1:colcon.colcon_core.package_identification:_identify(/home/potato/ros2_ws/src/ros2_21_tutorials/docs) by extensions ['ros']
[0.620s] Level 1:colcon.colcon_core.package_identification:_identify(/home/potato/ros2_ws/src/ros2_21_tutorials/docs) by extension 'ros'
[0.620s] Level 1:colcon.colcon_core.package_identification:_identify(/home/potato/ros2_ws/src/ros2_21_tutorials/docs) by extensions ['cmake', 'python']
[0.620s] Level 1:colcon.colcon_core.package_identification:_identify(/home/potato/ros2_ws/src/ros2_21_tutorials/docs) by extension 'cmake'
[0.620s] Level 1:colcon.colcon_core.package_identification:_identify(/home/potato/ros2_ws/src/ros2_21_tutorials/docs) by extension 'python'
[0.620s] Level 1:colcon.colcon_core.package_identification:_identify(/home/potato/ros2_ws/src/ros2_21_tutorials/docs) by extensions ['python_setup_py']
[0.620s] Level 1:colcon.colcon_core.package_identification:_identify(/home/potato/ros2_ws/src/ros2_21_tutorials/docs) by extension 'python_setup_py'
[0.621s] Level 1:colcon.colcon_core.package_identification:_identify(/home/potato/ros2_ws/src/ros2_21_tutorials/docs/images) by extensions ['ignore', 'ignore_ament_install']
[0.621s] Level 1:colcon.colcon_core.package_identification:_identify(/home/potato/ros2_ws/src/ros2_21_tutorials/docs/images) by extension 'ignore'
[0.621s] Level 1:colcon.colcon_core.package_identification:_identify(/home/potato/ros2_ws/src/ros2_21_tutorials/docs/images) by extension 'ignore_ament_install'
[0.621s] Level 1:colcon.colcon_core.package_identification:_identify(/home/potato/ros2_ws/src/ros2_21_tutorials/docs/images) by extensions ['colcon_pkg']
[0.621s] Level 1:colcon.colcon_core.package_identification:_identify(/home/potato/ros2_ws/src/ros2_21_tutorials/docs/images) by extension 'colcon_pkg'
[0.621s] Level 1:colcon.colcon_core.package_identification:_identify(/home/potato/ros2_ws/src/ros2_21_tutorials/docs/images) by extensions ['colcon_meta']
[0.621s] Level 1:colcon.colcon_core.package_identification:_identify(/home/potato/ros2_ws/src/ros2_21_tutorials/docs/images) by extension 'colcon_meta'
[0.621s] Level 1:colcon.colcon_core.package_identification:_identify(/home/potato/ros2_ws/src/ros2_21_tutorials/docs/images) by extensions ['ros']
[0.621s] Level 1:colcon.colcon_core.package_identification:_identify(/home/potato/ros2_ws/src/ros2_21_tutorials/docs/images) by extension 'ros'
[0.621s] Level 1:colcon.colcon_core.package_identification:_identify(/home/potato/ros2_ws/src/ros2_21_tutorials/docs/images) by extensions ['cmake', 'python']
[0.621s] Level 1:colcon.colcon_core.package_identification:_identify(/home/potato/ros2_ws/src/ros2_21_tutorials/docs/images) by extension 'cmake'
[0.621s] Level 1:colcon.colcon_core.package_identification:_identify(/home/potato/ros2_ws/src/ros2_21_tutorials/docs/images) by extension 'python'
[0.621s] Level 1:colcon.colcon_core.package_identification:_identify(/home/potato/ros2_ws/src/ros2_21_tutorials/docs/images) by extensions ['python_setup_py']
[0.621s] Level 1:colcon.colcon_core.package_identification:_identify(/home/potato/ros2_ws/src/ros2_21_tutorials/docs/images) by extension 'python_setup_py'
[0.621s] Level 1:colcon.colcon_core.package_identification:_identify(/home/potato/ros2_ws/src/ros2_21_tutorials/learning_action) by extensions ['ignore', 'ignore_ament_install']
[0.621s] Level 1:colcon.colcon_core.package_identification:_identify(/home/potato/ros2_ws/src/ros2_21_tutorials/learning_action) by extension 'ignore'
[0.621s] Level 1:colcon.colcon_core.package_identification:_identify(/home/potato/ros2_ws/src/ros2_21_tutorials/learning_action) by extension 'ignore_ament_install'
[0.621s] Level 1:colcon.colcon_core.package_identification:_identify(/home/potato/ros2_ws/src/ros2_21_tutorials/learning_action) by extensions ['colcon_pkg']
[0.621s] Level 1:colcon.colcon_core.package_identification:_identify(/home/potato/ros2_ws/src/ros2_21_tutorials/learning_action) by extension 'colcon_pkg'
[0.621s] Level 1:colcon.colcon_core.package_identification:_identify(/home/potato/ros2_ws/src/ros2_21_tutorials/learning_action) by extensions ['colcon_meta']
[0.621s] Level 1:colcon.colcon_core.package_identification:_identify(/home/potato/ros2_ws/src/ros2_21_tutorials/learning_action) by extension 'colcon_meta'
[0.621s] Level 1:colcon.colcon_core.package_identification:_identify(/home/potato/ros2_ws/src/ros2_21_tutorials/learning_action) by extensions ['ros']
[0.621s] Level 1:colcon.colcon_core.package_identification:_identify(/home/potato/ros2_ws/src/ros2_21_tutorials/learning_action) by extension 'ros'
[0.624s] DEBUG:colcon.colcon_core.package_identification:Package '/home/potato/ros2_ws/src/ros2_21_tutorials/learning_action' with type 'ros.ament_python' and name 'learning_action'
[0.624s] Level 1:colcon.colcon_core.package_identification:_identify(/home/potato/ros2_ws/src/ros2_21_tutorials/learning_action_cpp) by extensions ['ignore', 'ignore_ament_install']
[0.624s] Level 1:colcon.colcon_core.package_identification:_identify(/home/potato/ros2_ws/src/ros2_21_tutorials/learning_action_cpp) by extension 'ignore'
[0.624s] Level 1:colcon.colcon_core.package_identification:_identify(/home/potato/ros2_ws/src/ros2_21_tutorials/learning_action_cpp) by extension 'ignore_ament_install'
[0.624s] Level 1:colcon.colcon_core.package_identification:_identify(/home/potato/ros2_ws/src/ros2_21_tutorials/learning_action_cpp) by extensions ['colcon_pkg']
[0.624s] Level 1:colcon.colcon_core.package_identification:_identify(/home/potato/ros2_ws/src/ros2_21_tutorials/learning_action_cpp) by extension 'colcon_pkg'
[0.624s] Level 1:colcon.colcon_core.package_identification:_identify(/home/potato/ros2_ws/src/ros2_21_tutorials/learning_action_cpp) by extensions ['colcon_meta']
[0.624s] Level 1:colcon.colcon_core.package_identification:_identify(/home/potato/ros2_ws/src/ros2_21_tutorials/learning_action_cpp) by extension 'colcon_meta'
[0.624s] Level 1:colcon.colcon_core.package_identification:_identify(/home/potato/ros2_ws/src/ros2_21_tutorials/learning_action_cpp) by extensions ['ros']
[0.624s] Level 1:colcon.colcon_core.package_identification:_identify(/home/potato/ros2_ws/src/ros2_21_tutorials/learning_action_cpp) by extension 'ros'
[0.625s] DEBUG:colcon.colcon_core.package_identification:Package '/home/potato/ros2_ws/src/ros2_21_tutorials/learning_action_cpp' with type 'ros.ament_cmake' and name 'learning_action_cpp'
[0.625s] Level 1:colcon.colcon_core.package_identification:_identify(/home/potato/ros2_ws/src/ros2_21_tutorials/learning_cv) by extensions ['ignore', 'ignore_ament_install']
[0.625s] Level 1:colcon.colcon_core.package_identification:_identify(/home/potato/ros2_ws/src/ros2_21_tutorials/learning_cv) by extension 'ignore'
[0.625s] Level 1:colcon.colcon_core.package_identification:_identify(/home/potato/ros2_ws/src/ros2_21_tutorials/learning_cv) by extension 'ignore_ament_install'
[0.625s] Level 1:colcon.colcon_core.package_identification:_identify(/home/potato/ros2_ws/src/ros2_21_tutorials/learning_cv) by extensions ['colcon_pkg']
[0.625s] Level 1:colcon.colcon_core.package_identification:_identify(/home/potato/ros2_ws/src/ros2_21_tutorials/learning_cv) by extension 'colcon_pkg'
[0.625s] Level 1:colcon.colcon_core.package_identification:_identify(/home/potato/ros2_ws/src/ros2_21_tutorials/learning_cv) by extensions ['colcon_meta']
[0.625s] Level 1:colcon.colcon_core.package_identification:_identify(/home/potato/ros2_ws/src/ros2_21_tutorials/learning_cv) by extension 'colcon_meta'
[0.625s] Level 1:colcon.colcon_core.package_identification:_identify(/home/potato/ros2_ws/src/ros2_21_tutorials/learning_cv) by extensions ['ros']
[0.626s] Level 1:colcon.colcon_core.package_identification:_identify(/home/potato/ros2_ws/src/ros2_21_tutorials/learning_cv) by extension 'ros'
[0.626s] DEBUG:colcon.colcon_core.package_identification:Package '/home/potato/ros2_ws/src/ros2_21_tutorials/learning_cv' with type 'ros.ament_python' and name 'learning_cv'
[0.626s] Level 1:colcon.colcon_core.package_identification:_identify(/home/potato/ros2_ws/src/ros2_21_tutorials/learning_gazebo) by extensions ['ignore', 'ignore_ament_install']
[0.627s] Level 1:colcon.colcon_core.package_identification:_identify(/home/potato/ros2_ws/src/ros2_21_tutorials/learning_gazebo) by extension 'ignore'
[0.627s] Level 1:colcon.colcon_core.package_identification:_identify(/home/potato/ros2_ws/src/ros2_21_tutorials/learning_gazebo) by extension 'ignore_ament_install'
[0.627s] Level 1:colcon.colcon_core.package_identification:_identify(/home/potato/ros2_ws/src/ros2_21_tutorials/learning_gazebo) by extensions ['colcon_pkg']
[0.627s] Level 1:colcon.colcon_core.package_identification:_identify(/home/potato/ros2_ws/src/ros2_21_tutorials/learning_gazebo) by extension 'colcon_pkg'
[0.627s] Level 1:colcon.colcon_core.package_identification:_identify(/home/potato/ros2_ws/src/ros2_21_tutorials/learning_gazebo) by extensions ['colcon_meta']
[0.627s] Level 1:colcon.colcon_core.package_identification:_identify(/home/potato/ros2_ws/src/ros2_21_tutorials/learning_gazebo) by extension 'colcon_meta'
[0.627s] Level 1:colcon.colcon_core.package_identification:_identify(/home/potato/ros2_ws/src/ros2_21_tutorials/learning_gazebo) by extensions ['ros']
[0.627s] Level 1:colcon.colcon_core.package_identification:_identify(/home/potato/ros2_ws/src/ros2_21_tutorials/learning_gazebo) by extension 'ros'
[0.627s] DEBUG:colcon.colcon_core.package_identification:Package '/home/potato/ros2_ws/src/ros2_21_tutorials/learning_gazebo' with type 'ros.ament_python' and name 'learning_gazebo'
[0.628s] Level 1:colcon.colcon_core.package_identification:_identify(/home/potato/ros2_ws/src/ros2_21_tutorials/learning_gazebo_harmonic) by extensions ['ignore', 'ignore_ament_install']
[0.628s] Level 1:colcon.colcon_core.package_identification:_identify(/home/potato/ros2_ws/src/ros2_21_tutorials/learning_gazebo_harmonic) by extension 'ignore'
[0.628s] Level 1:colcon.colcon_core.package_identification:_identify(/home/potato/ros2_ws/src/ros2_21_tutorials/learning_gazebo_harmonic) by extension 'ignore_ament_install'
[0.628s] Level 1:colcon.colcon_core.package_identification:_identify(/home/potato/ros2_ws/src/ros2_21_tutorials/learning_gazebo_harmonic) by extensions ['colcon_pkg']
[0.628s] Level 1:colcon.colcon_core.package_identification:_identify(/home/potato/ros2_ws/src/ros2_21_tutorials/learning_gazebo_harmonic) by extension 'colcon_pkg'
[0.628s] Level 1:colcon.colcon_core.package_identification:_identify(/home/potato/ros2_ws/src/ros2_21_tutorials/learning_gazebo_harmonic) by extensions ['colcon_meta']
[0.628s] Level 1:colcon.colcon_core.package_identification:_identify(/home/potato/ros2_ws/src/ros2_21_tutorials/learning_gazebo_harmonic) by extension 'colcon_meta'
[0.628s] Level 1:colcon.colcon_core.package_identification:_identify(/home/potato/ros2_ws/src/ros2_21_tutorials/learning_gazebo_harmonic) by extensions ['ros']
[0.628s] Level 1:colcon.colcon_core.package_identification:_identify(/home/potato/ros2_ws/src/ros2_21_tutorials/learning_gazebo_harmonic) by extension 'ros'
[0.629s] DEBUG:colcon.colcon_core.package_identification:Package '/home/potato/ros2_ws/src/ros2_21_tutorials/learning_gazebo_harmonic' with type 'ros.ament_python' and name 'learning_gazebo_harmonic'
[0.629s] Level 1:colcon.colcon_core.package_identification:_identify(/home/potato/ros2_ws/src/ros2_21_tutorials/learning_interface) by extensions ['ignore', 'ignore_ament_install']
[0.629s] Level 1:colcon.colcon_core.package_identification:_identify(/home/potato/ros2_ws/src/ros2_21_tutorials/learning_interface) by extension 'ignore'
[0.629s] Level 1:colcon.colcon_core.package_identification:_identify(/home/potato/ros2_ws/src/ros2_21_tutorials/learning_interface) by extension 'ignore_ament_install'
[0.629s] Level 1:colcon.colcon_core.package_identification:_identify(/home/potato/ros2_ws/src/ros2_21_tutorials/learning_interface) by extensions ['colcon_pkg']
[0.629s] Level 1:colcon.colcon_core.package_identification:_identify(/home/potato/ros2_ws/src/ros2_21_tutorials/learning_interface) by extension 'colcon_pkg'
[0.629s] Level 1:colcon.colcon_core.package_identification:_identify(/home/potato/ros2_ws/src/ros2_21_tutorials/learning_interface) by extensions ['colcon_meta']
[0.629s] Level 1:colcon.colcon_core.package_identification:_identify(/home/potato/ros2_ws/src/ros2_21_tutorials/learning_interface) by extension 'colcon_meta'
[0.629s] Level 1:colcon.colcon_core.package_identification:_identify(/home/potato/ros2_ws/src/ros2_21_tutorials/learning_interface) by extensions ['ros']
[0.629s] Level 1:colcon.colcon_core.package_identification:_identify(/home/potato/ros2_ws/src/ros2_21_tutorials/learning_interface) by extension 'ros'
[0.630s] DEBUG:colcon.colcon_core.package_identification:Package '/home/potato/ros2_ws/src/ros2_21_tutorials/learning_interface' with type 'ros.ament_cmake' and name 'learning_interface'
[0.630s] Level 1:colcon.colcon_core.package_identification:_identify(/home/potato/ros2_ws/src/ros2_21_tutorials/learning_launch) by extensions ['ignore', 'ignore_ament_install']
[0.630s] Level 1:colcon.colcon_core.package_identification:_identify(/home/potato/ros2_ws/src/ros2_21_tutorials/learning_launch) by extension 'ignore'
[0.630s] Level 1:colcon.colcon_core.package_identification:_identify(/home/potato/ros2_ws/src/ros2_21_tutorials/learning_launch) by extension 'ignore_ament_install'
[0.630s] Level 1:colcon.colcon_core.package_identification:_identify(/home/potato/ros2_ws/src/ros2_21_tutorials/learning_launch) by extensions ['colcon_pkg']
[0.630s] Level 1:colcon.colcon_core.package_identification:_identify(/home/potato/ros2_ws/src/ros2_21_tutorials/learning_launch) by extension 'colcon_pkg'
[0.630s] Level 1:colcon.colcon_core.package_identification:_identify(/home/potato/ros2_ws/src/ros2_21_tutorials/learning_launch) by extensions ['colcon_meta']
[0.630s] Level 1:colcon.colcon_core.package_identification:_identify(/home/potato/ros2_ws/src/ros2_21_tutorials/learning_launch) by extension 'colcon_meta'
[0.630s] Level 1:colcon.colcon_core.package_identification:_identify(/home/potato/ros2_ws/src/ros2_21_tutorials/learning_launch) by extensions ['ros']
[0.630s] Level 1:colcon.colcon_core.package_identification:_identify(/home/potato/ros2_ws/src/ros2_21_tutorials/learning_launch) by extension 'ros'
[0.631s] DEBUG:colcon.colcon_core.package_identification:Package '/home/potato/ros2_ws/src/ros2_21_tutorials/learning_launch' with type 'ros.ament_python' and name 'learning_launch'
[0.631s] Level 1:colcon.colcon_core.package_identification:_identify(/home/potato/ros2_ws/src/ros2_21_tutorials/learning_node) by extensions ['ignore', 'ignore_ament_install']
[0.631s] Level 1:colcon.colcon_core.package_identification:_identify(/home/potato/ros2_ws/src/ros2_21_tutorials/learning_node) by extension 'ignore'
[0.631s] Level 1:colcon.colcon_core.package_identification:_identify(/home/potato/ros2_ws/src/ros2_21_tutorials/learning_node) by extension 'ignore_ament_install'
[0.631s] Level 1:colcon.colcon_core.package_identification:_identify(/home/potato/ros2_ws/src/ros2_21_tutorials/learning_node) by extensions ['colcon_pkg']
[0.631s] Level 1:colcon.colcon_core.package_identification:_identify(/home/potato/ros2_ws/src/ros2_21_tutorials/learning_node) by extension 'colcon_pkg'
[0.631s] Level 1:colcon.colcon_core.package_identification:_identify(/home/potato/ros2_ws/src/ros2_21_tutorials/learning_node) by extensions ['colcon_meta']
[0.631s] Level 1:colcon.colcon_core.package_identification:_identify(/home/potato/ros2_ws/src/ros2_21_tutorials/learning_node) by extension 'colcon_meta'
[0.631s] Level 1:colcon.colcon_core.package_identification:_identify(/home/potato/ros2_ws/src/ros2_21_tutorials/learning_node) by extensions ['ros']
[0.631s] Level 1:colcon.colcon_core.package_identification:_identify(/home/potato/ros2_ws/src/ros2_21_tutorials/learning_node) by extension 'ros'
[0.631s] DEBUG:colcon.colcon_core.package_identification:Package '/home/potato/ros2_ws/src/ros2_21_tutorials/learning_node' with type 'ros.ament_python' and name 'learning_node'
[0.632s] Level 1:colcon.colcon_core.package_identification:_identify(/home/potato/ros2_ws/src/ros2_21_tutorials/learning_node_cpp) by extensions ['ignore', 'ignore_ament_install']
[0.632s] Level 1:colcon.colcon_core.package_identification:_identify(/home/potato/ros2_ws/src/ros2_21_tutorials/learning_node_cpp) by extension 'ignore'
[0.632s] Level 1:colcon.colcon_core.package_identification:_identify(/home/potato/ros2_ws/src/ros2_21_tutorials/learning_node_cpp) by extension 'ignore_ament_install'
[0.632s] Level 1:colcon.colcon_core.package_identification:_identify(/home/potato/ros2_ws/src/ros2_21_tutorials/learning_node_cpp) by extensions ['colcon_pkg']
[0.633s] Level 1:colcon.colcon_core.package_identification:_identify(/home/potato/ros2_ws/src/ros2_21_tutorials/learning_node_cpp) by extension 'colcon_pkg'
[0.633s] Level 1:colcon.colcon_core.package_identification:_identify(/home/potato/ros2_ws/src/ros2_21_tutorials/learning_node_cpp) by extensions ['colcon_meta']
[0.633s] Level 1:colcon.colcon_core.package_identification:_identify(/home/potato/ros2_ws/src/ros2_21_tutorials/learning_node_cpp) by extension 'colcon_meta'
[0.633s] Level 1:colcon.colcon_core.package_identification:_identify(/home/potato/ros2_ws/src/ros2_21_tutorials/learning_node_cpp) by extensions ['ros']
[0.633s] Level 1:colcon.colcon_core.package_identification:_identify(/home/potato/ros2_ws/src/ros2_21_tutorials/learning_node_cpp) by extension 'ros'
[0.633s] DEBUG:colcon.colcon_core.package_identification:Package '/home/potato/ros2_ws/src/ros2_21_tutorials/learning_node_cpp' with type 'ros.ament_cmake' and name 'learning_node_cpp'
[0.633s] Level 1:colcon.colcon_core.package_identification:_identify(/home/potato/ros2_ws/src/ros2_21_tutorials/learning_parameter) by extensions ['ignore', 'ignore_ament_install']
[0.633s] Level 1:colcon.colcon_core.package_identification:_identify(/home/potato/ros2_ws/src/ros2_21_tutorials/learning_parameter) by extension 'ignore'
[0.633s] Level 1:colcon.colcon_core.package_identification:_identify(/home/potato/ros2_ws/src/ros2_21_tutorials/learning_parameter) by extension 'ignore_ament_install'
[0.633s] Level 1:colcon.colcon_core.package_identification:_identify(/home/potato/ros2_ws/src/ros2_21_tutorials/learning_parameter) by extensions ['colcon_pkg']
[0.633s] Level 1:colcon.colcon_core.package_identification:_identify(/home/potato/ros2_ws/src/ros2_21_tutorials/learning_parameter) by extension 'colcon_pkg'
[0.633s] Level 1:colcon.colcon_core.package_identification:_identify(/home/potato/ros2_ws/src/ros2_21_tutorials/learning_parameter) by extensions ['colcon_meta']
[0.633s] Level 1:colcon.colcon_core.package_identification:_identify(/home/potato/ros2_ws/src/ros2_21_tutorials/learning_parameter) by extension 'colcon_meta'
[0.633s] Level 1:colcon.colcon_core.package_identification:_identify(/home/potato/ros2_ws/src/ros2_21_tutorials/learning_parameter) by extensions ['ros']
[0.633s] Level 1:colcon.colcon_core.package_identification:_identify(/home/potato/ros2_ws/src/ros2_21_tutorials/learning_parameter) by extension 'ros'
[0.634s] DEBUG:colcon.colcon_core.package_identification:Package '/home/potato/ros2_ws/src/ros2_21_tutorials/learning_parameter' with type 'ros.ament_python' and name 'learning_parameter'
[0.634s] Level 1:colcon.colcon_core.package_identification:_identify(/home/potato/ros2_ws/src/ros2_21_tutorials/learning_parameter_cpp) by extensions ['ignore', 'ignore_ament_install']
[0.634s] Level 1:colcon.colcon_core.package_identification:_identify(/home/potato/ros2_ws/src/ros2_21_tutorials/learning_parameter_cpp) by extension 'ignore'
[0.634s] Level 1:colcon.colcon_core.package_identification:_identify(/home/potato/ros2_ws/src/ros2_21_tutorials/learning_parameter_cpp) by extension 'ignore_ament_install'
[0.634s] Level 1:colcon.colcon_core.package_identification:_identify(/home/potato/ros2_ws/src/ros2_21_tutorials/learning_parameter_cpp) by extensions ['colcon_pkg']
[0.634s] Level 1:colcon.colcon_core.package_identification:_identify(/home/potato/ros2_ws/src/ros2_21_tutorials/learning_parameter_cpp) by extension 'colcon_pkg'
[0.634s] Level 1:colcon.colcon_core.package_identification:_identify(/home/potato/ros2_ws/src/ros2_21_tutorials/learning_parameter_cpp) by extensions ['colcon_meta']
[0.634s] Level 1:colcon.colcon_core.package_identification:_identify(/home/potato/ros2_ws/src/ros2_21_tutorials/learning_parameter_cpp) by extension 'colcon_meta'
[0.634s] Level 1:colcon.colcon_core.package_identification:_identify(/home/potato/ros2_ws/src/ros2_21_tutorials/learning_parameter_cpp) by extensions ['ros']
[0.634s] Level 1:colcon.colcon_core.package_identification:_identify(/home/potato/ros2_ws/src/ros2_21_tutorials/learning_parameter_cpp) by extension 'ros'
[0.635s] DEBUG:colcon.colcon_core.package_identification:Package '/home/potato/ros2_ws/src/ros2_21_tutorials/learning_parameter_cpp' with type 'ros.ament_cmake' and name 'learning_parameter_cpp'
[0.635s] Level 1:colcon.colcon_core.package_identification:_identify(/home/potato/ros2_ws/src/ros2_21_tutorials/learning_pkg_c) by extensions ['ignore', 'ignore_ament_install']
[0.635s] Level 1:colcon.colcon_core.package_identification:_identify(/home/potato/ros2_ws/src/ros2_21_tutorials/learning_pkg_c) by extension 'ignore'
[0.635s] Level 1:colcon.colcon_core.package_identification:_identify(/home/potato/ros2_ws/src/ros2_21_tutorials/learning_pkg_c) by extension 'ignore_ament_install'
[0.635s] Level 1:colcon.colcon_core.package_identification:_identify(/home/potato/ros2_ws/src/ros2_21_tutorials/learning_pkg_c) by extensions ['colcon_pkg']
[0.635s] Level 1:colcon.colcon_core.package_identification:_identify(/home/potato/ros2_ws/src/ros2_21_tutorials/learning_pkg_c) by extension 'colcon_pkg'
[0.635s] Level 1:colcon.colcon_core.package_identification:_identify(/home/potato/ros2_ws/src/ros2_21_tutorials/learning_pkg_c) by extensions ['colcon_meta']
[0.635s] Level 1:colcon.colcon_core.package_identification:_identify(/home/potato/ros2_ws/src/ros2_21_tutorials/learning_pkg_c) by extension 'colcon_meta'
[0.635s] Level 1:colcon.colcon_core.package_identification:_identify(/home/potato/ros2_ws/src/ros2_21_tutorials/learning_pkg_c) by extensions ['ros']
[0.635s] Level 1:colcon.colcon_core.package_identification:_identify(/home/potato/ros2_ws/src/ros2_21_tutorials/learning_pkg_c) by extension 'ros'
[0.635s] DEBUG:colcon.colcon_core.package_identification:Package '/home/potato/ros2_ws/src/ros2_21_tutorials/learning_pkg_c' with type 'ros.ament_cmake' and name 'learning_pkg_c'
[0.635s] Level 1:colcon.colcon_core.package_identification:_identify(/home/potato/ros2_ws/src/ros2_21_tutorials/learning_pkg_python) by extensions ['ignore', 'ignore_ament_install']
[0.635s] Level 1:colcon.colcon_core.package_identification:_identify(/home/potato/ros2_ws/src/ros2_21_tutorials/learning_pkg_python) by extension 'ignore'
[0.636s] Level 1:colcon.colcon_core.package_identification:_identify(/home/potato/ros2_ws/src/ros2_21_tutorials/learning_pkg_python) by extension 'ignore_ament_install'
[0.636s] Level 1:colcon.colcon_core.package_identification:_identify(/home/potato/ros2_ws/src/ros2_21_tutorials/learning_pkg_python) by extensions ['colcon_pkg']
[0.640s] Level 1:colcon.colcon_core.package_identification:_identify(/home/potato/ros2_ws/src/ros2_21_tutorials/learning_pkg_python) by extension 'colcon_pkg'
[0.640s] Level 1:colcon.colcon_core.package_identification:_identify(/home/potato/ros2_ws/src/ros2_21_tutorials/learning_pkg_python) by extensions ['colcon_meta']
[0.640s] Level 1:colcon.colcon_core.package_identification:_identify(/home/potato/ros2_ws/src/ros2_21_tutorials/learning_pkg_python) by extension 'colcon_meta'
[0.640s] Level 1:colcon.colcon_core.package_identification:_identify(/home/potato/ros2_ws/src/ros2_21_tutorials/learning_pkg_python) by extensions ['ros']
[0.640s] Level 1:colcon.colcon_core.package_identification:_identify(/home/potato/ros2_ws/src/ros2_21_tutorials/learning_pkg_python) by extension 'ros'
[0.642s] DEBUG:colcon.colcon_core.package_identification:Package '/home/potato/ros2_ws/src/ros2_21_tutorials/learning_pkg_python' with type 'ros.ament_python' and name 'learning_pkg_python'
[0.642s] Level 1:colcon.colcon_core.package_identification:_identify(/home/potato/ros2_ws/src/ros2_21_tutorials/learning_qos) by extensions ['ignore', 'ignore_ament_install']
[0.642s] Level 1:colcon.colcon_core.package_identification:_identify(/home/potato/ros2_ws/src/ros2_21_tutorials/learning_qos) by extension 'ignore'
[0.642s] Level 1:colcon.colcon_core.package_identification:_identify(/home/potato/ros2_ws/src/ros2_21_tutorials/learning_qos) by extension 'ignore_ament_install'
[0.642s] Level 1:colcon.colcon_core.package_identification:_identify(/home/potato/ros2_ws/src/ros2_21_tutorials/learning_qos) by extensions ['colcon_pkg']
[0.642s] Level 1:colcon.colcon_core.package_identification:_identify(/home/potato/ros2_ws/src/ros2_21_tutorials/learning_qos) by extension 'colcon_pkg'
[0.642s] Level 1:colcon.colcon_core.package_identification:_identify(/home/potato/ros2_ws/src/ros2_21_tutorials/learning_qos) by extensions ['colcon_meta']
[0.642s] Level 1:colcon.colcon_core.package_identification:_identify(/home/potato/ros2_ws/src/ros2_21_tutorials/learning_qos) by extension 'colcon_meta'
[0.642s] Level 1:colcon.colcon_core.package_identification:_identify(/home/potato/ros2_ws/src/ros2_21_tutorials/learning_qos) by extensions ['ros']
[0.642s] Level 1:colcon.colcon_core.package_identification:_identify(/home/potato/ros2_ws/src/ros2_21_tutorials/learning_qos) by extension 'ros'
[0.643s] DEBUG:colcon.colcon_core.package_identification:Package '/home/potato/ros2_ws/src/ros2_21_tutorials/learning_qos' with type 'ros.ament_python' and name 'learning_qos'
[0.643s] Level 1:colcon.colcon_core.package_identification:_identify(/home/potato/ros2_ws/src/ros2_21_tutorials/learning_service) by extensions ['ignore', 'ignore_ament_install']
[0.643s] Level 1:colcon.colcon_core.package_identification:_identify(/home/potato/ros2_ws/src/ros2_21_tutorials/learning_service) by extension 'ignore'
[0.643s] Level 1:colcon.colcon_core.package_identification:_identify(/home/potato/ros2_ws/src/ros2_21_tutorials/learning_service) by extension 'ignore_ament_install'
[0.643s] Level 1:colcon.colcon_core.package_identification:_identify(/home/potato/ros2_ws/src/ros2_21_tutorials/learning_service) by extensions ['colcon_pkg']
[0.643s] Level 1:colcon.colcon_core.package_identification:_identify(/home/potato/ros2_ws/src/ros2_21_tutorials/learning_service) by extension 'colcon_pkg'
[0.643s] Level 1:colcon.colcon_core.package_identification:_identify(/home/potato/ros2_ws/src/ros2_21_tutorials/learning_service) by extensions ['colcon_meta']
[0.643s] Level 1:colcon.colcon_core.package_identification:_identify(/home/potato/ros2_ws/src/ros2_21_tutorials/learning_service) by extension 'colcon_meta'
[0.643s] Level 1:colcon.colcon_core.package_identification:_identify(/home/potato/ros2_ws/src/ros2_21_tutorials/learning_service) by extensions ['ros']
[0.645s] Level 1:colcon.colcon_core.package_identification:_identify(/home/potato/ros2_ws/src/ros2_21_tutorials/learning_service) by extension 'ros'
[0.646s] DEBUG:colcon.colcon_core.package_identification:Package '/home/potato/ros2_ws/src/ros2_21_tutorials/learning_service' with type 'ros.ament_python' and name 'learning_service'
[0.646s] Level 1:colcon.colcon_core.package_identification:_identify(/home/potato/ros2_ws/src/ros2_21_tutorials/learning_service_cpp) by extensions ['ignore', 'ignore_ament_install']
[0.646s] Level 1:colcon.colcon_core.package_identification:_identify(/home/potato/ros2_ws/src/ros2_21_tutorials/learning_service_cpp) by extension 'ignore'
[0.646s] Level 1:colcon.colcon_core.package_identification:_identify(/home/potato/ros2_ws/src/ros2_21_tutorials/learning_service_cpp) by extension 'ignore_ament_install'
[0.646s] Level 1:colcon.colcon_core.package_identification:_identify(/home/potato/ros2_ws/src/ros2_21_tutorials/learning_service_cpp) by extensions ['colcon_pkg']
[0.646s] Level 1:colcon.colcon_core.package_identification:_identify(/home/potato/ros2_ws/src/ros2_21_tutorials/learning_service_cpp) by extension 'colcon_pkg'
[0.646s] Level 1:colcon.colcon_core.package_identification:_identify(/home/potato/ros2_ws/src/ros2_21_tutorials/learning_service_cpp) by extensions ['colcon_meta']
[0.646s] Level 1:colcon.colcon_core.package_identification:_identify(/home/potato/ros2_ws/src/ros2_21_tutorials/learning_service_cpp) by extension 'colcon_meta'
[0.646s] Level 1:colcon.colcon_core.package_identification:_identify(/home/potato/ros2_ws/src/ros2_21_tutorials/learning_service_cpp) by extensions ['ros']
[0.646s] Level 1:colcon.colcon_core.package_identification:_identify(/home/potato/ros2_ws/src/ros2_21_tutorials/learning_service_cpp) by extension 'ros'
[0.647s] DEBUG:colcon.colcon_core.package_identification:Package '/home/potato/ros2_ws/src/ros2_21_tutorials/learning_service_cpp' with type 'ros.ament_cmake' and name 'learning_service_cpp'
[0.647s] Level 1:colcon.colcon_core.package_identification:_identify(/home/potato/ros2_ws/src/ros2_21_tutorials/learning_tf) by extensions ['ignore', 'ignore_ament_install']
[0.647s] Level 1:colcon.colcon_core.package_identification:_identify(/home/potato/ros2_ws/src/ros2_21_tutorials/learning_tf) by extension 'ignore'
[0.647s] Level 1:colcon.colcon_core.package_identification:_identify(/home/potato/ros2_ws/src/ros2_21_tutorials/learning_tf) by extension 'ignore_ament_install'
[0.647s] Level 1:colcon.colcon_core.package_identification:_identify(/home/potato/ros2_ws/src/ros2_21_tutorials/learning_tf) by extensions ['colcon_pkg']
[0.647s] Level 1:colcon.colcon_core.package_identification:_identify(/home/potato/ros2_ws/src/ros2_21_tutorials/learning_tf) by extension 'colcon_pkg'
[0.647s] Level 1:colcon.colcon_core.package_identification:_identify(/home/potato/ros2_ws/src/ros2_21_tutorials/learning_tf) by extensions ['colcon_meta']
[0.647s] Level 1:colcon.colcon_core.package_identification:_identify(/home/potato/ros2_ws/src/ros2_21_tutorials/learning_tf) by extension 'colcon_meta'
[0.647s] Level 1:colcon.colcon_core.package_identification:_identify(/home/potato/ros2_ws/src/ros2_21_tutorials/learning_tf) by extensions ['ros']
[0.647s] Level 1:colcon.colcon_core.package_identification:_identify(/home/potato/ros2_ws/src/ros2_21_tutorials/learning_tf) by extension 'ros'
[0.648s] DEBUG:colcon.colcon_core.package_identification:Package '/home/potato/ros2_ws/src/ros2_21_tutorials/learning_tf' with type 'ros.ament_python' and name 'learning_tf'
[0.648s] Level 1:colcon.colcon_core.package_identification:_identify(/home/potato/ros2_ws/src/ros2_21_tutorials/learning_tf_cpp) by extensions ['ignore', 'ignore_ament_install']
[0.648s] Level 1:colcon.colcon_core.package_identification:_identify(/home/potato/ros2_ws/src/ros2_21_tutorials/learning_tf_cpp) by extension 'ignore'
[0.648s] Level 1:colcon.colcon_core.package_identification:_identify(/home/potato/ros2_ws/src/ros2_21_tutorials/learning_tf_cpp) by extension 'ignore_ament_install'
[0.648s] Level 1:colcon.colcon_core.package_identification:_identify(/home/potato/ros2_ws/src/ros2_21_tutorials/learning_tf_cpp) by extensions ['colcon_pkg']
[0.648s] Level 1:colcon.colcon_core.package_identification:_identify(/home/potato/ros2_ws/src/ros2_21_tutorials/learning_tf_cpp) by extension 'colcon_pkg'
[0.648s] Level 1:colcon.colcon_core.package_identification:_identify(/home/potato/ros2_ws/src/ros2_21_tutorials/learning_tf_cpp) by extensions ['colcon_meta']
[0.648s] Level 1:colcon.colcon_core.package_identification:_identify(/home/potato/ros2_ws/src/ros2_21_tutorials/learning_tf_cpp) by extension 'colcon_meta'
[0.648s] Level 1:colcon.colcon_core.package_identification:_identify(/home/potato/ros2_ws/src/ros2_21_tutorials/learning_tf_cpp) by extensions ['ros']
[0.648s] Level 1:colcon.colcon_core.package_identification:_identify(/home/potato/ros2_ws/src/ros2_21_tutorials/learning_tf_cpp) by extension 'ros'
[0.650s] DEBUG:colcon.colcon_core.package_identification:Package '/home/potato/ros2_ws/src/ros2_21_tutorials/learning_tf_cpp' with type 'ros.ament_cmake' and name 'learning_tf_cpp'
[0.650s] Level 1:colcon.colcon_core.package_identification:_identify(/home/potato/ros2_ws/src/ros2_21_tutorials/learning_topic) by extensions ['ignore', 'ignore_ament_install']
[0.650s] Level 1:colcon.colcon_core.package_identification:_identify(/home/potato/ros2_ws/src/ros2_21_tutorials/learning_topic) by extension 'ignore'
[0.650s] Level 1:colcon.colcon_core.package_identification:_identify(/home/potato/ros2_ws/src/ros2_21_tutorials/learning_topic) by extension 'ignore_ament_install'
[0.650s] Level 1:colcon.colcon_core.package_identification:_identify(/home/potato/ros2_ws/src/ros2_21_tutorials/learning_topic) by extensions ['colcon_pkg']
[0.650s] Level 1:colcon.colcon_core.package_identification:_identify(/home/potato/ros2_ws/src/ros2_21_tutorials/learning_topic) by extension 'colcon_pkg'
[0.650s] Level 1:colcon.colcon_core.package_identification:_identify(/home/potato/ros2_ws/src/ros2_21_tutorials/learning_topic) by extensions ['colcon_meta']
[0.650s] Level 1:colcon.colcon_core.package_identification:_identify(/home/potato/ros2_ws/src/ros2_21_tutorials/learning_topic) by extension 'colcon_meta'
[0.650s] Level 1:colcon.colcon_core.package_identification:_identify(/home/potato/ros2_ws/src/ros2_21_tutorials/learning_topic) by extensions ['ros']
[0.650s] Level 1:colcon.colcon_core.package_identification:_identify(/home/potato/ros2_ws/src/ros2_21_tutorials/learning_topic) by extension 'ros'
[0.651s] DEBUG:colcon.colcon_core.package_identification:Package '/home/potato/ros2_ws/src/ros2_21_tutorials/learning_topic' with type 'ros.ament_python' and name 'learning_topic'
[0.652s] Level 1:colcon.colcon_core.package_identification:_identify(/home/potato/ros2_ws/src/ros2_21_tutorials/learning_topic_cpp) by extensions ['ignore', 'ignore_ament_install']
[0.652s] Level 1:colcon.colcon_core.package_identification:_identify(/home/potato/ros2_ws/src/ros2_21_tutorials/learning_topic_cpp) by extension 'ignore'
[0.652s] Level 1:colcon.colcon_core.package_identification:_identify(/home/potato/ros2_ws/src/ros2_21_tutorials/learning_topic_cpp) by extension 'ignore_ament_install'
[0.652s] Level 1:colcon.colcon_core.package_identification:_identify(/home/potato/ros2_ws/src/ros2_21_tutorials/learning_topic_cpp) by extensions ['colcon_pkg']
[0.652s] Level 1:colcon.colcon_core.package_identification:_identify(/home/potato/ros2_ws/src/ros2_21_tutorials/learning_topic_cpp) by extension 'colcon_pkg'
[0.652s] Level 1:colcon.colcon_core.package_identification:_identify(/home/potato/ros2_ws/src/ros2_21_tutorials/learning_topic_cpp) by extensions ['colcon_meta']
[0.652s] Level 1:colcon.colcon_core.package_identification:_identify(/home/potato/ros2_ws/src/ros2_21_tutorials/learning_topic_cpp) by extension 'colcon_meta'
[0.652s] Level 1:colcon.colcon_core.package_identification:_identify(/home/potato/ros2_ws/src/ros2_21_tutorials/learning_topic_cpp) by extensions ['ros']
[0.652s] Level 1:colcon.colcon_core.package_identification:_identify(/home/potato/ros2_ws/src/ros2_21_tutorials/learning_topic_cpp) by extension 'ros'
[0.652s] DEBUG:colcon.colcon_core.package_identification:Package '/home/potato/ros2_ws/src/ros2_21_tutorials/learning_topic_cpp' with type 'ros.ament_cmake' and name 'learning_topic_cpp'
[0.652s] Level 1:colcon.colcon_core.package_identification:_identify(/home/potato/ros2_ws/src/ros2_21_tutorials/learning_urdf) by extensions ['ignore', 'ignore_ament_install']
[0.652s] Level 1:colcon.colcon_core.package_identification:_identify(/home/potato/ros2_ws/src/ros2_21_tutorials/learning_urdf) by extension 'ignore'
[0.652s] Level 1:colcon.colcon_core.package_identification:_identify(/home/potato/ros2_ws/src/ros2_21_tutorials/learning_urdf) by extension 'ignore_ament_install'
[0.652s] Level 1:colcon.colcon_core.package_identification:_identify(/home/potato/ros2_ws/src/ros2_21_tutorials/learning_urdf) by extensions ['colcon_pkg']
[0.653s] Level 1:colcon.colcon_core.package_identification:_identify(/home/potato/ros2_ws/src/ros2_21_tutorials/learning_urdf) by extension 'colcon_pkg'
[0.653s] Level 1:colcon.colcon_core.package_identification:_identify(/home/potato/ros2_ws/src/ros2_21_tutorials/learning_urdf) by extensions ['colcon_meta']
[0.653s] Level 1:colcon.colcon_core.package_identification:_identify(/home/potato/ros2_ws/src/ros2_21_tutorials/learning_urdf) by extension 'colcon_meta'
[0.653s] Level 1:colcon.colcon_core.package_identification:_identify(/home/potato/ros2_ws/src/ros2_21_tutorials/learning_urdf) by extensions ['ros']
[0.653s] Level 1:colcon.colcon_core.package_identification:_identify(/home/potato/ros2_ws/src/ros2_21_tutorials/learning_urdf) by extension 'ros'
[0.653s] DEBUG:colcon.colcon_core.package_identification:Package '/home/potato/ros2_ws/src/ros2_21_tutorials/learning_urdf' with type 'ros.ament_python' and name 'learning_urdf'
[0.653s] Level 1:colcon.colcon_core.package_identification:_identify(/home/potato/ros2_ws/src/ros2_21_tutorials/python) by extensions ['ignore', 'ignore_ament_install']
[0.653s] Level 1:colcon.colcon_core.package_identification:_identify(/home/potato/ros2_ws/src/ros2_21_tutorials/python) by extension 'ignore'
[0.653s] Level 1:colcon.colcon_core.package_identification:_identify(/home/potato/ros2_ws/src/ros2_21_tutorials/python) by extension 'ignore_ament_install'
[0.653s] Level 1:colcon.colcon_core.package_identification:_identify(/home/potato/ros2_ws/src/ros2_21_tutorials/python) by extensions ['colcon_pkg']
[0.653s] Level 1:colcon.colcon_core.package_identification:_identify(/home/potato/ros2_ws/src/ros2_21_tutorials/python) by extension 'colcon_pkg'
[0.653s] Level 1:colcon.colcon_core.package_identification:_identify(/home/potato/ros2_ws/src/ros2_21_tutorials/python) by extensions ['colcon_meta']
[0.653s] Level 1:colcon.colcon_core.package_identification:_identify(/home/potato/ros2_ws/src/ros2_21_tutorials/python) by extension 'colcon_meta'
[0.654s] Level 1:colcon.colcon_core.package_identification:_identify(/home/potato/ros2_ws/src/ros2_21_tutorials/python) by extensions ['ros']
[0.654s] Level 1:colcon.colcon_core.package_identification:_identify(/home/potato/ros2_ws/src/ros2_21_tutorials/python) by extension 'ros'
[0.654s] Level 1:colcon.colcon_core.package_identification:_identify(/home/potato/ros2_ws/src/ros2_21_tutorials/python) by extensions ['cmake', 'python']
[0.654s] Level 1:colcon.colcon_core.package_identification:_identify(/home/potato/ros2_ws/src/ros2_21_tutorials/python) by extension 'cmake'
[0.654s] Level 1:colcon.colcon_core.package_identification:_identify(/home/potato/ros2_ws/src/ros2_21_tutorials/python) by extension 'python'
[0.654s] Level 1:colcon.colcon_core.package_identification:_identify(/home/potato/ros2_ws/src/ros2_21_tutorials/python) by extensions ['python_setup_py']
[0.654s] Level 1:colcon.colcon_core.package_identification:_identify(/home/potato/ros2_ws/src/ros2_21_tutorials/python) by extension 'python_setup_py'
[0.654s] Level 1:colcon.colcon_core.package_discovery:discover_packages(recursive) using defaults
