[1.274s] Invoking command in '/home/potato/ros2_ws/src/ros2_21_tutorials/learning_gazebo_harmonic': PYTHONPATH=/home/potato/ros2_ws/build/learning_gazebo_harmonic/prefix_override:/usr/lib/python3/dist-packages/colcon_core/task/python/colcon_distutils_commands:/home/potato/ros2_ws/install/learning_gazebo_harmonic/lib/python3.10/site-packages:${PYTHONPATH} /usr/bin/python3 -W ignore:setup.py install is deprecated setup.py egg_info --egg-base ../../../build/learning_gazebo_harmonic build --build-base /home/potato/ros2_ws/build/learning_gazebo_harmonic/build install --record /home/potato/ros2_ws/build/learning_gazebo_harmonic/install.log --single-version-externally-managed install_data
[1.494s] running egg_info
[1.494s] writing ../../../build/learning_gazebo_harmonic/learning_gazebo_harmonic.egg-info/PKG-INFO
[1.494s] writing dependency_links to ../../../build/learning_gazebo_harmonic/learning_gazebo_harmonic.egg-info/dependency_links.txt
[1.494s] writing entry points to ../../../build/learning_gazebo_harmonic/learning_gazebo_harmonic.egg-info/entry_points.txt
[1.494s] writing requirements to ../../../build/learning_gazebo_harmonic/learning_gazebo_harmonic.egg-info/requires.txt
[1.494s] writing top-level names to ../../../build/learning_gazebo_harmonic/learning_gazebo_harmonic.egg-info/top_level.txt
[1.494s] reading manifest file '../../../build/learning_gazebo_harmonic/learning_gazebo_harmonic.egg-info/SOURCES.txt'
[1.494s] writing manifest file '../../../build/learning_gazebo_harmonic/learning_gazebo_harmonic.egg-info/SOURCES.txt'
[1.494s] running build
[1.494s] running build_py
[1.494s] running install
[1.494s] running install_lib
[1.496s] running install_data
[1.496s] running install_egg_info
[1.499s] removing '/home/potato/ros2_ws/install/learning_gazebo_harmonic/lib/python3.10/site-packages/learning_gazebo_harmonic-0.0.0-py3.10.egg-info' (and everything under it)
[1.499s] Copying ../../../build/learning_gazebo_harmonic/learning_gazebo_harmonic.egg-info to /home/potato/ros2_ws/install/learning_gazebo_harmonic/lib/python3.10/site-packages/learning_gazebo_harmonic-0.0.0-py3.10.egg-info
[1.500s] running install_scripts
[1.520s] writing list of installed files to '/home/potato/ros2_ws/build/learning_gazebo_harmonic/install.log'
[1.601s] Invoked command in '/home/potato/ros2_ws/src/ros2_21_tutorials/learning_gazebo_harmonic' returned '0': PYTHONPATH=/home/potato/ros2_ws/build/learning_gazebo_harmonic/prefix_override:/usr/lib/python3/dist-packages/colcon_core/task/python/colcon_distutils_commands:/home/potato/ros2_ws/install/learning_gazebo_harmonic/lib/python3.10/site-packages:${PYTHONPATH} /usr/bin/python3 -W ignore:setup.py install is deprecated setup.py egg_info --egg-base ../../../build/learning_gazebo_harmonic build --build-base /home/potato/ros2_ws/build/learning_gazebo_harmonic/build install --record /home/potato/ros2_ws/build/learning_gazebo_harmonic/install.log --single-version-externally-managed install_data
