[0.029s] Invoking command in '/home/potato/ros2_ws/build/learning_parameter_cpp': CMAKE_PREFIX_PATH=${CMAKE_PREFIX_PATH}:/home/potato/dev_ws/install/learning_urdf:/home/potato/dev_ws/install/learning_topic:/home/potato/dev_ws/install/learning_tf:/home/potato/dev_ws/install/learning_service:/home/potato/dev_ws/install/learning_qos:/home/potato/dev_ws/install/learning_pkg_python:/home/potato/dev_ws/install/learning_parameter:/home/potato/dev_ws/install/learning_node:/home/potato/dev_ws/install/learning_launch:/home/potato/dev_ws/install/learning_action:/home/potato/dev_ws/install/learning_gazebo_harmonic:/home/potato/dev_ws/install/learning_gazebo:/home/potato/dev_ws/install/learning_cv:/home/potato/fishbot_ws/install/fishbot_description:/opt/ros/humble /usr/bin/cmake /home/potato/ros2_ws/src/ros2_21_tutorials/learning_parameter_cpp -DCMAKE_INSTALL_PREFIX=/home/potato/ros2_ws/install/learning_parameter_cpp
[0.116s] -- The C compiler identification is GNU 11.4.0
[0.192s] -- The CXX compiler identification is GNU 11.4.0
[0.227s] -- Detecting C compiler ABI info
[0.325s] -- Detecting C compiler ABI info - done
[0.331s] -- Check for working C compiler: /usr/bin/cc - skipped
[0.331s] -- Detecting C compile features
[0.332s] -- Detecting C compile features - done
[0.341s] -- Detecting CXX compiler ABI info
[0.525s] -- Detecting CXX compiler ABI info - done
[0.535s] -- Check for working CXX compiler: /usr/bin/c++ - skipped
[0.536s] -- Detecting CXX compile features
[0.537s] -- Detecting CXX compile features - done
[0.545s] -- Found ament_cmake: 1.3.10 (/opt/ros/humble/share/ament_cmake/cmake)
[0.744s] -- Found Python3: /usr/bin/python3 (found version "3.10.12") found components: Interpreter 
[0.921s] -- Found rclcpp: 16.0.10 (/opt/ros/humble/share/rclcpp/cmake)
[1.007s] -- Found rosidl_generator_c: 3.1.5 (/opt/ros/humble/share/rosidl_generator_c/cmake)
[1.009s] -- Found rosidl_adapter: 3.1.5 (/opt/ros/humble/share/rosidl_adapter/cmake)
[1.038s] -- Found rosidl_generator_cpp: 3.1.5 (/opt/ros/humble/share/rosidl_generator_cpp/cmake)
[1.054s] -- Using all available rosidl_typesupport_c: rosidl_typesupport_fastrtps_c;rosidl_typesupport_introspection_c
[1.072s] -- Using all available rosidl_typesupport_cpp: rosidl_typesupport_fastrtps_cpp;rosidl_typesupport_introspection_cpp
[1.131s] -- Found rmw_implementation_cmake: 6.1.2 (/opt/ros/humble/share/rmw_implementation_cmake/cmake)
[1.137s] -- Found rmw_fastrtps_cpp: 6.2.7 (/opt/ros/humble/share/rmw_fastrtps_cpp/cmake)
[1.291s] -- Found OpenSSL: /usr/lib/x86_64-linux-gnu/libcrypto.so (found version "3.0.2")  
[1.361s] -- Found FastRTPS: /opt/ros/humble/include  
[1.448s] -- Using RMW implementation 'rmw_fastrtps_cpp' as default
[1.470s] -- Looking for pthread.h
[1.618s] -- Looking for pthread.h - found
[1.625s] -- Performing Test CMAKE_HAVE_LIBC_PTHREAD
[1.733s] -- Performing Test CMAKE_HAVE_LIBC_PTHREAD - Success
[1.735s] -- Found Threads: TRUE  
[1.788s] -- Found ament_lint_auto: 0.12.11 (/opt/ros/humble/share/ament_lint_auto/cmake)
[1.899s] -- Added test 'cppcheck' to perform static code analysis on C / C++ code
[1.899s] -- Configured cppcheck include dirs: 
[1.899s] -- Configured cppcheck exclude dirs and/or files: 
[1.900s] -- Added test 'lint_cmake' to check CMake code style
[1.901s] -- Added test 'uncrustify' to check C / C++ code style
[1.901s] -- Configured uncrustify additional arguments: 
[1.902s] -- Added test 'xmllint' to check XML markup files
[1.903s] -- Configuring done
[1.911s] -- Generating done
[1.912s] -- Build files have been written to: /home/potato/ros2_ws/build/learning_parameter_cpp
[1.922s] Invoked command in '/home/potato/ros2_ws/build/learning_parameter_cpp' returned '0': CMAKE_PREFIX_PATH=${CMAKE_PREFIX_PATH}:/home/potato/dev_ws/install/learning_urdf:/home/potato/dev_ws/install/learning_topic:/home/potato/dev_ws/install/learning_tf:/home/potato/dev_ws/install/learning_service:/home/potato/dev_ws/install/learning_qos:/home/potato/dev_ws/install/learning_pkg_python:/home/potato/dev_ws/install/learning_parameter:/home/potato/dev_ws/install/learning_node:/home/potato/dev_ws/install/learning_launch:/home/potato/dev_ws/install/learning_action:/home/potato/dev_ws/install/learning_gazebo_harmonic:/home/potato/dev_ws/install/learning_gazebo:/home/potato/dev_ws/install/learning_cv:/home/potato/fishbot_ws/install/fishbot_description:/opt/ros/humble /usr/bin/cmake /home/potato/ros2_ws/src/ros2_21_tutorials/learning_parameter_cpp -DCMAKE_INSTALL_PREFIX=/home/potato/ros2_ws/install/learning_parameter_cpp
[1.922s] Invoking command in '/home/potato/ros2_ws/build/learning_parameter_cpp': CMAKE_PREFIX_PATH=${CMAKE_PREFIX_PATH}:/home/potato/dev_ws/install/learning_urdf:/home/potato/dev_ws/install/learning_topic:/home/potato/dev_ws/install/learning_tf:/home/potato/dev_ws/install/learning_service:/home/potato/dev_ws/install/learning_qos:/home/potato/dev_ws/install/learning_pkg_python:/home/potato/dev_ws/install/learning_parameter:/home/potato/dev_ws/install/learning_node:/home/potato/dev_ws/install/learning_launch:/home/potato/dev_ws/install/learning_action:/home/potato/dev_ws/install/learning_gazebo_harmonic:/home/potato/dev_ws/install/learning_gazebo:/home/potato/dev_ws/install/learning_cv:/home/potato/fishbot_ws/install/fishbot_description:/opt/ros/humble /usr/bin/cmake --build /home/potato/ros2_ws/build/learning_parameter_cpp -- -j4 -l4
[2.577s] [ 50%] [32mBuilding CXX object CMakeFiles/param_declare.dir/src/param_declare.cpp.o[0m
[9.788s] [100%] [32m[1mLinking CXX executable param_declare[0m
[10.291s] [100%] Built target param_declare
[10.310s] Invoked command in '/home/potato/ros2_ws/build/learning_parameter_cpp' returned '0': CMAKE_PREFIX_PATH=${CMAKE_PREFIX_PATH}:/home/potato/dev_ws/install/learning_urdf:/home/potato/dev_ws/install/learning_topic:/home/potato/dev_ws/install/learning_tf:/home/potato/dev_ws/install/learning_service:/home/potato/dev_ws/install/learning_qos:/home/potato/dev_ws/install/learning_pkg_python:/home/potato/dev_ws/install/learning_parameter:/home/potato/dev_ws/install/learning_node:/home/potato/dev_ws/install/learning_launch:/home/potato/dev_ws/install/learning_action:/home/potato/dev_ws/install/learning_gazebo_harmonic:/home/potato/dev_ws/install/learning_gazebo:/home/potato/dev_ws/install/learning_cv:/home/potato/fishbot_ws/install/fishbot_description:/opt/ros/humble /usr/bin/cmake --build /home/potato/ros2_ws/build/learning_parameter_cpp -- -j4 -l4
[10.443s] Invoking command in '/home/potato/ros2_ws/build/learning_parameter_cpp': CMAKE_PREFIX_PATH=${CMAKE_PREFIX_PATH}:/home/potato/dev_ws/install/learning_urdf:/home/potato/dev_ws/install/learning_topic:/home/potato/dev_ws/install/learning_tf:/home/potato/dev_ws/install/learning_service:/home/potato/dev_ws/install/learning_qos:/home/potato/dev_ws/install/learning_pkg_python:/home/potato/dev_ws/install/learning_parameter:/home/potato/dev_ws/install/learning_node:/home/potato/dev_ws/install/learning_launch:/home/potato/dev_ws/install/learning_action:/home/potato/dev_ws/install/learning_gazebo_harmonic:/home/potato/dev_ws/install/learning_gazebo:/home/potato/dev_ws/install/learning_cv:/home/potato/fishbot_ws/install/fishbot_description:/opt/ros/humble /usr/bin/cmake --install /home/potato/ros2_ws/build/learning_parameter_cpp
[10.458s] -- Install configuration: ""
[10.458s] -- Installing: /home/potato/ros2_ws/install/learning_parameter_cpp/lib/learning_parameter_cpp/param_declare
[10.460s] -- Set runtime path of "/home/potato/ros2_ws/install/learning_parameter_cpp/lib/learning_parameter_cpp/param_declare" to ""
[10.460s] -- Installing: /home/potato/ros2_ws/install/learning_parameter_cpp/share/ament_index/resource_index/package_run_dependencies/learning_parameter_cpp
[10.460s] -- Installing: /home/potato/ros2_ws/install/learning_parameter_cpp/share/ament_index/resource_index/parent_prefix_path/learning_parameter_cpp
[10.460s] -- Installing: /home/potato/ros2_ws/install/learning_parameter_cpp/share/learning_parameter_cpp/environment/ament_prefix_path.sh
[10.460s] -- Installing: /home/potato/ros2_ws/install/learning_parameter_cpp/share/learning_parameter_cpp/environment/ament_prefix_path.dsv
[10.461s] -- Installing: /home/potato/ros2_ws/install/learning_parameter_cpp/share/learning_parameter_cpp/environment/path.sh
[10.461s] -- Installing: /home/potato/ros2_ws/install/learning_parameter_cpp/share/learning_parameter_cpp/environment/path.dsv
[10.461s] -- Installing: /home/potato/ros2_ws/install/learning_parameter_cpp/share/learning_parameter_cpp/local_setup.bash
[10.461s] -- Installing: /home/potato/ros2_ws/install/learning_parameter_cpp/share/learning_parameter_cpp/local_setup.sh
[10.462s] -- Installing: /home/potato/ros2_ws/install/learning_parameter_cpp/share/learning_parameter_cpp/local_setup.zsh
[10.462s] -- Installing: /home/potato/ros2_ws/install/learning_parameter_cpp/share/learning_parameter_cpp/local_setup.dsv
[10.462s] -- Installing: /home/potato/ros2_ws/install/learning_parameter_cpp/share/learning_parameter_cpp/package.dsv
[10.462s] -- Installing: /home/potato/ros2_ws/install/learning_parameter_cpp/share/ament_index/resource_index/packages/learning_parameter_cpp
[10.462s] -- Installing: /home/potato/ros2_ws/install/learning_parameter_cpp/share/learning_parameter_cpp/cmake/learning_parameter_cppConfig.cmake
[10.462s] -- Installing: /home/potato/ros2_ws/install/learning_parameter_cpp/share/learning_parameter_cpp/cmake/learning_parameter_cppConfig-version.cmake
[10.462s] -- Installing: /home/potato/ros2_ws/install/learning_parameter_cpp/share/learning_parameter_cpp/package.xml
[10.473s] Invoked command in '/home/potato/ros2_ws/build/learning_parameter_cpp' returned '0': CMAKE_PREFIX_PATH=${CMAKE_PREFIX_PATH}:/home/potato/dev_ws/install/learning_urdf:/home/potato/dev_ws/install/learning_topic:/home/potato/dev_ws/install/learning_tf:/home/potato/dev_ws/install/learning_service:/home/potato/dev_ws/install/learning_qos:/home/potato/dev_ws/install/learning_pkg_python:/home/potato/dev_ws/install/learning_parameter:/home/potato/dev_ws/install/learning_node:/home/potato/dev_ws/install/learning_launch:/home/potato/dev_ws/install/learning_action:/home/potato/dev_ws/install/learning_gazebo_harmonic:/home/potato/dev_ws/install/learning_gazebo:/home/potato/dev_ws/install/learning_cv:/home/potato/fishbot_ws/install/fishbot_description:/opt/ros/humble /usr/bin/cmake --install /home/potato/ros2_ws/build/learning_parameter_cpp
