[1.087s] Invoking command in '/home/potato/ros2_ws/src/ros2_21_tutorials/learning_qos': PYTHONPATH=/home/potato/ros2_ws/build/learning_qos/prefix_override:/usr/lib/python3/dist-packages/colcon_core/task/python/colcon_distutils_commands:/home/potato/ros2_ws/install/learning_qos/lib/python3.10/site-packages:${PYTHONPATH} /usr/bin/python3 -W ignore:setup.py install is deprecated setup.py egg_info --egg-base ../../../build/learning_qos build --build-base /home/potato/ros2_ws/build/learning_qos/build install --record /home/potato/ros2_ws/build/learning_qos/install.log --single-version-externally-managed install_data
[1.321s] running egg_info
[1.322s] writing ../../../build/learning_qos/learning_qos.egg-info/PKG-INFO
[1.323s] writing dependency_links to ../../../build/learning_qos/learning_qos.egg-info/dependency_links.txt
[1.323s] writing entry points to ../../../build/learning_qos/learning_qos.egg-info/entry_points.txt
[1.323s] writing requirements to ../../../build/learning_qos/learning_qos.egg-info/requires.txt
[1.324s] writing top-level names to ../../../build/learning_qos/learning_qos.egg-info/top_level.txt
[1.325s] reading manifest file '../../../build/learning_qos/learning_qos.egg-info/SOURCES.txt'
[1.326s] writing manifest file '../../../build/learning_qos/learning_qos.egg-info/SOURCES.txt'
[1.326s] running build
[1.326s] running build_py
[1.327s] running install
[1.327s] running install_lib
[1.328s] running install_data
[1.329s] running install_egg_info
[1.331s] removing '/home/potato/ros2_ws/install/learning_qos/lib/python3.10/site-packages/learning_qos-0.0.0-py3.10.egg-info' (and everything under it)
[1.332s] Copying ../../../build/learning_qos/learning_qos.egg-info to /home/potato/ros2_ws/install/learning_qos/lib/python3.10/site-packages/learning_qos-0.0.0-py3.10.egg-info
[1.339s] running install_scripts
[1.357s] Installing qos_helloworld_pub script to /home/potato/ros2_ws/install/learning_qos/lib/learning_qos
[1.357s] Installing qos_helloworld_sub script to /home/potato/ros2_ws/install/learning_qos/lib/learning_qos
[1.358s] writing list of installed files to '/home/potato/ros2_ws/build/learning_qos/install.log'
[1.456s] Invoked command in '/home/potato/ros2_ws/src/ros2_21_tutorials/learning_qos' returned '0': PYTHONPATH=/home/potato/ros2_ws/build/learning_qos/prefix_override:/usr/lib/python3/dist-packages/colcon_core/task/python/colcon_distutils_commands:/home/potato/ros2_ws/install/learning_qos/lib/python3.10/site-packages:${PYTHONPATH} /usr/bin/python3 -W ignore:setup.py install is deprecated setup.py egg_info --egg-base ../../../build/learning_qos build --build-base /home/potato/ros2_ws/build/learning_qos/build install --record /home/potato/ros2_ws/build/learning_qos/install.log --single-version-externally-managed install_data
