[0.022s] Invoking command in '/home/potato/ros2_ws/build/learning_interface': CMAKE_PREFIX_PATH=${CMAKE_PREFIX_PATH}:/home/potato/dev_ws/install/learning_urdf:/home/potato/dev_ws/install/learning_topic:/home/potato/dev_ws/install/learning_tf:/home/potato/dev_ws/install/learning_service:/home/potato/dev_ws/install/learning_qos:/home/potato/dev_ws/install/learning_pkg_python:/home/potato/dev_ws/install/learning_parameter:/home/potato/dev_ws/install/learning_node:/home/potato/dev_ws/install/learning_launch:/home/potato/dev_ws/install/learning_action:/home/potato/dev_ws/install/learning_gazebo_harmonic:/home/potato/dev_ws/install/learning_gazebo:/home/potato/dev_ws/install/learning_cv:/home/potato/fishbot_ws/install/fishbot_description:/opt/ros/humble /usr/bin/cmake /home/potato/ros2_ws/src/ros2_21_tutorials/learning_interface -DCMAKE_INSTALL_PREFIX=/home/potato/ros2_ws/install/learning_interface
[0.415s] -- The C compiler identification is GNU 11.4.0
[0.415s] -- The CXX compiler identification is GNU 11.4.0
[0.415s] -- Detecting C compiler ABI info
[0.465s] -- Detecting C compiler ABI info - done
[0.465s] -- Check for working C compiler: /usr/bin/cc - skipped
[0.466s] -- Detecting C compile features
[0.468s] -- Detecting C compile features - done
[0.471s] -- Detecting CXX compiler ABI info
[0.536s] -- Detecting CXX compiler ABI info - done
[0.541s] -- Check for working CXX compiler: /usr/bin/c++ - skipped
[0.541s] -- Detecting CXX compile features
[0.541s] -- Detecting CXX compile features - done
[0.550s] -- Found ament_cmake: 1.3.10 (/opt/ros/humble/share/ament_cmake/cmake)
[0.701s] -- Found Python3: /usr/bin/python3 (found version "3.10.12") found components: Interpreter 
[0.850s] -- Found rosidl_default_generators: 1.2.0 (/opt/ros/humble/share/rosidl_default_generators/cmake)
[0.862s] -- Using all available rosidl_typesupport_c: rosidl_typesupport_fastrtps_c;rosidl_typesupport_introspection_c
[0.877s] -- Found rosidl_adapter: 3.1.5 (/opt/ros/humble/share/rosidl_adapter/cmake)
[0.963s] -- Using all available rosidl_typesupport_cpp: rosidl_typesupport_fastrtps_cpp;rosidl_typesupport_introspection_cpp
[1.366s] -- Found ament_cmake_ros: 0.10.0 (/opt/ros/humble/share/ament_cmake_ros/cmake)
[1.571s] -- Using all available rosidl_typesupport_c: rosidl_typesupport_fastrtps_c;rosidl_typesupport_introspection_c
[1.795s] -- Using all available rosidl_typesupport_cpp: rosidl_typesupport_fastrtps_cpp;rosidl_typesupport_introspection_cpp
[1.816s] -- Found PythonInterp: /usr/bin/python3 (found suitable version "3.10.12", minimum required is "3.6") 
[1.819s] -- Found python_cmake_module: 0.10.0 (/opt/ros/humble/share/python_cmake_module/cmake)
[1.849s] -- Found PythonLibs: /usr/lib/x86_64-linux-gnu/libpython3.10.so (found suitable version "3.10.12", minimum required is "3.5") 
[1.851s] -- Using PYTHON_EXECUTABLE: /usr/bin/python3
[1.851s] -- Using PYTHON_INCLUDE_DIRS: /usr/include/python3.10
[1.851s] -- Using PYTHON_LIBRARIES: /usr/lib/x86_64-linux-gnu/libpython3.10.so
[1.872s] -- Found PythonExtra: .so  
[1.927s] -- Found ament_lint_auto: 0.12.11 (/opt/ros/humble/share/ament_lint_auto/cmake)
[1.988s] -- Added test 'copyright' to check source files copyright and LICENSE
[1.989s] -- Added test 'lint_cmake' to check CMake code style
[1.994s] -- Added test 'xmllint' to check XML markup files
[1.996s] -- Configuring done
[2.034s] -- Generating done
[2.036s] -- Build files have been written to: /home/potato/ros2_ws/build/learning_interface
[2.258s] Invoked command in '/home/potato/ros2_ws/build/learning_interface' returned '0': CMAKE_PREFIX_PATH=${CMAKE_PREFIX_PATH}:/home/potato/dev_ws/install/learning_urdf:/home/potato/dev_ws/install/learning_topic:/home/potato/dev_ws/install/learning_tf:/home/potato/dev_ws/install/learning_service:/home/potato/dev_ws/install/learning_qos:/home/potato/dev_ws/install/learning_pkg_python:/home/potato/dev_ws/install/learning_parameter:/home/potato/dev_ws/install/learning_node:/home/potato/dev_ws/install/learning_launch:/home/potato/dev_ws/install/learning_action:/home/potato/dev_ws/install/learning_gazebo_harmonic:/home/potato/dev_ws/install/learning_gazebo:/home/potato/dev_ws/install/learning_cv:/home/potato/fishbot_ws/install/fishbot_description:/opt/ros/humble /usr/bin/cmake /home/potato/ros2_ws/src/ros2_21_tutorials/learning_interface -DCMAKE_INSTALL_PREFIX=/home/potato/ros2_ws/install/learning_interface
[2.259s] Invoking command in '/home/potato/ros2_ws/build/learning_interface': CMAKE_PREFIX_PATH=${CMAKE_PREFIX_PATH}:/home/potato/dev_ws/install/learning_urdf:/home/potato/dev_ws/install/learning_topic:/home/potato/dev_ws/install/learning_tf:/home/potato/dev_ws/install/learning_service:/home/potato/dev_ws/install/learning_qos:/home/potato/dev_ws/install/learning_pkg_python:/home/potato/dev_ws/install/learning_parameter:/home/potato/dev_ws/install/learning_node:/home/potato/dev_ws/install/learning_launch:/home/potato/dev_ws/install/learning_action:/home/potato/dev_ws/install/learning_gazebo_harmonic:/home/potato/dev_ws/install/learning_gazebo:/home/potato/dev_ws/install/learning_cv:/home/potato/fishbot_ws/install/fishbot_description:/opt/ros/humble /usr/bin/cmake --build /home/potato/ros2_ws/build/learning_interface -- -j4 -l4
[2.304s] [  1%] [34m[1mGenerating C code for ROS interfaces[0m
[2.308s] [  1%] Built target ament_cmake_python_copy_learning_interface
[2.325s] [  3%] [34m[1mGenerating C++ code for ROS interfaces[0m
[2.625s] running egg_info
[2.626s] creating learning_interface.egg-info
[2.627s] writing learning_interface.egg-info/PKG-INFO
[2.627s] writing dependency_links to learning_interface.egg-info/dependency_links.txt
[2.628s] writing top-level names to learning_interface.egg-info/top_level.txt
[2.630s] writing manifest file 'learning_interface.egg-info/SOURCES.txt'
[2.632s] reading manifest file 'learning_interface.egg-info/SOURCES.txt'
[2.633s] writing manifest file 'learning_interface.egg-info/SOURCES.txt'
[2.666s] [  3%] Built target ament_cmake_python_build_learning_interface_egg
[3.094s] [  3%] Built target learning_interface__cpp
[3.109s] [  5%] [34m[1mGenerating C++ type support dispatch for ROS interfaces[0m
[3.127s] [  7%] [34m[1mGenerating C++ type support for eProsima Fast-RTPS[0m
[3.172s] [  9%] [34m[1mGenerating C++ introspection for ROS interfaces[0m
[3.377s] [ 10%] [32mBuilding C object CMakeFiles/learning_interface__rosidl_generator_c.dir/rosidl_generator_c/learning_interface/msg/detail/object_position__functions.c.o[0m
[3.490s] [ 12%] [32mBuilding C object CMakeFiles/learning_interface__rosidl_generator_c.dir/rosidl_generator_c/learning_interface/srv/detail/add_two_ints__functions.c.o[0m
[3.595s] [ 14%] [32mBuilding C object CMakeFiles/learning_interface__rosidl_generator_c.dir/rosidl_generator_c/learning_interface/srv/detail/get_object_position__functions.c.o[0m
[3.673s] [ 16%] [32mBuilding C object CMakeFiles/learning_interface__rosidl_generator_c.dir/rosidl_generator_c/learning_interface/action/detail/move_circle__functions.c.o[0m
[3.859s] [ 18%] [32mBuilding CXX object CMakeFiles/learning_interface__rosidl_typesupport_cpp.dir/rosidl_typesupport_cpp/learning_interface/msg/object_position__type_support.cpp.o[0m
[3.886s] [ 20%] [32m[1mLinking C shared library liblearning_interface__rosidl_generator_c.so[0m
[3.958s] [ 20%] Built target learning_interface__rosidl_generator_c
[3.970s] [ 21%] [32mBuilding CXX object CMakeFiles/learning_interface__rosidl_typesupport_cpp.dir/rosidl_typesupport_cpp/learning_interface/srv/add_two_ints__type_support.cpp.o[0m
[4.013s] [ 23%] [32mBuilding CXX object CMakeFiles/learning_interface__rosidl_typesupport_fastrtps_cpp.dir/rosidl_typesupport_fastrtps_cpp/learning_interface/msg/detail/dds_fastrtps/object_position__type_support.cpp.o[0m
[4.068s] [ 25%] [32mBuilding CXX object CMakeFiles/learning_interface__rosidl_typesupport_introspection_cpp.dir/rosidl_typesupport_introspection_cpp/learning_interface/msg/detail/object_position__type_support.cpp.o[0m
[5.122s] [ 27%] [32mBuilding CXX object CMakeFiles/learning_interface__rosidl_typesupport_introspection_cpp.dir/rosidl_typesupport_introspection_cpp/learning_interface/srv/detail/add_two_ints__type_support.cpp.o[0m
[5.149s] [ 29%] [32mBuilding CXX object CMakeFiles/learning_interface__rosidl_typesupport_cpp.dir/rosidl_typesupport_cpp/learning_interface/srv/get_object_position__type_support.cpp.o[0m
[5.345s] [ 30%] [32mBuilding CXX object CMakeFiles/learning_interface__rosidl_typesupport_fastrtps_cpp.dir/rosidl_typesupport_fastrtps_cpp/learning_interface/srv/detail/dds_fastrtps/add_two_ints__type_support.cpp.o[0m
[5.784s] [ 32%] [32mBuilding CXX object CMakeFiles/learning_interface__rosidl_typesupport_fastrtps_cpp.dir/rosidl_typesupport_fastrtps_cpp/learning_interface/srv/detail/dds_fastrtps/get_object_position__type_support.cpp.o[0m
[5.812s] [ 34%] [32mBuilding CXX object CMakeFiles/learning_interface__rosidl_typesupport_introspection_cpp.dir/rosidl_typesupport_introspection_cpp/learning_interface/srv/detail/get_object_position__type_support.cpp.o[0m
[5.990s] [ 36%] [32mBuilding CXX object CMakeFiles/learning_interface__rosidl_typesupport_introspection_cpp.dir/rosidl_typesupport_introspection_cpp/learning_interface/action/detail/move_circle__type_support.cpp.o[0m
[6.334s] [ 38%] [32mBuilding CXX object CMakeFiles/learning_interface__rosidl_typesupport_fastrtps_cpp.dir/rosidl_typesupport_fastrtps_cpp/learning_interface/action/detail/dds_fastrtps/move_circle__type_support.cpp.o[0m
[6.606s] [ 40%] [32mBuilding CXX object CMakeFiles/learning_interface__rosidl_typesupport_cpp.dir/rosidl_typesupport_cpp/learning_interface/action/move_circle__type_support.cpp.o[0m
[6.784s] [ 41%] [32m[1mLinking CXX shared library liblearning_interface__rosidl_typesupport_introspection_cpp.so[0m
[6.984s] [ 41%] Built target learning_interface__rosidl_typesupport_introspection_cpp
[7.018s] [ 43%] [34m[1mGenerating C type support for eProsima Fast-RTPS[0m
[7.703s] [ 45%] [34m[1mGenerating C introspection for ROS interfaces[0m
[7.777s] [ 47%] [32m[1mLinking CXX shared library liblearning_interface__rosidl_typesupport_fastrtps_cpp.so[0m
[8.327s] [ 47%] Built target learning_interface__rosidl_typesupport_fastrtps_cpp
[8.350s] [ 49%] [34m[1mGenerating C type support dispatch for ROS interfaces[0m
[8.677s] [ 50%] [32m[1mLinking CXX shared library liblearning_interface__rosidl_typesupport_cpp.so[0m
[8.771s] [ 50%] Built target learning_interface__rosidl_typesupport_cpp
[8.801s] [ 52%] [32mBuilding CXX object CMakeFiles/learning_interface__rosidl_typesupport_fastrtps_c.dir/rosidl_typesupport_fastrtps_c/learning_interface/srv/detail/add_two_ints__type_support_c.cpp.o[0m
[8.807s] [ 54%] [32mBuilding CXX object CMakeFiles/learning_interface__rosidl_typesupport_fastrtps_c.dir/rosidl_typesupport_fastrtps_c/learning_interface/msg/detail/object_position__type_support_c.cpp.o[0m
[9.022s] [ 56%] [32mBuilding C object CMakeFiles/learning_interface__rosidl_typesupport_introspection_c.dir/rosidl_typesupport_introspection_c/learning_interface/msg/detail/object_position__type_support.c.o[0m
[9.157s] [ 58%] [32mBuilding C object CMakeFiles/learning_interface__rosidl_typesupport_introspection_c.dir/rosidl_typesupport_introspection_c/learning_interface/srv/detail/add_two_ints__type_support.c.o[0m
[9.244s] [ 60%] [32mBuilding C object CMakeFiles/learning_interface__rosidl_typesupport_introspection_c.dir/rosidl_typesupport_introspection_c/learning_interface/srv/detail/get_object_position__type_support.c.o[0m
[9.383s] [ 61%] [32mBuilding C object CMakeFiles/learning_interface__rosidl_typesupport_introspection_c.dir/rosidl_typesupport_introspection_c/learning_interface/action/detail/move_circle__type_support.c.o[0m
[9.403s] [ 63%] [32mBuilding CXX object CMakeFiles/learning_interface__rosidl_typesupport_fastrtps_c.dir/rosidl_typesupport_fastrtps_c/learning_interface/srv/detail/get_object_position__type_support_c.cpp.o[0m
[9.425s] [ 65%] [32mBuilding CXX object CMakeFiles/learning_interface__rosidl_typesupport_fastrtps_c.dir/rosidl_typesupport_fastrtps_c/learning_interface/action/detail/move_circle__type_support_c.cpp.o[0m
[9.484s] [ 67%] [32mBuilding CXX object CMakeFiles/learning_interface__rosidl_typesupport_c.dir/rosidl_typesupport_c/learning_interface/msg/object_position__type_support.cpp.o[0m
[9.556s] [ 69%] [32m[1mLinking C shared library liblearning_interface__rosidl_typesupport_introspection_c.so[0m
[9.687s] [ 70%] [32mBuilding CXX object CMakeFiles/learning_interface__rosidl_typesupport_c.dir/rosidl_typesupport_c/learning_interface/srv/add_two_ints__type_support.cpp.o[0m
[9.746s] [ 70%] Built target learning_interface__rosidl_typesupport_introspection_c
[9.779s] [ 72%] [32mBuilding CXX object CMakeFiles/learning_interface__rosidl_typesupport_c.dir/rosidl_typesupport_c/learning_interface/srv/get_object_position__type_support.cpp.o[0m
[9.829s] [ 74%] [32mBuilding CXX object CMakeFiles/learning_interface__rosidl_typesupport_c.dir/rosidl_typesupport_c/learning_interface/action/move_circle__type_support.cpp.o[0m
[10.130s] [ 76%] [32m[1mLinking CXX shared library liblearning_interface__rosidl_typesupport_c.so[0m
[10.363s] [ 76%] Built target learning_interface__rosidl_typesupport_c
[10.636s] [ 78%] [32m[1mLinking CXX shared library liblearning_interface__rosidl_typesupport_fastrtps_c.so[0m
[10.867s] [ 78%] Built target learning_interface__rosidl_typesupport_fastrtps_c
[10.892s] [ 78%] Built target learning_interface
[10.924s] [ 80%] [34m[1mGenerating Python code for ROS interfaces[0m
[12.124s] [ 80%] Built target learning_interface__py
[12.187s] [ 81%] [32mBuilding C object CMakeFiles/learning_interface__rosidl_generator_py.dir/rosidl_generator_py/learning_interface/msg/_object_position_s.c.o[0m
[12.193s] [ 83%] [32mBuilding C object CMakeFiles/learning_interface__rosidl_generator_py.dir/rosidl_generator_py/learning_interface/srv/_get_object_position_s.c.o[0m
[12.195s] [ 85%] [32mBuilding C object CMakeFiles/learning_interface__rosidl_generator_py.dir/rosidl_generator_py/learning_interface/srv/_add_two_ints_s.c.o[0m
[12.196s] [ 87%] [32mBuilding C object CMakeFiles/learning_interface__rosidl_generator_py.dir/rosidl_generator_py/learning_interface/action/_move_circle_s.c.o[0m
[12.663s] [ 89%] [32m[1mLinking C shared library rosidl_generator_py/learning_interface/liblearning_interface__rosidl_generator_py.so[0m
[12.781s] [ 89%] Built target learning_interface__rosidl_generator_py
[12.850s] [ 90%] [32mBuilding C object CMakeFiles/learning_interface__rosidl_typesupport_fastrtps_c__pyext.dir/rosidl_generator_py/learning_interface/_learning_interface_s.ep.rosidl_typesupport_fastrtps_c.c.o[0m
[12.868s] [ 94%] [32mBuilding C object CMakeFiles/learning_interface__rosidl_typesupport_introspection_c__pyext.dir/rosidl_generator_py/learning_interface/_learning_interface_s.ep.rosidl_typesupport_introspection_c.c.o[0m
[12.868s] [ 92%] [32mBuilding C object CMakeFiles/learning_interface__rosidl_typesupport_c__pyext.dir/rosidl_generator_py/learning_interface/_learning_interface_s.ep.rosidl_typesupport_c.c.o[0m
[13.223s] [ 96%] [32m[1mLinking C shared library rosidl_generator_py/learning_interface/learning_interface_s__rosidl_typesupport_fastrtps_c.cpython-310-x86_64-linux-gnu.so[0m
[13.254s] [ 98%] [32m[1mLinking C shared library rosidl_generator_py/learning_interface/learning_interface_s__rosidl_typesupport_introspection_c.cpython-310-x86_64-linux-gnu.so[0m
[13.450s] [100%] [32m[1mLinking C shared library rosidl_generator_py/learning_interface/learning_interface_s__rosidl_typesupport_c.cpython-310-x86_64-linux-gnu.so[0m
[13.451s] [100%] Built target learning_interface__rosidl_typesupport_fastrtps_c__pyext
[13.478s] [100%] Built target learning_interface__rosidl_typesupport_introspection_c__pyext
[13.508s] [100%] Built target learning_interface__rosidl_typesupport_c__pyext
[13.523s] Invoked command in '/home/potato/ros2_ws/build/learning_interface' returned '0': CMAKE_PREFIX_PATH=${CMAKE_PREFIX_PATH}:/home/potato/dev_ws/install/learning_urdf:/home/potato/dev_ws/install/learning_topic:/home/potato/dev_ws/install/learning_tf:/home/potato/dev_ws/install/learning_service:/home/potato/dev_ws/install/learning_qos:/home/potato/dev_ws/install/learning_pkg_python:/home/potato/dev_ws/install/learning_parameter:/home/potato/dev_ws/install/learning_node:/home/potato/dev_ws/install/learning_launch:/home/potato/dev_ws/install/learning_action:/home/potato/dev_ws/install/learning_gazebo_harmonic:/home/potato/dev_ws/install/learning_gazebo:/home/potato/dev_ws/install/learning_cv:/home/potato/fishbot_ws/install/fishbot_description:/opt/ros/humble /usr/bin/cmake --build /home/potato/ros2_ws/build/learning_interface -- -j4 -l4
[14.376s] Invoking command in '/home/potato/ros2_ws/build/learning_interface': CMAKE_PREFIX_PATH=${CMAKE_PREFIX_PATH}:/home/potato/dev_ws/install/learning_urdf:/home/potato/dev_ws/install/learning_topic:/home/potato/dev_ws/install/learning_tf:/home/potato/dev_ws/install/learning_service:/home/potato/dev_ws/install/learning_qos:/home/potato/dev_ws/install/learning_pkg_python:/home/potato/dev_ws/install/learning_parameter:/home/potato/dev_ws/install/learning_node:/home/potato/dev_ws/install/learning_launch:/home/potato/dev_ws/install/learning_action:/home/potato/dev_ws/install/learning_gazebo_harmonic:/home/potato/dev_ws/install/learning_gazebo:/home/potato/dev_ws/install/learning_cv:/home/potato/fishbot_ws/install/fishbot_description:/opt/ros/humble /usr/bin/cmake --install /home/potato/ros2_ws/build/learning_interface
[14.394s] -- Install configuration: ""
[14.394s] -- Installing: /home/potato/ros2_ws/install/learning_interface/share/ament_index/resource_index/rosidl_interfaces/learning_interface
[14.394s] -- Installing: /home/potato/ros2_ws/install/learning_interface/include/learning_interface/learning_interface
[14.395s] -- Installing: /home/potato/ros2_ws/install/learning_interface/include/learning_interface/learning_interface/srv
[14.395s] -- Installing: /home/potato/ros2_ws/install/learning_interface/include/learning_interface/learning_interface/srv/detail
[14.395s] -- Installing: /home/potato/ros2_ws/install/learning_interface/include/learning_interface/learning_interface/srv/detail/get_object_position__type_support.h
[14.395s] -- Installing: /home/potato/ros2_ws/install/learning_interface/include/learning_interface/learning_interface/srv/detail/add_two_ints__struct.h
[14.395s] -- Installing: /home/potato/ros2_ws/install/learning_interface/include/learning_interface/learning_interface/srv/detail/add_two_ints__functions.h
[14.395s] -- Installing: /home/potato/ros2_ws/install/learning_interface/include/learning_interface/learning_interface/srv/detail/get_object_position__functions.h
[14.395s] -- Installing: /home/potato/ros2_ws/install/learning_interface/include/learning_interface/learning_interface/srv/detail/get_object_position__struct.h
[14.395s] -- Installing: /home/potato/ros2_ws/install/learning_interface/include/learning_interface/learning_interface/srv/detail/add_two_ints__type_support.h
[14.395s] -- Installing: /home/potato/ros2_ws/install/learning_interface/include/learning_interface/learning_interface/srv/detail/get_object_position__functions.c
[14.395s] -- Installing: /home/potato/ros2_ws/install/learning_interface/include/learning_interface/learning_interface/srv/detail/add_two_ints__functions.c
[14.395s] -- Installing: /home/potato/ros2_ws/install/learning_interface/include/learning_interface/learning_interface/srv/get_object_position.h
[14.395s] -- Installing: /home/potato/ros2_ws/install/learning_interface/include/learning_interface/learning_interface/srv/add_two_ints.h
[14.395s] -- Installing: /home/potato/ros2_ws/install/learning_interface/include/learning_interface/learning_interface/action
[14.395s] -- Installing: /home/potato/ros2_ws/install/learning_interface/include/learning_interface/learning_interface/action/detail
[14.395s] -- Installing: /home/potato/ros2_ws/install/learning_interface/include/learning_interface/learning_interface/action/detail/move_circle__functions.c
[14.395s] -- Installing: /home/potato/ros2_ws/install/learning_interface/include/learning_interface/learning_interface/action/detail/move_circle__struct.h
[14.395s] -- Installing: /home/potato/ros2_ws/install/learning_interface/include/learning_interface/learning_interface/action/detail/move_circle__type_support.h
[14.395s] -- Installing: /home/potato/ros2_ws/install/learning_interface/include/learning_interface/learning_interface/action/detail/move_circle__functions.h
[14.395s] -- Installing: /home/potato/ros2_ws/install/learning_interface/include/learning_interface/learning_interface/action/move_circle.h
[14.395s] -- Installing: /home/potato/ros2_ws/install/learning_interface/include/learning_interface/learning_interface/msg
[14.395s] -- Installing: /home/potato/ros2_ws/install/learning_interface/include/learning_interface/learning_interface/msg/detail
[14.395s] -- Installing: /home/potato/ros2_ws/install/learning_interface/include/learning_interface/learning_interface/msg/detail/object_position__struct.h
[14.395s] -- Installing: /home/potato/ros2_ws/install/learning_interface/include/learning_interface/learning_interface/msg/detail/object_position__functions.h
[14.395s] -- Installing: /home/potato/ros2_ws/install/learning_interface/include/learning_interface/learning_interface/msg/detail/object_position__functions.c
[14.408s] -- Installing: /home/potato/ros2_ws/install/learning_interface/include/learning_interface/learning_interface/msg/detail/object_position__type_support.h
[14.408s] -- Installing: /home/potato/ros2_ws/install/learning_interface/include/learning_interface/learning_interface/msg/rosidl_generator_c__visibility_control.h
[14.408s] -- Installing: /home/potato/ros2_ws/install/learning_interface/include/learning_interface/learning_interface/msg/object_position.h
[14.408s] -- Installing: /home/potato/ros2_ws/install/learning_interface/share/learning_interface/environment/library_path.sh
[14.408s] -- Installing: /home/potato/ros2_ws/install/learning_interface/share/learning_interface/environment/library_path.dsv
[14.408s] -- Installing: /home/potato/ros2_ws/install/learning_interface/lib/liblearning_interface__rosidl_generator_c.so
[14.409s] -- Set runtime path of "/home/potato/ros2_ws/install/learning_interface/lib/liblearning_interface__rosidl_generator_c.so" to ""
[14.409s] -- Up-to-date: /home/potato/ros2_ws/install/learning_interface/include/learning_interface/learning_interface
[14.409s] -- Up-to-date: /home/potato/ros2_ws/install/learning_interface/include/learning_interface/learning_interface/srv
[14.409s] -- Up-to-date: /home/potato/ros2_ws/install/learning_interface/include/learning_interface/learning_interface/srv/detail
[14.409s] -- Installing: /home/potato/ros2_ws/install/learning_interface/include/learning_interface/learning_interface/srv/detail/get_object_position__rosidl_typesupport_fastrtps_c.h
[14.409s] -- Installing: /home/potato/ros2_ws/install/learning_interface/include/learning_interface/learning_interface/srv/detail/add_two_ints__rosidl_typesupport_fastrtps_c.h
[14.409s] -- Up-to-date: /home/potato/ros2_ws/install/learning_interface/include/learning_interface/learning_interface/action
[14.409s] -- Up-to-date: /home/potato/ros2_ws/install/learning_interface/include/learning_interface/learning_interface/action/detail
[14.409s] -- Installing: /home/potato/ros2_ws/install/learning_interface/include/learning_interface/learning_interface/action/detail/move_circle__rosidl_typesupport_fastrtps_c.h
[14.409s] -- Up-to-date: /home/potato/ros2_ws/install/learning_interface/include/learning_interface/learning_interface/msg
[14.409s] -- Up-to-date: /home/potato/ros2_ws/install/learning_interface/include/learning_interface/learning_interface/msg/detail
[14.409s] -- Installing: /home/potato/ros2_ws/install/learning_interface/include/learning_interface/learning_interface/msg/detail/object_position__rosidl_typesupport_fastrtps_c.h
[14.409s] -- Installing: /home/potato/ros2_ws/install/learning_interface/include/learning_interface/learning_interface/msg/rosidl_typesupport_fastrtps_c__visibility_control.h
[14.409s] -- Installing: /home/potato/ros2_ws/install/learning_interface/lib/liblearning_interface__rosidl_typesupport_fastrtps_c.so
[14.410s] -- Set runtime path of "/home/potato/ros2_ws/install/learning_interface/lib/liblearning_interface__rosidl_typesupport_fastrtps_c.so" to ""
[14.410s] -- Up-to-date: /home/potato/ros2_ws/install/learning_interface/include/learning_interface/learning_interface
[14.410s] -- Up-to-date: /home/potato/ros2_ws/install/learning_interface/include/learning_interface/learning_interface/srv
[14.410s] -- Up-to-date: /home/potato/ros2_ws/install/learning_interface/include/learning_interface/learning_interface/srv/detail
[14.410s] -- Installing: /home/potato/ros2_ws/install/learning_interface/include/learning_interface/learning_interface/srv/detail/add_two_ints__type_support.c
[14.410s] -- Installing: /home/potato/ros2_ws/install/learning_interface/include/learning_interface/learning_interface/srv/detail/get_object_position__rosidl_typesupport_introspection_c.h
[14.410s] -- Installing: /home/potato/ros2_ws/install/learning_interface/include/learning_interface/learning_interface/srv/detail/get_object_position__type_support.c
[14.410s] -- Installing: /home/potato/ros2_ws/install/learning_interface/include/learning_interface/learning_interface/srv/detail/add_two_ints__rosidl_typesupport_introspection_c.h
[14.411s] -- Up-to-date: /home/potato/ros2_ws/install/learning_interface/include/learning_interface/learning_interface/action
[14.411s] -- Up-to-date: /home/potato/ros2_ws/install/learning_interface/include/learning_interface/learning_interface/action/detail
[14.411s] -- Installing: /home/potato/ros2_ws/install/learning_interface/include/learning_interface/learning_interface/action/detail/move_circle__rosidl_typesupport_introspection_c.h
[14.411s] -- Installing: /home/potato/ros2_ws/install/learning_interface/include/learning_interface/learning_interface/action/detail/move_circle__type_support.c
[14.411s] -- Up-to-date: /home/potato/ros2_ws/install/learning_interface/include/learning_interface/learning_interface/msg
[14.411s] -- Up-to-date: /home/potato/ros2_ws/install/learning_interface/include/learning_interface/learning_interface/msg/detail
[14.411s] -- Installing: /home/potato/ros2_ws/install/learning_interface/include/learning_interface/learning_interface/msg/detail/object_position__type_support.c
[14.411s] -- Installing: /home/potato/ros2_ws/install/learning_interface/include/learning_interface/learning_interface/msg/detail/object_position__rosidl_typesupport_introspection_c.h
[14.411s] -- Installing: /home/potato/ros2_ws/install/learning_interface/include/learning_interface/learning_interface/msg/rosidl_typesupport_introspection_c__visibility_control.h
[14.411s] -- Installing: /home/potato/ros2_ws/install/learning_interface/lib/liblearning_interface__rosidl_typesupport_introspection_c.so
[14.411s] -- Set runtime path of "/home/potato/ros2_ws/install/learning_interface/lib/liblearning_interface__rosidl_typesupport_introspection_c.so" to ""
[14.411s] -- Installing: /home/potato/ros2_ws/install/learning_interface/lib/liblearning_interface__rosidl_typesupport_c.so
[14.412s] -- Set runtime path of "/home/potato/ros2_ws/install/learning_interface/lib/liblearning_interface__rosidl_typesupport_c.so" to ""
[14.412s] -- Up-to-date: /home/potato/ros2_ws/install/learning_interface/include/learning_interface/learning_interface
[14.412s] -- Up-to-date: /home/potato/ros2_ws/install/learning_interface/include/learning_interface/learning_interface/srv
[14.412s] -- Up-to-date: /home/potato/ros2_ws/install/learning_interface/include/learning_interface/learning_interface/srv/detail
[14.412s] -- Installing: /home/potato/ros2_ws/install/learning_interface/include/learning_interface/learning_interface/srv/detail/get_object_position__builder.hpp
[14.412s] -- Installing: /home/potato/ros2_ws/install/learning_interface/include/learning_interface/learning_interface/srv/detail/add_two_ints__traits.hpp
[14.412s] -- Installing: /home/potato/ros2_ws/install/learning_interface/include/learning_interface/learning_interface/srv/detail/add_two_ints__builder.hpp
[14.412s] -- Installing: /home/potato/ros2_ws/install/learning_interface/include/learning_interface/learning_interface/srv/detail/get_object_position__struct.hpp
[14.412s] -- Installing: /home/potato/ros2_ws/install/learning_interface/include/learning_interface/learning_interface/srv/detail/add_two_ints__struct.hpp
[14.412s] -- Installing: /home/potato/ros2_ws/install/learning_interface/include/learning_interface/learning_interface/srv/detail/get_object_position__traits.hpp
[14.412s] -- Installing: /home/potato/ros2_ws/install/learning_interface/include/learning_interface/learning_interface/srv/add_two_ints.hpp
[14.412s] -- Installing: /home/potato/ros2_ws/install/learning_interface/include/learning_interface/learning_interface/srv/get_object_position.hpp
[14.412s] -- Up-to-date: /home/potato/ros2_ws/install/learning_interface/include/learning_interface/learning_interface/action
[14.413s] -- Up-to-date: /home/potato/ros2_ws/install/learning_interface/include/learning_interface/learning_interface/action/detail
[14.413s] -- Installing: /home/potato/ros2_ws/install/learning_interface/include/learning_interface/learning_interface/action/detail/move_circle__builder.hpp
[14.413s] -- Installing: /home/potato/ros2_ws/install/learning_interface/include/learning_interface/learning_interface/action/detail/move_circle__traits.hpp
[14.413s] -- Installing: /home/potato/ros2_ws/install/learning_interface/include/learning_interface/learning_interface/action/detail/move_circle__struct.hpp
[14.413s] -- Installing: /home/potato/ros2_ws/install/learning_interface/include/learning_interface/learning_interface/action/move_circle.hpp
[14.413s] -- Up-to-date: /home/potato/ros2_ws/install/learning_interface/include/learning_interface/learning_interface/msg
[14.413s] -- Up-to-date: /home/potato/ros2_ws/install/learning_interface/include/learning_interface/learning_interface/msg/detail
[14.413s] -- Installing: /home/potato/ros2_ws/install/learning_interface/include/learning_interface/learning_interface/msg/detail/object_position__struct.hpp
[14.413s] -- Installing: /home/potato/ros2_ws/install/learning_interface/include/learning_interface/learning_interface/msg/detail/object_position__builder.hpp
[14.413s] -- Installing: /home/potato/ros2_ws/install/learning_interface/include/learning_interface/learning_interface/msg/detail/object_position__traits.hpp
[14.413s] -- Installing: /home/potato/ros2_ws/install/learning_interface/include/learning_interface/learning_interface/msg/object_position.hpp
[14.413s] -- Up-to-date: /home/potato/ros2_ws/install/learning_interface/include/learning_interface/learning_interface
[14.413s] -- Up-to-date: /home/potato/ros2_ws/install/learning_interface/include/learning_interface/learning_interface/srv
[14.413s] -- Up-to-date: /home/potato/ros2_ws/install/learning_interface/include/learning_interface/learning_interface/srv/detail
[14.413s] -- Installing: /home/potato/ros2_ws/install/learning_interface/include/learning_interface/learning_interface/srv/detail/add_two_ints__rosidl_typesupport_fastrtps_cpp.hpp
[14.414s] -- Installing: /home/potato/ros2_ws/install/learning_interface/include/learning_interface/learning_interface/srv/detail/get_object_position__rosidl_typesupport_fastrtps_cpp.hpp
[14.414s] -- Installing: /home/potato/ros2_ws/install/learning_interface/include/learning_interface/learning_interface/srv/detail/dds_fastrtps
[14.414s] -- Up-to-date: /home/potato/ros2_ws/install/learning_interface/include/learning_interface/learning_interface/action
[14.414s] -- Up-to-date: /home/potato/ros2_ws/install/learning_interface/include/learning_interface/learning_interface/action/detail
[14.414s] -- Installing: /home/potato/ros2_ws/install/learning_interface/include/learning_interface/learning_interface/action/detail/move_circle__rosidl_typesupport_fastrtps_cpp.hpp
[14.414s] -- Installing: /home/potato/ros2_ws/install/learning_interface/include/learning_interface/learning_interface/action/detail/dds_fastrtps
[14.414s] -- Up-to-date: /home/potato/ros2_ws/install/learning_interface/include/learning_interface/learning_interface/msg
[14.414s] -- Up-to-date: /home/potato/ros2_ws/install/learning_interface/include/learning_interface/learning_interface/msg/detail
[14.414s] -- Installing: /home/potato/ros2_ws/install/learning_interface/include/learning_interface/learning_interface/msg/detail/object_position__rosidl_typesupport_fastrtps_cpp.hpp
[14.414s] -- Installing: /home/potato/ros2_ws/install/learning_interface/include/learning_interface/learning_interface/msg/detail/dds_fastrtps
[14.414s] -- Installing: /home/potato/ros2_ws/install/learning_interface/include/learning_interface/learning_interface/msg/rosidl_typesupport_fastrtps_cpp__visibility_control.h
[14.414s] -- Installing: /home/potato/ros2_ws/install/learning_interface/lib/liblearning_interface__rosidl_typesupport_fastrtps_cpp.so
[14.414s] -- Set runtime path of "/home/potato/ros2_ws/install/learning_interface/lib/liblearning_interface__rosidl_typesupport_fastrtps_cpp.so" to ""
[14.414s] -- Up-to-date: /home/potato/ros2_ws/install/learning_interface/include/learning_interface/learning_interface
[14.414s] -- Up-to-date: /home/potato/ros2_ws/install/learning_interface/include/learning_interface/learning_interface/srv
[14.414s] -- Up-to-date: /home/potato/ros2_ws/install/learning_interface/include/learning_interface/learning_interface/srv/detail
[14.415s] -- Installing: /home/potato/ros2_ws/install/learning_interface/include/learning_interface/learning_interface/srv/detail/get_object_position__rosidl_typesupport_introspection_cpp.hpp
[14.415s] -- Installing: /home/potato/ros2_ws/install/learning_interface/include/learning_interface/learning_interface/srv/detail/add_two_ints__rosidl_typesupport_introspection_cpp.hpp
[14.415s] -- Installing: /home/potato/ros2_ws/install/learning_interface/include/learning_interface/learning_interface/srv/detail/add_two_ints__type_support.cpp
[14.415s] -- Installing: /home/potato/ros2_ws/install/learning_interface/include/learning_interface/learning_interface/srv/detail/get_object_position__type_support.cpp
[14.415s] -- Up-to-date: /home/potato/ros2_ws/install/learning_interface/include/learning_interface/learning_interface/action
[14.415s] -- Up-to-date: /home/potato/ros2_ws/install/learning_interface/include/learning_interface/learning_interface/action/detail
[14.415s] -- Installing: /home/potato/ros2_ws/install/learning_interface/include/learning_interface/learning_interface/action/detail/move_circle__type_support.cpp
[14.415s] -- Installing: /home/potato/ros2_ws/install/learning_interface/include/learning_interface/learning_interface/action/detail/move_circle__rosidl_typesupport_introspection_cpp.hpp
[14.415s] -- Up-to-date: /home/potato/ros2_ws/install/learning_interface/include/learning_interface/learning_interface/msg
[14.415s] -- Up-to-date: /home/potato/ros2_ws/install/learning_interface/include/learning_interface/learning_interface/msg/detail
[14.415s] -- Installing: /home/potato/ros2_ws/install/learning_interface/include/learning_interface/learning_interface/msg/detail/object_position__type_support.cpp
[14.415s] -- Installing: /home/potato/ros2_ws/install/learning_interface/include/learning_interface/learning_interface/msg/detail/object_position__rosidl_typesupport_introspection_cpp.hpp
[14.415s] -- Installing: /home/potato/ros2_ws/install/learning_interface/lib/liblearning_interface__rosidl_typesupport_introspection_cpp.so
[14.415s] -- Set runtime path of "/home/potato/ros2_ws/install/learning_interface/lib/liblearning_interface__rosidl_typesupport_introspection_cpp.so" to ""
[14.415s] -- Installing: /home/potato/ros2_ws/install/learning_interface/lib/liblearning_interface__rosidl_typesupport_cpp.so
[14.416s] -- Set runtime path of "/home/potato/ros2_ws/install/learning_interface/lib/liblearning_interface__rosidl_typesupport_cpp.so" to ""
[14.416s] -- Installing: /home/potato/ros2_ws/install/learning_interface/share/learning_interface/environment/pythonpath.sh
[14.416s] -- Installing: /home/potato/ros2_ws/install/learning_interface/share/learning_interface/environment/pythonpath.dsv
[14.416s] -- Installing: /home/potato/ros2_ws/install/learning_interface/local/lib/python3.10/dist-packages/learning_interface-0.0.0-py3.10.egg-info
[14.416s] -- Installing: /home/potato/ros2_ws/install/learning_interface/local/lib/python3.10/dist-packages/learning_interface-0.0.0-py3.10.egg-info/dependency_links.txt
[14.416s] -- Installing: /home/potato/ros2_ws/install/learning_interface/local/lib/python3.10/dist-packages/learning_interface-0.0.0-py3.10.egg-info/top_level.txt
[14.416s] -- Installing: /home/potato/ros2_ws/install/learning_interface/local/lib/python3.10/dist-packages/learning_interface-0.0.0-py3.10.egg-info/PKG-INFO
[14.416s] -- Installing: /home/potato/ros2_ws/install/learning_interface/local/lib/python3.10/dist-packages/learning_interface-0.0.0-py3.10.egg-info/SOURCES.txt
[14.417s] -- Installing: /home/potato/ros2_ws/install/learning_interface/local/lib/python3.10/dist-packages/learning_interface
[14.417s] -- Installing: /home/potato/ros2_ws/install/learning_interface/local/lib/python3.10/dist-packages/learning_interface/srv
[14.417s] -- Installing: /home/potato/ros2_ws/install/learning_interface/local/lib/python3.10/dist-packages/learning_interface/srv/_add_two_ints_s.c
[14.417s] -- Installing: /home/potato/ros2_ws/install/learning_interface/local/lib/python3.10/dist-packages/learning_interface/srv/_get_object_position.py
[14.417s] -- Installing: /home/potato/ros2_ws/install/learning_interface/local/lib/python3.10/dist-packages/learning_interface/srv/__init__.py
[14.417s] -- Installing: /home/potato/ros2_ws/install/learning_interface/local/lib/python3.10/dist-packages/learning_interface/srv/_get_object_position_s.c
[14.417s] -- Installing: /home/potato/ros2_ws/install/learning_interface/local/lib/python3.10/dist-packages/learning_interface/srv/_add_two_ints.py
[14.417s] -- Installing: /home/potato/ros2_ws/install/learning_interface/local/lib/python3.10/dist-packages/learning_interface/action
[14.417s] -- Installing: /home/potato/ros2_ws/install/learning_interface/local/lib/python3.10/dist-packages/learning_interface/action/__init__.py
[14.418s] -- Installing: /home/potato/ros2_ws/install/learning_interface/local/lib/python3.10/dist-packages/learning_interface/action/_move_circle_s.c
[14.418s] -- Installing: /home/potato/ros2_ws/install/learning_interface/local/lib/python3.10/dist-packages/learning_interface/action/_move_circle.py
[14.418s] -- Installing: /home/potato/ros2_ws/install/learning_interface/local/lib/python3.10/dist-packages/learning_interface/_learning_interface_s.ep.rosidl_typesupport_introspection_c.c
[14.418s] -- Installing: /home/potato/ros2_ws/install/learning_interface/local/lib/python3.10/dist-packages/learning_interface/msg
[14.418s] -- Installing: /home/potato/ros2_ws/install/learning_interface/local/lib/python3.10/dist-packages/learning_interface/msg/_object_position_s.c
[14.418s] -- Installing: /home/potato/ros2_ws/install/learning_interface/local/lib/python3.10/dist-packages/learning_interface/msg/__init__.py
[14.418s] -- Installing: /home/potato/ros2_ws/install/learning_interface/local/lib/python3.10/dist-packages/learning_interface/msg/_object_position.py
[14.418s] -- Installing: /home/potato/ros2_ws/install/learning_interface/local/lib/python3.10/dist-packages/learning_interface/__init__.py
[14.418s] -- Installing: /home/potato/ros2_ws/install/learning_interface/local/lib/python3.10/dist-packages/learning_interface/_learning_interface_s.ep.rosidl_typesupport_c.c
[14.418s] -- Installing: /home/potato/ros2_ws/install/learning_interface/local/lib/python3.10/dist-packages/learning_interface/learning_interface_s__rosidl_typesupport_fastrtps_c.cpython-310-x86_64-linux-gnu.so
[14.419s] -- Installing: /home/potato/ros2_ws/install/learning_interface/local/lib/python3.10/dist-packages/learning_interface/learning_interface_s__rosidl_typesupport_introspection_c.cpython-310-x86_64-linux-gnu.so
[14.419s] -- Installing: /home/potato/ros2_ws/install/learning_interface/local/lib/python3.10/dist-packages/learning_interface/learning_interface_s__rosidl_typesupport_c.cpython-310-x86_64-linux-gnu.so
[14.419s] -- Installing: /home/potato/ros2_ws/install/learning_interface/local/lib/python3.10/dist-packages/learning_interface/_learning_interface_s.ep.rosidl_typesupport_fastrtps_c.c
[14.419s] -- Installing: /home/potato/ros2_ws/install/learning_interface/local/lib/python3.10/dist-packages/learning_interface/liblearning_interface__rosidl_generator_py.so
[14.495s] Listing '/home/potato/ros2_ws/install/learning_interface/local/lib/python3.10/dist-packages/learning_interface'...
[14.496s] Compiling '/home/potato/ros2_ws/install/learning_interface/local/lib/python3.10/dist-packages/learning_interface/__init__.py'...
[14.496s] Listing '/home/potato/ros2_ws/install/learning_interface/local/lib/python3.10/dist-packages/learning_interface/action'...
[14.496s] Compiling '/home/potato/ros2_ws/install/learning_interface/local/lib/python3.10/dist-packages/learning_interface/action/__init__.py'...
[14.496s] Compiling '/home/potato/ros2_ws/install/learning_interface/local/lib/python3.10/dist-packages/learning_interface/action/_move_circle.py'...
[14.496s] Listing '/home/potato/ros2_ws/install/learning_interface/local/lib/python3.10/dist-packages/learning_interface/msg'...
[14.496s] Compiling '/home/potato/ros2_ws/install/learning_interface/local/lib/python3.10/dist-packages/learning_interface/msg/__init__.py'...
[14.497s] Compiling '/home/potato/ros2_ws/install/learning_interface/local/lib/python3.10/dist-packages/learning_interface/msg/_object_position.py'...
[14.497s] Listing '/home/potato/ros2_ws/install/learning_interface/local/lib/python3.10/dist-packages/learning_interface/srv'...
[14.498s] Compiling '/home/potato/ros2_ws/install/learning_interface/local/lib/python3.10/dist-packages/learning_interface/srv/__init__.py'...
[14.498s] Compiling '/home/potato/ros2_ws/install/learning_interface/local/lib/python3.10/dist-packages/learning_interface/srv/_add_two_ints.py'...
[14.498s] Compiling '/home/potato/ros2_ws/install/learning_interface/local/lib/python3.10/dist-packages/learning_interface/srv/_get_object_position.py'...
[14.503s] -- Installing: /home/potato/ros2_ws/install/learning_interface/local/lib/python3.10/dist-packages/learning_interface/learning_interface_s__rosidl_typesupport_fastrtps_c.cpython-310-x86_64-linux-gnu.so
[14.504s] -- Set runtime path of "/home/potato/ros2_ws/install/learning_interface/local/lib/python3.10/dist-packages/learning_interface/learning_interface_s__rosidl_typesupport_fastrtps_c.cpython-310-x86_64-linux-gnu.so" to ""
[14.504s] -- Installing: /home/potato/ros2_ws/install/learning_interface/local/lib/python3.10/dist-packages/learning_interface/learning_interface_s__rosidl_typesupport_introspection_c.cpython-310-x86_64-linux-gnu.so
[14.514s] -- Set runtime path of "/home/potato/ros2_ws/install/learning_interface/local/lib/python3.10/dist-packages/learning_interface/learning_interface_s__rosidl_typesupport_introspection_c.cpython-310-x86_64-linux-gnu.so" to ""
[14.514s] -- Installing: /home/potato/ros2_ws/install/learning_interface/local/lib/python3.10/dist-packages/learning_interface/learning_interface_s__rosidl_typesupport_c.cpython-310-x86_64-linux-gnu.so
[14.514s] -- Set runtime path of "/home/potato/ros2_ws/install/learning_interface/local/lib/python3.10/dist-packages/learning_interface/learning_interface_s__rosidl_typesupport_c.cpython-310-x86_64-linux-gnu.so" to ""
[14.514s] -- Installing: /home/potato/ros2_ws/install/learning_interface/lib/liblearning_interface__rosidl_generator_py.so
[14.514s] -- Set runtime path of "/home/potato/ros2_ws/install/learning_interface/lib/liblearning_interface__rosidl_generator_py.so" to ""
[14.521s] -- Installing: /home/potato/ros2_ws/install/learning_interface/share/learning_interface/msg/ObjectPosition.idl
[14.521s] -- Installing: /home/potato/ros2_ws/install/learning_interface/share/learning_interface/srv/AddTwoInts.idl
[14.522s] -- Installing: /home/potato/ros2_ws/install/learning_interface/share/learning_interface/srv/GetObjectPosition.idl
[14.522s] -- Installing: /home/potato/ros2_ws/install/learning_interface/share/learning_interface/action/MoveCircle.idl
[14.522s] -- Installing: /home/potato/ros2_ws/install/learning_interface/share/learning_interface/msg/ObjectPosition.msg
[14.522s] -- Installing: /home/potato/ros2_ws/install/learning_interface/share/learning_interface/srv/AddTwoInts.srv
[14.522s] -- Installing: /home/potato/ros2_ws/install/learning_interface/share/learning_interface/srv/AddTwoInts_Request.msg
[14.522s] -- Installing: /home/potato/ros2_ws/install/learning_interface/share/learning_interface/srv/AddTwoInts_Response.msg
[14.522s] -- Installing: /home/potato/ros2_ws/install/learning_interface/share/learning_interface/srv/GetObjectPosition.srv
[14.522s] -- Installing: /home/potato/ros2_ws/install/learning_interface/share/learning_interface/srv/GetObjectPosition_Request.msg
[14.522s] -- Installing: /home/potato/ros2_ws/install/learning_interface/share/learning_interface/srv/GetObjectPosition_Response.msg
[14.522s] -- Installing: /home/potato/ros2_ws/install/learning_interface/share/learning_interface/action/MoveCircle.action
[14.522s] -- Installing: /home/potato/ros2_ws/install/learning_interface/share/ament_index/resource_index/package_run_dependencies/learning_interface
[14.522s] -- Installing: /home/potato/ros2_ws/install/learning_interface/share/ament_index/resource_index/parent_prefix_path/learning_interface
[14.522s] -- Installing: /home/potato/ros2_ws/install/learning_interface/share/learning_interface/environment/ament_prefix_path.sh
[14.522s] -- Installing: /home/potato/ros2_ws/install/learning_interface/share/learning_interface/environment/ament_prefix_path.dsv
[14.523s] -- Installing: /home/potato/ros2_ws/install/learning_interface/share/learning_interface/environment/path.sh
[14.523s] -- Installing: /home/potato/ros2_ws/install/learning_interface/share/learning_interface/environment/path.dsv
[14.523s] -- Installing: /home/potato/ros2_ws/install/learning_interface/share/learning_interface/local_setup.bash
[14.523s] -- Installing: /home/potato/ros2_ws/install/learning_interface/share/learning_interface/local_setup.sh
[14.523s] -- Installing: /home/potato/ros2_ws/install/learning_interface/share/learning_interface/local_setup.zsh
[14.552s] -- Installing: /home/potato/ros2_ws/install/learning_interface/share/learning_interface/local_setup.dsv
[14.552s] -- Installing: /home/potato/ros2_ws/install/learning_interface/share/learning_interface/package.dsv
[14.552s] -- Installing: /home/potato/ros2_ws/install/learning_interface/share/ament_index/resource_index/packages/learning_interface
[14.552s] -- Installing: /home/potato/ros2_ws/install/learning_interface/share/learning_interface/cmake/export_learning_interface__rosidl_generator_cExport.cmake
[14.552s] -- Installing: /home/potato/ros2_ws/install/learning_interface/share/learning_interface/cmake/export_learning_interface__rosidl_generator_cExport-noconfig.cmake
[14.552s] -- Installing: /home/potato/ros2_ws/install/learning_interface/share/learning_interface/cmake/export_learning_interface__rosidl_typesupport_fastrtps_cExport.cmake
[14.553s] -- Installing: /home/potato/ros2_ws/install/learning_interface/share/learning_interface/cmake/export_learning_interface__rosidl_typesupport_fastrtps_cExport-noconfig.cmake
[14.553s] -- Installing: /home/potato/ros2_ws/install/learning_interface/share/learning_interface/cmake/learning_interface__rosidl_typesupport_introspection_cExport.cmake
[14.553s] -- Installing: /home/potato/ros2_ws/install/learning_interface/share/learning_interface/cmake/learning_interface__rosidl_typesupport_introspection_cExport-noconfig.cmake
[14.553s] -- Installing: /home/potato/ros2_ws/install/learning_interface/share/learning_interface/cmake/learning_interface__rosidl_typesupport_cExport.cmake
[14.553s] -- Installing: /home/potato/ros2_ws/install/learning_interface/share/learning_interface/cmake/learning_interface__rosidl_typesupport_cExport-noconfig.cmake
[14.553s] -- Installing: /home/potato/ros2_ws/install/learning_interface/share/learning_interface/cmake/export_learning_interface__rosidl_generator_cppExport.cmake
[14.553s] -- Installing: /home/potato/ros2_ws/install/learning_interface/share/learning_interface/cmake/export_learning_interface__rosidl_typesupport_fastrtps_cppExport.cmake
[14.553s] -- Installing: /home/potato/ros2_ws/install/learning_interface/share/learning_interface/cmake/export_learning_interface__rosidl_typesupport_fastrtps_cppExport-noconfig.cmake
[14.553s] -- Installing: /home/potato/ros2_ws/install/learning_interface/share/learning_interface/cmake/learning_interface__rosidl_typesupport_introspection_cppExport.cmake
[14.553s] -- Installing: /home/potato/ros2_ws/install/learning_interface/share/learning_interface/cmake/learning_interface__rosidl_typesupport_introspection_cppExport-noconfig.cmake
[14.553s] -- Installing: /home/potato/ros2_ws/install/learning_interface/share/learning_interface/cmake/learning_interface__rosidl_typesupport_cppExport.cmake
[14.553s] -- Installing: /home/potato/ros2_ws/install/learning_interface/share/learning_interface/cmake/learning_interface__rosidl_typesupport_cppExport-noconfig.cmake
[14.553s] -- Installing: /home/potato/ros2_ws/install/learning_interface/share/learning_interface/cmake/export_learning_interface__rosidl_generator_pyExport.cmake
[14.553s] -- Installing: /home/potato/ros2_ws/install/learning_interface/share/learning_interface/cmake/export_learning_interface__rosidl_generator_pyExport-noconfig.cmake
[14.553s] -- Installing: /home/potato/ros2_ws/install/learning_interface/share/learning_interface/cmake/rosidl_cmake-extras.cmake
[14.553s] -- Installing: /home/potato/ros2_ws/install/learning_interface/share/learning_interface/cmake/ament_cmake_export_dependencies-extras.cmake
[14.553s] -- Installing: /home/potato/ros2_ws/install/learning_interface/share/learning_interface/cmake/ament_cmake_export_include_directories-extras.cmake
[14.553s] -- Installing: /home/potato/ros2_ws/install/learning_interface/share/learning_interface/cmake/ament_cmake_export_libraries-extras.cmake
[14.553s] -- Installing: /home/potato/ros2_ws/install/learning_interface/share/learning_interface/cmake/ament_cmake_export_targets-extras.cmake
[14.553s] -- Installing: /home/potato/ros2_ws/install/learning_interface/share/learning_interface/cmake/rosidl_cmake_export_typesupport_targets-extras.cmake
[14.553s] -- Installing: /home/potato/ros2_ws/install/learning_interface/share/learning_interface/cmake/rosidl_cmake_export_typesupport_libraries-extras.cmake
[14.553s] -- Installing: /home/potato/ros2_ws/install/learning_interface/share/learning_interface/cmake/learning_interfaceConfig.cmake
[14.553s] -- Installing: /home/potato/ros2_ws/install/learning_interface/share/learning_interface/cmake/learning_interfaceConfig-version.cmake
[14.553s] -- Installing: /home/potato/ros2_ws/install/learning_interface/share/learning_interface/package.xml
[14.939s] Invoked command in '/home/potato/ros2_ws/build/learning_interface' returned '0': CMAKE_PREFIX_PATH=${CMAKE_PREFIX_PATH}:/home/potato/dev_ws/install/learning_urdf:/home/potato/dev_ws/install/learning_topic:/home/potato/dev_ws/install/learning_tf:/home/potato/dev_ws/install/learning_service:/home/potato/dev_ws/install/learning_qos:/home/potato/dev_ws/install/learning_pkg_python:/home/potato/dev_ws/install/learning_parameter:/home/potato/dev_ws/install/learning_node:/home/potato/dev_ws/install/learning_launch:/home/potato/dev_ws/install/learning_action:/home/potato/dev_ws/install/learning_gazebo_harmonic:/home/potato/dev_ws/install/learning_gazebo:/home/potato/dev_ws/install/learning_cv:/home/potato/fishbot_ws/install/fishbot_description:/opt/ros/humble /usr/bin/cmake --install /home/potato/ros2_ws/build/learning_interface
