[0.216s] Invoking command in '/home/potato/ros2_ws/build/learning_node_cpp': CMAKE_PREFIX_PATH=${CMAKE_PREFIX_PATH}:/home/potato/dev_ws/install/learning_urdf:/home/potato/dev_ws/install/learning_topic:/home/potato/dev_ws/install/learning_tf:/home/potato/dev_ws/install/learning_service:/home/potato/dev_ws/install/learning_qos:/home/potato/dev_ws/install/learning_pkg_python:/home/potato/dev_ws/install/learning_parameter:/home/potato/dev_ws/install/learning_node:/home/potato/dev_ws/install/learning_launch:/home/potato/dev_ws/install/learning_action:/home/potato/dev_ws/install/learning_gazebo_harmonic:/home/potato/dev_ws/install/learning_gazebo:/home/potato/dev_ws/install/learning_cv:/home/potato/fishbot_ws/install/fishbot_description:/opt/ros/humble /usr/bin/cmake /home/potato/ros2_ws/src/ros2_21_tutorials/learning_node_cpp -DCMAKE_INSTALL_PREFIX=/home/potato/ros2_ws/install/learning_node_cpp
[0.259s] -- The C compiler identification is GNU 11.4.0
[0.305s] -- The CXX compiler identification is GNU 11.4.0
[0.318s] -- Detecting C compiler ABI info
[0.386s] -- Detecting C compiler ABI info - done
[0.390s] -- Check for working C compiler: /usr/bin/cc - skipped
[0.390s] -- Detecting C compile features
[0.391s] -- Detecting C compile features - done
[0.393s] -- Detecting CXX compiler ABI info
[0.461s] -- Detecting CXX compiler ABI info - done
[0.467s] -- Check for working CXX compiler: /usr/bin/c++ - skipped
[0.469s] -- Detecting CXX compile features
[0.469s] -- Detecting CXX compile features - done
[0.470s] -- Found ament_cmake: 1.3.10 (/opt/ros/humble/share/ament_cmake/cmake)
[0.614s] -- Found Python3: /usr/bin/python3 (found version "3.10.12") found components: Interpreter 
[0.709s] -- Found rclcpp: 16.0.10 (/opt/ros/humble/share/rclcpp/cmake)
[0.765s] -- Found rosidl_generator_c: 3.1.5 (/opt/ros/humble/share/rosidl_generator_c/cmake)
[0.772s] -- Found rosidl_adapter: 3.1.5 (/opt/ros/humble/share/rosidl_adapter/cmake)
[0.778s] -- Found rosidl_generator_cpp: 3.1.5 (/opt/ros/humble/share/rosidl_generator_cpp/cmake)
[0.804s] -- Using all available rosidl_typesupport_c: rosidl_typesupport_fastrtps_c;rosidl_typesupport_introspection_c
[0.828s] -- Using all available rosidl_typesupport_cpp: rosidl_typesupport_fastrtps_cpp;rosidl_typesupport_introspection_cpp
[0.965s] -- Found rmw_implementation_cmake: 6.1.2 (/opt/ros/humble/share/rmw_implementation_cmake/cmake)
[0.974s] -- Found rmw_fastrtps_cpp: 6.2.7 (/opt/ros/humble/share/rmw_fastrtps_cpp/cmake)
[1.205s] -- Found OpenSSL: /usr/lib/x86_64-linux-gnu/libcrypto.so (found version "3.0.2")  
[1.256s] -- Found FastRTPS: /opt/ros/humble/include  
[1.298s] -- Using RMW implementation 'rmw_fastrtps_cpp' as default
[1.334s] -- Looking for pthread.h
[1.533s] -- Looking for pthread.h - found
[1.534s] -- Performing Test CMAKE_HAVE_LIBC_PTHREAD
[1.674s] -- Performing Test CMAKE_HAVE_LIBC_PTHREAD - Success
[1.678s] -- Found Threads: TRUE  
[1.849s] -- Found ament_lint_auto: 0.12.11 (/opt/ros/humble/share/ament_lint_auto/cmake)
[2.055s] -- Added test 'cppcheck' to perform static code analysis on C / C++ code
[2.056s] -- Configured cppcheck include dirs: 
[2.056s] -- Configured cppcheck exclude dirs and/or files: 
[2.061s] -- Added test 'lint_cmake' to check CMake code style
[2.061s] -- Added test 'uncrustify' to check C / C++ code style
[2.061s] -- Configured uncrustify additional arguments: 
[2.072s] -- Added test 'xmllint' to check XML markup files
[2.079s] -- Configuring done
[2.119s] -- Generating done
[2.119s] -- Build files have been written to: /home/potato/ros2_ws/build/learning_node_cpp
[2.124s] Invoked command in '/home/potato/ros2_ws/build/learning_node_cpp' returned '0': CMAKE_PREFIX_PATH=${CMAKE_PREFIX_PATH}:/home/potato/dev_ws/install/learning_urdf:/home/potato/dev_ws/install/learning_topic:/home/potato/dev_ws/install/learning_tf:/home/potato/dev_ws/install/learning_service:/home/potato/dev_ws/install/learning_qos:/home/potato/dev_ws/install/learning_pkg_python:/home/potato/dev_ws/install/learning_parameter:/home/potato/dev_ws/install/learning_node:/home/potato/dev_ws/install/learning_launch:/home/potato/dev_ws/install/learning_action:/home/potato/dev_ws/install/learning_gazebo_harmonic:/home/potato/dev_ws/install/learning_gazebo:/home/potato/dev_ws/install/learning_cv:/home/potato/fishbot_ws/install/fishbot_description:/opt/ros/humble /usr/bin/cmake /home/potato/ros2_ws/src/ros2_21_tutorials/learning_node_cpp -DCMAKE_INSTALL_PREFIX=/home/potato/ros2_ws/install/learning_node_cpp
[2.136s] Invoking command in '/home/potato/ros2_ws/build/learning_node_cpp': CMAKE_PREFIX_PATH=${CMAKE_PREFIX_PATH}:/home/potato/dev_ws/install/learning_urdf:/home/potato/dev_ws/install/learning_topic:/home/potato/dev_ws/install/learning_tf:/home/potato/dev_ws/install/learning_service:/home/potato/dev_ws/install/learning_qos:/home/potato/dev_ws/install/learning_pkg_python:/home/potato/dev_ws/install/learning_parameter:/home/potato/dev_ws/install/learning_node:/home/potato/dev_ws/install/learning_launch:/home/potato/dev_ws/install/learning_action:/home/potato/dev_ws/install/learning_gazebo_harmonic:/home/potato/dev_ws/install/learning_gazebo:/home/potato/dev_ws/install/learning_cv:/home/potato/fishbot_ws/install/fishbot_description:/opt/ros/humble /usr/bin/cmake --build /home/potato/ros2_ws/build/learning_node_cpp -- -j4 -l4
[2.275s] [ 50%] [32mBuilding CXX object CMakeFiles/node_helloworld_class.dir/src/node_helloworld_class.cpp.o[0m
[12.423s] [100%] [32m[1mLinking CXX executable node_helloworld_class[0m
[12.671s] [100%] Built target node_helloworld_class
[12.685s] Invoked command in '/home/potato/ros2_ws/build/learning_node_cpp' returned '0': CMAKE_PREFIX_PATH=${CMAKE_PREFIX_PATH}:/home/potato/dev_ws/install/learning_urdf:/home/potato/dev_ws/install/learning_topic:/home/potato/dev_ws/install/learning_tf:/home/potato/dev_ws/install/learning_service:/home/potato/dev_ws/install/learning_qos:/home/potato/dev_ws/install/learning_pkg_python:/home/potato/dev_ws/install/learning_parameter:/home/potato/dev_ws/install/learning_node:/home/potato/dev_ws/install/learning_launch:/home/potato/dev_ws/install/learning_action:/home/potato/dev_ws/install/learning_gazebo_harmonic:/home/potato/dev_ws/install/learning_gazebo:/home/potato/dev_ws/install/learning_cv:/home/potato/fishbot_ws/install/fishbot_description:/opt/ros/humble /usr/bin/cmake --build /home/potato/ros2_ws/build/learning_node_cpp -- -j4 -l4
[12.815s] Invoking command in '/home/potato/ros2_ws/build/learning_node_cpp': CMAKE_PREFIX_PATH=${CMAKE_PREFIX_PATH}:/home/potato/dev_ws/install/learning_urdf:/home/potato/dev_ws/install/learning_topic:/home/potato/dev_ws/install/learning_tf:/home/potato/dev_ws/install/learning_service:/home/potato/dev_ws/install/learning_qos:/home/potato/dev_ws/install/learning_pkg_python:/home/potato/dev_ws/install/learning_parameter:/home/potato/dev_ws/install/learning_node:/home/potato/dev_ws/install/learning_launch:/home/potato/dev_ws/install/learning_action:/home/potato/dev_ws/install/learning_gazebo_harmonic:/home/potato/dev_ws/install/learning_gazebo:/home/potato/dev_ws/install/learning_cv:/home/potato/fishbot_ws/install/fishbot_description:/opt/ros/humble /usr/bin/cmake --install /home/potato/ros2_ws/build/learning_node_cpp
[12.838s] -- Install configuration: ""
[12.838s] -- Installing: /home/potato/ros2_ws/install/learning_node_cpp/lib/learning_node_cpp/node_helloworld_class
[12.838s] -- Set runtime path of "/home/potato/ros2_ws/install/learning_node_cpp/lib/learning_node_cpp/node_helloworld_class" to ""
[12.838s] -- Installing: /home/potato/ros2_ws/install/learning_node_cpp/share/ament_index/resource_index/package_run_dependencies/learning_node_cpp
[12.838s] -- Installing: /home/potato/ros2_ws/install/learning_node_cpp/share/ament_index/resource_index/parent_prefix_path/learning_node_cpp
[12.838s] -- Installing: /home/potato/ros2_ws/install/learning_node_cpp/share/learning_node_cpp/environment/ament_prefix_path.sh
[12.839s] -- Installing: /home/potato/ros2_ws/install/learning_node_cpp/share/learning_node_cpp/environment/ament_prefix_path.dsv
[12.839s] -- Installing: /home/potato/ros2_ws/install/learning_node_cpp/share/learning_node_cpp/environment/path.sh
[12.839s] -- Installing: /home/potato/ros2_ws/install/learning_node_cpp/share/learning_node_cpp/environment/path.dsv
[12.839s] -- Installing: /home/potato/ros2_ws/install/learning_node_cpp/share/learning_node_cpp/local_setup.bash
[12.839s] -- Installing: /home/potato/ros2_ws/install/learning_node_cpp/share/learning_node_cpp/local_setup.sh
[12.839s] -- Installing: /home/potato/ros2_ws/install/learning_node_cpp/share/learning_node_cpp/local_setup.zsh
[12.839s] -- Installing: /home/potato/ros2_ws/install/learning_node_cpp/share/learning_node_cpp/local_setup.dsv
[12.839s] -- Installing: /home/potato/ros2_ws/install/learning_node_cpp/share/learning_node_cpp/package.dsv
[12.839s] -- Installing: /home/potato/ros2_ws/install/learning_node_cpp/share/ament_index/resource_index/packages/learning_node_cpp
[12.841s] -- Installing: /home/potato/ros2_ws/install/learning_node_cpp/share/learning_node_cpp/cmake/learning_node_cppConfig.cmake
[12.841s] -- Installing: /home/potato/ros2_ws/install/learning_node_cpp/share/learning_node_cpp/cmake/learning_node_cppConfig-version.cmake
[12.841s] -- Installing: /home/potato/ros2_ws/install/learning_node_cpp/share/learning_node_cpp/package.xml
[12.843s] Invoked command in '/home/potato/ros2_ws/build/learning_node_cpp' returned '0': CMAKE_PREFIX_PATH=${CMAKE_PREFIX_PATH}:/home/potato/dev_ws/install/learning_urdf:/home/potato/dev_ws/install/learning_topic:/home/potato/dev_ws/install/learning_tf:/home/potato/dev_ws/install/learning_service:/home/potato/dev_ws/install/learning_qos:/home/potato/dev_ws/install/learning_pkg_python:/home/potato/dev_ws/install/learning_parameter:/home/potato/dev_ws/install/learning_node:/home/potato/dev_ws/install/learning_launch:/home/potato/dev_ws/install/learning_action:/home/potato/dev_ws/install/learning_gazebo_harmonic:/home/potato/dev_ws/install/learning_gazebo:/home/potato/dev_ws/install/learning_cv:/home/potato/fishbot_ws/install/fishbot_description:/opt/ros/humble /usr/bin/cmake --install /home/potato/ros2_ws/build/learning_node_cpp
