[0.852s] Invoking command in '/home/potato/ros2_ws/src/ros2_21_tutorials/learning_urdf': PYTHONPATH=/home/potato/ros2_ws/build/learning_urdf/prefix_override:/usr/lib/python3/dist-packages/colcon_core/task/python/colcon_distutils_commands:/home/potato/ros2_ws/install/learning_urdf/lib/python3.10/site-packages:${PYTHONPATH} /usr/bin/python3 -W ignore:setup.py install is deprecated setup.py egg_info --egg-base ../../../build/learning_urdf build --build-base /home/potato/ros2_ws/build/learning_urdf/build install --record /home/potato/ros2_ws/build/learning_urdf/install.log --single-version-externally-managed install_data
[1.099s] running egg_info
[1.100s] writing ../../../build/learning_urdf/learning_urdf.egg-info/PKG-INFO
[1.100s] writing dependency_links to ../../../build/learning_urdf/learning_urdf.egg-info/dependency_links.txt
[1.100s] writing entry points to ../../../build/learning_urdf/learning_urdf.egg-info/entry_points.txt
[1.101s] writing requirements to ../../../build/learning_urdf/learning_urdf.egg-info/requires.txt
[1.101s] writing top-level names to ../../../build/learning_urdf/learning_urdf.egg-info/top_level.txt
[1.103s] reading manifest file '../../../build/learning_urdf/learning_urdf.egg-info/SOURCES.txt'
[1.103s] writing manifest file '../../../build/learning_urdf/learning_urdf.egg-info/SOURCES.txt'
[1.104s] running build
[1.104s] running build_py
[1.104s] running install
[1.104s] running install_lib
[1.105s] running install_data
[1.106s] running install_egg_info
[1.109s] removing '/home/potato/ros2_ws/install/learning_urdf/lib/python3.10/site-packages/learning_urdf-0.0.0-py3.10.egg-info' (and everything under it)
[1.109s] Copying ../../../build/learning_urdf/learning_urdf.egg-info to /home/potato/ros2_ws/install/learning_urdf/lib/python3.10/site-packages/learning_urdf-0.0.0-py3.10.egg-info
[1.109s] running install_scripts
[1.130s] writing list of installed files to '/home/potato/ros2_ws/build/learning_urdf/install.log'
[1.290s] Invoked command in '/home/potato/ros2_ws/src/ros2_21_tutorials/learning_urdf' returned '0': PYTHONPATH=/home/potato/ros2_ws/build/learning_urdf/prefix_override:/usr/lib/python3/dist-packages/colcon_core/task/python/colcon_distutils_commands:/home/potato/ros2_ws/install/learning_urdf/lib/python3.10/site-packages:${PYTHONPATH} /usr/bin/python3 -W ignore:setup.py install is deprecated setup.py egg_info --egg-base ../../../build/learning_urdf build --build-base /home/potato/ros2_ws/build/learning_urdf/build install --record /home/potato/ros2_ws/build/learning_urdf/install.log --single-version-externally-managed install_data
