[0.001s] Invoking command in '/home/potato/ros2_ws/build/learning_topic_cpp': CMAKE_PREFIX_PATH=${CMAKE_PREFIX_PATH}:/home/potato/dev_ws/install/learning_urdf:/home/potato/dev_ws/install/learning_topic:/home/potato/dev_ws/install/learning_tf:/home/potato/dev_ws/install/learning_service:/home/potato/dev_ws/install/learning_qos:/home/potato/dev_ws/install/learning_pkg_python:/home/potato/dev_ws/install/learning_parameter:/home/potato/dev_ws/install/learning_node:/home/potato/dev_ws/install/learning_launch:/home/potato/dev_ws/install/learning_action:/home/potato/dev_ws/install/learning_gazebo_harmonic:/home/potato/dev_ws/install/learning_gazebo:/home/potato/dev_ws/install/learning_cv:/home/potato/fishbot_ws/install/fishbot_description:/opt/ros/humble /usr/bin/cmake /home/potato/ros2_ws/src/ros2_21_tutorials/learning_topic_cpp -DCMAKE_INSTALL_PREFIX=/home/potato/ros2_ws/install/learning_topic_cpp
[0.270s] -- The C compiler identification is GNU 11.4.0
[0.524s] -- The CXX compiler identification is GNU 11.4.0
[0.541s] -- Detecting C compiler ABI info
[0.619s] -- Detecting C compiler ABI info - done
[0.624s] -- Check for working C compiler: /usr/bin/cc - skipped
[0.625s] -- Detecting C compile features
[0.629s] -- Detecting C compile features - done
[0.634s] -- Detecting CXX compiler ABI info
[0.934s] -- Detecting CXX compiler ABI info - done
[0.944s] -- Check for working CXX compiler: /usr/bin/c++ - skipped
[0.945s] -- Detecting CXX compile features
[0.945s] -- Detecting CXX compile features - done
[0.953s] -- Found ament_cmake: 1.3.10 (/opt/ros/humble/share/ament_cmake/cmake)
[1.324s] -- Found Python3: /usr/bin/python3 (found version "3.10.12") found components: Interpreter 
[1.526s] -- Found rclcpp: 16.0.10 (/opt/ros/humble/share/rclcpp/cmake)
[1.673s] -- Found rosidl_generator_c: 3.1.5 (/opt/ros/humble/share/rosidl_generator_c/cmake)
[1.683s] -- Found rosidl_adapter: 3.1.5 (/opt/ros/humble/share/rosidl_adapter/cmake)
[1.720s] -- Found rosidl_generator_cpp: 3.1.5 (/opt/ros/humble/share/rosidl_generator_cpp/cmake)
[1.736s] -- Using all available rosidl_typesupport_c: rosidl_typesupport_fastrtps_c;rosidl_typesupport_introspection_c
[1.777s] -- Using all available rosidl_typesupport_cpp: rosidl_typesupport_fastrtps_cpp;rosidl_typesupport_introspection_cpp
[1.919s] -- Found rmw_implementation_cmake: 6.1.2 (/opt/ros/humble/share/rmw_implementation_cmake/cmake)
[1.938s] -- Found rmw_fastrtps_cpp: 6.2.7 (/opt/ros/humble/share/rmw_fastrtps_cpp/cmake)
[2.082s] -- Found OpenSSL: /usr/lib/x86_64-linux-gnu/libcrypto.so (found version "3.0.2")  
[2.136s] -- Found FastRTPS: /opt/ros/humble/include  
[2.221s] -- Using RMW implementation 'rmw_fastrtps_cpp' as default
[2.242s] -- Looking for pthread.h
[2.456s] -- Looking for pthread.h - found
[2.456s] -- Performing Test CMAKE_HAVE_LIBC_PTHREAD
[2.661s] -- Performing Test CMAKE_HAVE_LIBC_PTHREAD - Success
[2.661s] -- Found Threads: TRUE  
[2.774s] -- Found ament_lint_auto: 0.12.11 (/opt/ros/humble/share/ament_lint_auto/cmake)
[2.975s] -- Added test 'cppcheck' to perform static code analysis on C / C++ code
[2.975s] -- Configured cppcheck include dirs: 
[2.975s] -- Configured cppcheck exclude dirs and/or files: 
[2.976s] -- Added test 'lint_cmake' to check CMake code style
[2.977s] -- Added test 'uncrustify' to check C / C++ code style
[2.977s] -- Configured uncrustify additional arguments: 
[2.978s] -- Added test 'xmllint' to check XML markup files
[2.979s] -- Configuring done
[2.988s] -- Generating done
[2.990s] -- Build files have been written to: /home/potato/ros2_ws/build/learning_topic_cpp
[3.438s] Invoked command in '/home/potato/ros2_ws/build/learning_topic_cpp' returned '0': CMAKE_PREFIX_PATH=${CMAKE_PREFIX_PATH}:/home/potato/dev_ws/install/learning_urdf:/home/potato/dev_ws/install/learning_topic:/home/potato/dev_ws/install/learning_tf:/home/potato/dev_ws/install/learning_service:/home/potato/dev_ws/install/learning_qos:/home/potato/dev_ws/install/learning_pkg_python:/home/potato/dev_ws/install/learning_parameter:/home/potato/dev_ws/install/learning_node:/home/potato/dev_ws/install/learning_launch:/home/potato/dev_ws/install/learning_action:/home/potato/dev_ws/install/learning_gazebo_harmonic:/home/potato/dev_ws/install/learning_gazebo:/home/potato/dev_ws/install/learning_cv:/home/potato/fishbot_ws/install/fishbot_description:/opt/ros/humble /usr/bin/cmake /home/potato/ros2_ws/src/ros2_21_tutorials/learning_topic_cpp -DCMAKE_INSTALL_PREFIX=/home/potato/ros2_ws/install/learning_topic_cpp
[3.438s] Invoking command in '/home/potato/ros2_ws/build/learning_topic_cpp': CMAKE_PREFIX_PATH=${CMAKE_PREFIX_PATH}:/home/potato/dev_ws/install/learning_urdf:/home/potato/dev_ws/install/learning_topic:/home/potato/dev_ws/install/learning_tf:/home/potato/dev_ws/install/learning_service:/home/potato/dev_ws/install/learning_qos:/home/potato/dev_ws/install/learning_pkg_python:/home/potato/dev_ws/install/learning_parameter:/home/potato/dev_ws/install/learning_node:/home/potato/dev_ws/install/learning_launch:/home/potato/dev_ws/install/learning_action:/home/potato/dev_ws/install/learning_gazebo_harmonic:/home/potato/dev_ws/install/learning_gazebo:/home/potato/dev_ws/install/learning_cv:/home/potato/fishbot_ws/install/fishbot_description:/opt/ros/humble /usr/bin/cmake --build /home/potato/ros2_ws/build/learning_topic_cpp -- -j4 -l4
[3.549s] [ 25%] [32mBuilding CXX object CMakeFiles/topic_helloworld_pub.dir/src/topic_helloworld_pub.cpp.o[0m
[3.581s] [ 50%] [32mBuilding CXX object CMakeFiles/topic_helloworld_sub.dir/src/topic_helloworld_sub.cpp.o[0m
[12.449s] [ 75%] [32m[1mLinking CXX executable topic_helloworld_pub[0m
[12.870s] [ 75%] Built target topic_helloworld_pub
[18.382s] [100%] [32m[1mLinking CXX executable topic_helloworld_sub[0m
[18.731s] [100%] Built target topic_helloworld_sub
[18.744s] Invoked command in '/home/potato/ros2_ws/build/learning_topic_cpp' returned '0': CMAKE_PREFIX_PATH=${CMAKE_PREFIX_PATH}:/home/potato/dev_ws/install/learning_urdf:/home/potato/dev_ws/install/learning_topic:/home/potato/dev_ws/install/learning_tf:/home/potato/dev_ws/install/learning_service:/home/potato/dev_ws/install/learning_qos:/home/potato/dev_ws/install/learning_pkg_python:/home/potato/dev_ws/install/learning_parameter:/home/potato/dev_ws/install/learning_node:/home/potato/dev_ws/install/learning_launch:/home/potato/dev_ws/install/learning_action:/home/potato/dev_ws/install/learning_gazebo_harmonic:/home/potato/dev_ws/install/learning_gazebo:/home/potato/dev_ws/install/learning_cv:/home/potato/fishbot_ws/install/fishbot_description:/opt/ros/humble /usr/bin/cmake --build /home/potato/ros2_ws/build/learning_topic_cpp -- -j4 -l4
[18.785s] Invoking command in '/home/potato/ros2_ws/build/learning_topic_cpp': CMAKE_PREFIX_PATH=${CMAKE_PREFIX_PATH}:/home/potato/dev_ws/install/learning_urdf:/home/potato/dev_ws/install/learning_topic:/home/potato/dev_ws/install/learning_tf:/home/potato/dev_ws/install/learning_service:/home/potato/dev_ws/install/learning_qos:/home/potato/dev_ws/install/learning_pkg_python:/home/potato/dev_ws/install/learning_parameter:/home/potato/dev_ws/install/learning_node:/home/potato/dev_ws/install/learning_launch:/home/potato/dev_ws/install/learning_action:/home/potato/dev_ws/install/learning_gazebo_harmonic:/home/potato/dev_ws/install/learning_gazebo:/home/potato/dev_ws/install/learning_cv:/home/potato/fishbot_ws/install/fishbot_description:/opt/ros/humble /usr/bin/cmake --install /home/potato/ros2_ws/build/learning_topic_cpp
[18.790s] -- Install configuration: ""
[18.791s] -- Installing: /home/potato/ros2_ws/install/learning_topic_cpp/lib/learning_topic_cpp/topic_helloworld_pub
[18.791s] -- Set runtime path of "/home/potato/ros2_ws/install/learning_topic_cpp/lib/learning_topic_cpp/topic_helloworld_pub" to ""
[18.791s] -- Installing: /home/potato/ros2_ws/install/learning_topic_cpp/lib/learning_topic_cpp/topic_helloworld_sub
[18.794s] -- Set runtime path of "/home/potato/ros2_ws/install/learning_topic_cpp/lib/learning_topic_cpp/topic_helloworld_sub" to ""
[18.794s] -- Installing: /home/potato/ros2_ws/install/learning_topic_cpp/share/ament_index/resource_index/package_run_dependencies/learning_topic_cpp
[18.794s] -- Installing: /home/potato/ros2_ws/install/learning_topic_cpp/share/ament_index/resource_index/parent_prefix_path/learning_topic_cpp
[18.794s] -- Installing: /home/potato/ros2_ws/install/learning_topic_cpp/share/learning_topic_cpp/environment/ament_prefix_path.sh
[18.794s] -- Installing: /home/potato/ros2_ws/install/learning_topic_cpp/share/learning_topic_cpp/environment/ament_prefix_path.dsv
[18.794s] -- Installing: /home/potato/ros2_ws/install/learning_topic_cpp/share/learning_topic_cpp/environment/path.sh
[18.794s] -- Installing: /home/potato/ros2_ws/install/learning_topic_cpp/share/learning_topic_cpp/environment/path.dsv
[18.794s] -- Installing: /home/potato/ros2_ws/install/learning_topic_cpp/share/learning_topic_cpp/local_setup.bash
[18.794s] -- Installing: /home/potato/ros2_ws/install/learning_topic_cpp/share/learning_topic_cpp/local_setup.sh
[18.794s] -- Installing: /home/potato/ros2_ws/install/learning_topic_cpp/share/learning_topic_cpp/local_setup.zsh
[18.794s] -- Installing: /home/potato/ros2_ws/install/learning_topic_cpp/share/learning_topic_cpp/local_setup.dsv
[18.794s] -- Installing: /home/potato/ros2_ws/install/learning_topic_cpp/share/learning_topic_cpp/package.dsv
[18.795s] -- Installing: /home/potato/ros2_ws/install/learning_topic_cpp/share/ament_index/resource_index/packages/learning_topic_cpp
[18.795s] -- Installing: /home/potato/ros2_ws/install/learning_topic_cpp/share/learning_topic_cpp/cmake/learning_topic_cppConfig.cmake
[18.795s] -- Installing: /home/potato/ros2_ws/install/learning_topic_cpp/share/learning_topic_cpp/cmake/learning_topic_cppConfig-version.cmake
[18.795s] -- Installing: /home/potato/ros2_ws/install/learning_topic_cpp/share/learning_topic_cpp/package.xml
[18.803s] Invoked command in '/home/potato/ros2_ws/build/learning_topic_cpp' returned '0': CMAKE_PREFIX_PATH=${CMAKE_PREFIX_PATH}:/home/potato/dev_ws/install/learning_urdf:/home/potato/dev_ws/install/learning_topic:/home/potato/dev_ws/install/learning_tf:/home/potato/dev_ws/install/learning_service:/home/potato/dev_ws/install/learning_qos:/home/potato/dev_ws/install/learning_pkg_python:/home/potato/dev_ws/install/learning_parameter:/home/potato/dev_ws/install/learning_node:/home/potato/dev_ws/install/learning_launch:/home/potato/dev_ws/install/learning_action:/home/potato/dev_ws/install/learning_gazebo_harmonic:/home/potato/dev_ws/install/learning_gazebo:/home/potato/dev_ws/install/learning_cv:/home/potato/fishbot_ws/install/fishbot_description:/opt/ros/humble /usr/bin/cmake --install /home/potato/ros2_ws/build/learning_topic_cpp
