[2.429s] Invoking command in '/home/potato/ros2_ws/src/ros2_21_tutorials/learning_service': AMENT_PREFIX_PATH=/home/potato/ros2_ws/install/learning_interface:${AMENT_PREFIX_PATH} CMAKE_PREFIX_PATH=/home/potato/ros2_ws/install/learning_interface:${CMAKE_PREFIX_PATH} LD_LIBRARY_PATH=/home/potato/ros2_ws/install/learning_interface/lib:/home/potato/dev_ws/install/learning_interface/lib:/usr/lib/x86_64-linux-gnu/gazebo-11/plugins:/opt/ros/humble/opt/rviz_ogre_vendor/lib:/opt/ros/humble/lib/x86_64-linux-gnu:/opt/ros/humble/lib:/usr/share/gazebo/../../lib/x86_64-linux-gnu/gazebo-11/plugins PYTHONPATH=/home/potato/ros2_ws/build/learning_service/prefix_override:/usr/lib/python3/dist-packages/colcon_core/task/python/colcon_distutils_commands:/home/potato/ros2_ws/install/learning_service/lib/python3.10/site-packages:/home/potato/ros2_ws/install/learning_interface/local/lib/python3.10/dist-packages:${PYTHONPATH} /usr/bin/python3 -W ignore:setup.py install is deprecated setup.py egg_info --egg-base ../../../build/learning_service build --build-base /home/potato/ros2_ws/build/learning_service/build install --record /home/potato/ros2_ws/build/learning_service/install.log --single-version-externally-managed install_data
[2.987s] running egg_info
[2.987s] creating ../../../build/learning_service/learning_service.egg-info
[2.987s] writing ../../../build/learning_service/learning_service.egg-info/PKG-INFO
[2.987s] writing dependency_links to ../../../build/learning_service/learning_service.egg-info/dependency_links.txt
[2.987s] writing entry points to ../../../build/learning_service/learning_service.egg-info/entry_points.txt
[2.987s] writing requirements to ../../../build/learning_service/learning_service.egg-info/requires.txt
[2.987s] writing top-level names to ../../../build/learning_service/learning_service.egg-info/top_level.txt
[2.987s] writing manifest file '../../../build/learning_service/learning_service.egg-info/SOURCES.txt'
[2.991s] reading manifest file '../../../build/learning_service/learning_service.egg-info/SOURCES.txt'
[2.994s] writing manifest file '../../../build/learning_service/learning_service.egg-info/SOURCES.txt'
[2.994s] running build
[2.994s] running build_py
[2.995s] creating /home/potato/ros2_ws/build/learning_service/build
[2.995s] creating /home/potato/ros2_ws/build/learning_service/build/lib
[2.995s] creating /home/potato/ros2_ws/build/learning_service/build/lib/learning_service
[2.995s] copying learning_service/service_object_server.py -> /home/potato/ros2_ws/build/learning_service/build/lib/learning_service
[2.996s] copying learning_service/__init__.py -> /home/potato/ros2_ws/build/learning_service/build/lib/learning_service
[2.996s] copying learning_service/service_object_client.py -> /home/potato/ros2_ws/build/learning_service/build/lib/learning_service
[2.996s] copying learning_service/service_adder_client.py -> /home/potato/ros2_ws/build/learning_service/build/lib/learning_service
[2.999s] copying learning_service/service_adder_server.py -> /home/potato/ros2_ws/build/learning_service/build/lib/learning_service
[3.000s] running install
[3.012s] running install_lib
[3.012s] creating /home/potato/ros2_ws/install/learning_service/lib/python3.10/site-packages/learning_service
[3.013s] copying /home/potato/ros2_ws/build/learning_service/build/lib/learning_service/service_object_server.py -> /home/potato/ros2_ws/install/learning_service/lib/python3.10/site-packages/learning_service
[3.013s] copying /home/potato/ros2_ws/build/learning_service/build/lib/learning_service/__init__.py -> /home/potato/ros2_ws/install/learning_service/lib/python3.10/site-packages/learning_service
[3.013s] copying /home/potato/ros2_ws/build/learning_service/build/lib/learning_service/service_object_client.py -> /home/potato/ros2_ws/install/learning_service/lib/python3.10/site-packages/learning_service
[3.013s] copying /home/potato/ros2_ws/build/learning_service/build/lib/learning_service/service_adder_client.py -> /home/potato/ros2_ws/install/learning_service/lib/python3.10/site-packages/learning_service
[3.013s] copying /home/potato/ros2_ws/build/learning_service/build/lib/learning_service/service_adder_server.py -> /home/potato/ros2_ws/install/learning_service/lib/python3.10/site-packages/learning_service
[3.014s] byte-compiling /home/potato/ros2_ws/install/learning_service/lib/python3.10/site-packages/learning_service/service_object_server.py to service_object_server.cpython-310.pyc
[3.014s] byte-compiling /home/potato/ros2_ws/install/learning_service/lib/python3.10/site-packages/learning_service/__init__.py to __init__.cpython-310.pyc
[3.014s] byte-compiling /home/potato/ros2_ws/install/learning_service/lib/python3.10/site-packages/learning_service/service_object_client.py to service_object_client.cpython-310.pyc
[3.014s] byte-compiling /home/potato/ros2_ws/install/learning_service/lib/python3.10/site-packages/learning_service/service_adder_client.py to service_adder_client.cpython-310.pyc
[3.014s] byte-compiling /home/potato/ros2_ws/install/learning_service/lib/python3.10/site-packages/learning_service/service_adder_server.py to service_adder_server.cpython-310.pyc
[3.014s] running install_data
[3.014s] creating /home/potato/ros2_ws/install/learning_service/share/ament_index
[3.014s] creating /home/potato/ros2_ws/install/learning_service/share/ament_index/resource_index
[3.014s] creating /home/potato/ros2_ws/install/learning_service/share/ament_index/resource_index/packages
[3.015s] copying resource/learning_service -> /home/potato/ros2_ws/install/learning_service/share/ament_index/resource_index/packages
[3.015s] copying package.xml -> /home/potato/ros2_ws/install/learning_service/share/learning_service
[3.016s] running install_egg_info
[3.017s] Copying ../../../build/learning_service/learning_service.egg-info to /home/potato/ros2_ws/install/learning_service/lib/python3.10/site-packages/learning_service-0.0.0-py3.10.egg-info
[3.017s] running install_scripts
[3.073s] Installing service_adder_client script to /home/potato/ros2_ws/install/learning_service/lib/learning_service
[3.073s] Installing service_adder_server script to /home/potato/ros2_ws/install/learning_service/lib/learning_service
[3.073s] Installing service_object_client script to /home/potato/ros2_ws/install/learning_service/lib/learning_service
[3.073s] Installing service_object_server script to /home/potato/ros2_ws/install/learning_service/lib/learning_service
[3.073s] writing list of installed files to '/home/potato/ros2_ws/build/learning_service/install.log'
[3.108s] Invoked command in '/home/potato/ros2_ws/src/ros2_21_tutorials/learning_service' returned '0': AMENT_PREFIX_PATH=/home/potato/ros2_ws/install/learning_interface:${AMENT_PREFIX_PATH} CMAKE_PREFIX_PATH=/home/potato/ros2_ws/install/learning_interface:${CMAKE_PREFIX_PATH} LD_LIBRARY_PATH=/home/potato/ros2_ws/install/learning_interface/lib:/home/potato/dev_ws/install/learning_interface/lib:/usr/lib/x86_64-linux-gnu/gazebo-11/plugins:/opt/ros/humble/opt/rviz_ogre_vendor/lib:/opt/ros/humble/lib/x86_64-linux-gnu:/opt/ros/humble/lib:/usr/share/gazebo/../../lib/x86_64-linux-gnu/gazebo-11/plugins PYTHONPATH=/home/potato/ros2_ws/build/learning_service/prefix_override:/usr/lib/python3/dist-packages/colcon_core/task/python/colcon_distutils_commands:/home/potato/ros2_ws/install/learning_service/lib/python3.10/site-packages:/home/potato/ros2_ws/install/learning_interface/local/lib/python3.10/dist-packages:${PYTHONPATH} /usr/bin/python3 -W ignore:setup.py install is deprecated setup.py egg_info --egg-base ../../../build/learning_service build --build-base /home/potato/ros2_ws/build/learning_service/build install --record /home/potato/ros2_ws/build/learning_service/install.log --single-version-externally-managed install_data
