[0.941s] Invoking command in '/home/potato/ros2_ws/src/ros2_21_tutorials/learning_pkg_python': PYTHONPATH=/home/potato/ros2_ws/build/learning_pkg_python/prefix_override:/usr/lib/python3/dist-packages/colcon_core/task/python/colcon_distutils_commands:/home/potato/ros2_ws/install/learning_pkg_python/lib/python3.10/site-packages:${PYTHONPATH} /usr/bin/python3 -W ignore:setup.py install is deprecated setup.py egg_info --egg-base ../../../build/learning_pkg_python build --build-base /home/potato/ros2_ws/build/learning_pkg_python/build install --record /home/potato/ros2_ws/build/learning_pkg_python/install.log --single-version-externally-managed install_data
[1.237s] running egg_info
[1.237s] creating ../../../build/learning_pkg_python/learning_pkg_python.egg-info
[1.237s] writing ../../../build/learning_pkg_python/learning_pkg_python.egg-info/PKG-INFO
[1.238s] writing dependency_links to ../../../build/learning_pkg_python/learning_pkg_python.egg-info/dependency_links.txt
[1.238s] writing entry points to ../../../build/learning_pkg_python/learning_pkg_python.egg-info/entry_points.txt
[1.238s] writing requirements to ../../../build/learning_pkg_python/learning_pkg_python.egg-info/requires.txt
[1.238s] writing top-level names to ../../../build/learning_pkg_python/learning_pkg_python.egg-info/top_level.txt
[1.248s] writing manifest file '../../../build/learning_pkg_python/learning_pkg_python.egg-info/SOURCES.txt'
[1.252s] reading manifest file '../../../build/learning_pkg_python/learning_pkg_python.egg-info/SOURCES.txt'
[1.253s] writing manifest file '../../../build/learning_pkg_python/learning_pkg_python.egg-info/SOURCES.txt'
[1.253s] running build
[1.256s] running build_py
[1.256s] creating /home/potato/ros2_ws/build/learning_pkg_python/build
[1.257s] creating /home/potato/ros2_ws/build/learning_pkg_python/build/lib
[1.257s] creating /home/potato/ros2_ws/build/learning_pkg_python/build/lib/learning_pkg_python
[1.257s] copying learning_pkg_python/__init__.py -> /home/potato/ros2_ws/build/learning_pkg_python/build/lib/learning_pkg_python
[1.257s] running install
[1.260s] running install_lib
[1.261s] creating /home/potato/ros2_ws/install/learning_pkg_python/lib/python3.10/site-packages/learning_pkg_python
[1.262s] copying /home/potato/ros2_ws/build/learning_pkg_python/build/lib/learning_pkg_python/__init__.py -> /home/potato/ros2_ws/install/learning_pkg_python/lib/python3.10/site-packages/learning_pkg_python
[1.266s] byte-compiling /home/potato/ros2_ws/install/learning_pkg_python/lib/python3.10/site-packages/learning_pkg_python/__init__.py to __init__.cpython-310.pyc
[1.266s] running install_data
[1.266s] creating /home/potato/ros2_ws/install/learning_pkg_python/share/ament_index
[1.266s] creating /home/potato/ros2_ws/install/learning_pkg_python/share/ament_index/resource_index
[1.266s] creating /home/potato/ros2_ws/install/learning_pkg_python/share/ament_index/resource_index/packages
[1.266s] copying resource/learning_pkg_python -> /home/potato/ros2_ws/install/learning_pkg_python/share/ament_index/resource_index/packages
[1.266s] copying package.xml -> /home/potato/ros2_ws/install/learning_pkg_python/share/learning_pkg_python
[1.266s] running install_egg_info
[1.278s] Copying ../../../build/learning_pkg_python/learning_pkg_python.egg-info to /home/potato/ros2_ws/install/learning_pkg_python/lib/python3.10/site-packages/learning_pkg_python-0.0.0-py3.10.egg-info
[1.283s] running install_scripts
[1.379s] writing list of installed files to '/home/potato/ros2_ws/build/learning_pkg_python/install.log'
[1.414s] Invoked command in '/home/potato/ros2_ws/src/ros2_21_tutorials/learning_pkg_python' returned '0': PYTHONPATH=/home/potato/ros2_ws/build/learning_pkg_python/prefix_override:/usr/lib/python3/dist-packages/colcon_core/task/python/colcon_distutils_commands:/home/potato/ros2_ws/install/learning_pkg_python/lib/python3.10/site-packages:${PYTHONPATH} /usr/bin/python3 -W ignore:setup.py install is deprecated setup.py egg_info --egg-base ../../../build/learning_pkg_python build --build-base /home/potato/ros2_ws/build/learning_pkg_python/build install --record /home/potato/ros2_ws/build/learning_pkg_python/install.log --single-version-externally-managed install_data
