[1.198s] Invoking command in '/home/potato/ros2_ws/src/ros2_21_tutorials/learning_topic': AMENT_PREFIX_PATH=/home/potato/ros2_ws/install/learning_interface:${AMENT_PREFIX_PATH} CMAKE_PREFIX_PATH=/home/potato/ros2_ws/install/learning_interface:${CMAKE_PREFIX_PATH} LD_LIBRARY_PATH=/home/potato/ros2_ws/install/learning_interface/lib:/home/potato/dev_ws/install/learning_interface/lib:/usr/lib/x86_64-linux-gnu/gazebo-11/plugins:/opt/ros/humble/opt/rviz_ogre_vendor/lib:/opt/ros/humble/lib/x86_64-linux-gnu:/opt/ros/humble/lib:/usr/share/gazebo/../../lib/x86_64-linux-gnu/gazebo-11/plugins PYTHONPATH=/home/potato/ros2_ws/build/learning_topic/prefix_override:/usr/lib/python3/dist-packages/colcon_core/task/python/colcon_distutils_commands:/home/potato/ros2_ws/install/learning_topic/lib/python3.10/site-packages:/home/potato/ros2_ws/install/learning_interface/local/lib/python3.10/dist-packages:${PYTHONPATH} /usr/bin/python3 -W ignore:setup.py install is deprecated setup.py egg_info --egg-base ../../../build/learning_topic build --build-base /home/potato/ros2_ws/build/learning_topic/build install --record /home/potato/ros2_ws/build/learning_topic/install.log --single-version-externally-managed install_data
[1.683s] running egg_info
[1.689s] creating ../../../build/learning_topic/learning_topic.egg-info
[1.695s] writing ../../../build/learning_topic/learning_topic.egg-info/PKG-INFO
[1.695s] writing dependency_links to ../../../build/learning_topic/learning_topic.egg-info/dependency_links.txt
[1.695s] writing entry points to ../../../build/learning_topic/learning_topic.egg-info/entry_points.txt
[1.695s] writing requirements to ../../../build/learning_topic/learning_topic.egg-info/requires.txt
[1.695s] writing top-level names to ../../../build/learning_topic/learning_topic.egg-info/top_level.txt
[1.696s] writing manifest file '../../../build/learning_topic/learning_topic.egg-info/SOURCES.txt'
[1.733s] reading manifest file '../../../build/learning_topic/learning_topic.egg-info/SOURCES.txt'
[1.736s] writing manifest file '../../../build/learning_topic/learning_topic.egg-info/SOURCES.txt'
[1.736s] running build
[1.736s] running build_py
[1.736s] creating /home/potato/ros2_ws/build/learning_topic/build
[1.736s] creating /home/potato/ros2_ws/build/learning_topic/build/lib
[1.736s] creating /home/potato/ros2_ws/build/learning_topic/build/lib/learning_topic
[1.736s] copying learning_topic/interface_object_sub.py -> /home/potato/ros2_ws/build/learning_topic/build/lib/learning_topic
[1.737s] copying learning_topic/topic_helloworld_sub.py -> /home/potato/ros2_ws/build/learning_topic/build/lib/learning_topic
[1.737s] copying learning_topic/topic_webcam_pub.py -> /home/potato/ros2_ws/build/learning_topic/build/lib/learning_topic
[1.738s] copying learning_topic/__init__.py -> /home/potato/ros2_ws/build/learning_topic/build/lib/learning_topic
[1.738s] copying learning_topic/topic_helloworld_pub.py -> /home/potato/ros2_ws/build/learning_topic/build/lib/learning_topic
[1.738s] copying learning_topic/topic_webcam_sub.py -> /home/potato/ros2_ws/build/learning_topic/build/lib/learning_topic
[1.738s] copying learning_topic/interface_object_pub.py -> /home/potato/ros2_ws/build/learning_topic/build/lib/learning_topic
[1.740s] running install
[1.741s] running install_lib
[1.743s] creating /home/potato/ros2_ws/install/learning_topic/lib/python3.10/site-packages/learning_topic
[1.743s] copying /home/potato/ros2_ws/build/learning_topic/build/lib/learning_topic/interface_object_sub.py -> /home/potato/ros2_ws/install/learning_topic/lib/python3.10/site-packages/learning_topic
[1.743s] copying /home/potato/ros2_ws/build/learning_topic/build/lib/learning_topic/topic_helloworld_sub.py -> /home/potato/ros2_ws/install/learning_topic/lib/python3.10/site-packages/learning_topic
[1.743s] copying /home/potato/ros2_ws/build/learning_topic/build/lib/learning_topic/topic_webcam_pub.py -> /home/potato/ros2_ws/install/learning_topic/lib/python3.10/site-packages/learning_topic
[1.743s] copying /home/potato/ros2_ws/build/learning_topic/build/lib/learning_topic/__init__.py -> /home/potato/ros2_ws/install/learning_topic/lib/python3.10/site-packages/learning_topic
[1.743s] copying /home/potato/ros2_ws/build/learning_topic/build/lib/learning_topic/topic_helloworld_pub.py -> /home/potato/ros2_ws/install/learning_topic/lib/python3.10/site-packages/learning_topic
[1.743s] copying /home/potato/ros2_ws/build/learning_topic/build/lib/learning_topic/topic_webcam_sub.py -> /home/potato/ros2_ws/install/learning_topic/lib/python3.10/site-packages/learning_topic
[1.744s] copying /home/potato/ros2_ws/build/learning_topic/build/lib/learning_topic/interface_object_pub.py -> /home/potato/ros2_ws/install/learning_topic/lib/python3.10/site-packages/learning_topic
[1.745s] byte-compiling /home/potato/ros2_ws/install/learning_topic/lib/python3.10/site-packages/learning_topic/interface_object_sub.py to interface_object_sub.cpython-310.pyc
[1.745s] byte-compiling /home/potato/ros2_ws/install/learning_topic/lib/python3.10/site-packages/learning_topic/topic_helloworld_sub.py to topic_helloworld_sub.cpython-310.pyc
[1.751s] byte-compiling /home/potato/ros2_ws/install/learning_topic/lib/python3.10/site-packages/learning_topic/topic_webcam_pub.py to topic_webcam_pub.cpython-310.pyc
[1.751s] byte-compiling /home/potato/ros2_ws/install/learning_topic/lib/python3.10/site-packages/learning_topic/__init__.py to __init__.cpython-310.pyc
[1.751s] byte-compiling /home/potato/ros2_ws/install/learning_topic/lib/python3.10/site-packages/learning_topic/topic_helloworld_pub.py to topic_helloworld_pub.cpython-310.pyc
[1.751s] byte-compiling /home/potato/ros2_ws/install/learning_topic/lib/python3.10/site-packages/learning_topic/topic_webcam_sub.py to topic_webcam_sub.cpython-310.pyc
[1.751s] byte-compiling /home/potato/ros2_ws/install/learning_topic/lib/python3.10/site-packages/learning_topic/interface_object_pub.py to interface_object_pub.cpython-310.pyc
[1.755s] running install_data
[1.766s] creating /home/potato/ros2_ws/install/learning_topic/share/ament_index
[1.766s] creating /home/potato/ros2_ws/install/learning_topic/share/ament_index/resource_index
[1.766s] creating /home/potato/ros2_ws/install/learning_topic/share/ament_index/resource_index/packages
[1.767s] copying resource/learning_topic -> /home/potato/ros2_ws/install/learning_topic/share/ament_index/resource_index/packages
[1.767s] copying package.xml -> /home/potato/ros2_ws/install/learning_topic/share/learning_topic
[1.767s] running install_egg_info
[1.767s] Copying ../../../build/learning_topic/learning_topic.egg-info to /home/potato/ros2_ws/install/learning_topic/lib/python3.10/site-packages/learning_topic-0.0.0-py3.10.egg-info
[1.767s] running install_scripts
[1.789s] Installing interface_object_pub script to /home/potato/ros2_ws/install/learning_topic/lib/learning_topic
[1.789s] Installing interface_object_sub script to /home/potato/ros2_ws/install/learning_topic/lib/learning_topic
[1.789s] Installing topic_helloworld_pub script to /home/potato/ros2_ws/install/learning_topic/lib/learning_topic
[1.789s] Installing topic_helloworld_sub script to /home/potato/ros2_ws/install/learning_topic/lib/learning_topic
[1.789s] Installing topic_webcam_pub script to /home/potato/ros2_ws/install/learning_topic/lib/learning_topic
[1.789s] Installing topic_webcam_sub script to /home/potato/ros2_ws/install/learning_topic/lib/learning_topic
[1.791s] writing list of installed files to '/home/potato/ros2_ws/build/learning_topic/install.log'
[1.821s] Invoked command in '/home/potato/ros2_ws/src/ros2_21_tutorials/learning_topic' returned '0': AMENT_PREFIX_PATH=/home/potato/ros2_ws/install/learning_interface:${AMENT_PREFIX_PATH} CMAKE_PREFIX_PATH=/home/potato/ros2_ws/install/learning_interface:${CMAKE_PREFIX_PATH} LD_LIBRARY_PATH=/home/potato/ros2_ws/install/learning_interface/lib:/home/potato/dev_ws/install/learning_interface/lib:/usr/lib/x86_64-linux-gnu/gazebo-11/plugins:/opt/ros/humble/opt/rviz_ogre_vendor/lib:/opt/ros/humble/lib/x86_64-linux-gnu:/opt/ros/humble/lib:/usr/share/gazebo/../../lib/x86_64-linux-gnu/gazebo-11/plugins PYTHONPATH=/home/potato/ros2_ws/build/learning_topic/prefix_override:/usr/lib/python3/dist-packages/colcon_core/task/python/colcon_distutils_commands:/home/potato/ros2_ws/install/learning_topic/lib/python3.10/site-packages:/home/potato/ros2_ws/install/learning_interface/local/lib/python3.10/dist-packages:${PYTHONPATH} /usr/bin/python3 -W ignore:setup.py install is deprecated setup.py egg_info --egg-base ../../../build/learning_topic build --build-base /home/potato/ros2_ws/build/learning_topic/build install --record /home/potato/ros2_ws/build/learning_topic/install.log --single-version-externally-managed install_data
