[0.623s] Invoking command in '/home/potato/ros2_ws/src/ros2_21_tutorials/learning_tf': PYTHONPATH=/home/potato/ros2_ws/build/learning_tf/prefix_override:/usr/lib/python3/dist-packages/colcon_core/task/python/colcon_distutils_commands:/home/potato/ros2_ws/install/learning_tf/lib/python3.10/site-packages:${PYTHONPATH} /usr/bin/python3 -W ignore:setup.py install is deprecated setup.py egg_info --egg-base ../../../build/learning_tf build --build-base /home/potato/ros2_ws/build/learning_tf/build install --record /home/potato/ros2_ws/build/learning_tf/install.log --single-version-externally-managed install_data
[0.865s] running egg_info
[0.866s] writing ../../../build/learning_tf/learning_tf.egg-info/PKG-INFO
[0.866s] writing dependency_links to ../../../build/learning_tf/learning_tf.egg-info/dependency_links.txt
[0.866s] writing entry points to ../../../build/learning_tf/learning_tf.egg-info/entry_points.txt
[0.866s] writing requirements to ../../../build/learning_tf/learning_tf.egg-info/requires.txt
[0.867s] writing top-level names to ../../../build/learning_tf/learning_tf.egg-info/top_level.txt
[0.868s] reading manifest file '../../../build/learning_tf/learning_tf.egg-info/SOURCES.txt'
[0.869s] writing manifest file '../../../build/learning_tf/learning_tf.egg-info/SOURCES.txt'
[0.869s] running build
[0.869s] running build_py
[0.869s] running install
[0.869s] running install_lib
[0.870s] running install_data
[0.871s] running install_egg_info
[0.872s] removing '/home/potato/ros2_ws/install/learning_tf/lib/python3.10/site-packages/learning_tf-0.0.0-py3.10.egg-info' (and everything under it)
[0.873s] Copying ../../../build/learning_tf/learning_tf.egg-info to /home/potato/ros2_ws/install/learning_tf/lib/python3.10/site-packages/learning_tf-0.0.0-py3.10.egg-info
[0.873s] running install_scripts
[0.890s] Installing static_tf_broadcaster script to /home/potato/ros2_ws/install/learning_tf/lib/learning_tf
[0.890s] Installing tf_listener script to /home/potato/ros2_ws/install/learning_tf/lib/learning_tf
[0.890s] Installing turtle_following script to /home/potato/ros2_ws/install/learning_tf/lib/learning_tf
[0.890s] Installing turtle_tf_broadcaster script to /home/potato/ros2_ws/install/learning_tf/lib/learning_tf
[0.890s] writing list of installed files to '/home/potato/ros2_ws/build/learning_tf/install.log'
[1.183s] Invoked command in '/home/potato/ros2_ws/src/ros2_21_tutorials/learning_tf' returned '0': PYTHONPATH=/home/potato/ros2_ws/build/learning_tf/prefix_override:/usr/lib/python3/dist-packages/colcon_core/task/python/colcon_distutils_commands:/home/potato/ros2_ws/install/learning_tf/lib/python3.10/site-packages:${PYTHONPATH} /usr/bin/python3 -W ignore:setup.py install is deprecated setup.py egg_info --egg-base ../../../build/learning_tf build --build-base /home/potato/ros2_ws/build/learning_tf/build install --record /home/potato/ros2_ws/build/learning_tf/install.log --single-version-externally-managed install_data
