[0.538s] Invoking command in '/home/potato/ros2_ws/src/ros2_21_tutorials/learning_action': AMENT_PREFIX_PATH=/home/potato/ros2_ws/install/learning_interface:${AMENT_PREFIX_PATH} CMAKE_PREFIX_PATH=/home/potato/ros2_ws/install/learning_interface:${CMAKE_PREFIX_PATH} LD_LIBRARY_PATH=/home/potato/ros2_ws/install/learning_interface/lib:/home/potato/dev_ws/install/learning_interface/lib:/usr/lib/x86_64-linux-gnu/gazebo-11/plugins:/opt/ros/humble/opt/rviz_ogre_vendor/lib:/opt/ros/humble/lib/x86_64-linux-gnu:/opt/ros/humble/lib:/usr/share/gazebo/../../lib/x86_64-linux-gnu/gazebo-11/plugins PYTHONPATH=/home/potato/ros2_ws/build/learning_action/prefix_override:/usr/lib/python3/dist-packages/colcon_core/task/python/colcon_distutils_commands:/home/potato/ros2_ws/install/learning_action/lib/python3.10/site-packages:/home/potato/ros2_ws/install/learning_interface/local/lib/python3.10/dist-packages:${PYTHONPATH} /usr/bin/python3 -W ignore:setup.py install is deprecated setup.py egg_info --egg-base ../../../build/learning_action build --build-base /home/potato/ros2_ws/build/learning_action/build install --record /home/potato/ros2_ws/build/learning_action/install.log --single-version-externally-managed install_data
[0.778s] running egg_info
[0.779s] writing ../../../build/learning_action/learning_action.egg-info/PKG-INFO
[0.779s] writing dependency_links to ../../../build/learning_action/learning_action.egg-info/dependency_links.txt
[0.779s] writing entry points to ../../../build/learning_action/learning_action.egg-info/entry_points.txt
[0.780s] writing requirements to ../../../build/learning_action/learning_action.egg-info/requires.txt
[0.780s] writing top-level names to ../../../build/learning_action/learning_action.egg-info/top_level.txt
[0.781s] reading manifest file '../../../build/learning_action/learning_action.egg-info/SOURCES.txt'
[0.782s] writing manifest file '../../../build/learning_action/learning_action.egg-info/SOURCES.txt'
[0.782s] running build
[0.782s] running build_py
[0.783s] running install
[0.783s] running install_lib
[0.784s] running install_data
[0.784s] running install_egg_info
[0.786s] removing '/home/potato/ros2_ws/install/learning_action/lib/python3.10/site-packages/learning_action-0.0.0-py3.10.egg-info' (and everything under it)
[0.786s] Copying ../../../build/learning_action/learning_action.egg-info to /home/potato/ros2_ws/install/learning_action/lib/python3.10/site-packages/learning_action-0.0.0-py3.10.egg-info
[0.787s] running install_scripts
[0.810s] Installing action_move_client script to /home/potato/ros2_ws/install/learning_action/lib/learning_action
[0.811s] Installing action_move_server script to /home/potato/ros2_ws/install/learning_action/lib/learning_action
[0.811s] writing list of installed files to '/home/potato/ros2_ws/build/learning_action/install.log'
[1.028s] Invoked command in '/home/potato/ros2_ws/src/ros2_21_tutorials/learning_action' returned '0': AMENT_PREFIX_PATH=/home/potato/ros2_ws/install/learning_interface:${AMENT_PREFIX_PATH} CMAKE_PREFIX_PATH=/home/potato/ros2_ws/install/learning_interface:${CMAKE_PREFIX_PATH} LD_LIBRARY_PATH=/home/potato/ros2_ws/install/learning_interface/lib:/home/potato/dev_ws/install/learning_interface/lib:/usr/lib/x86_64-linux-gnu/gazebo-11/plugins:/opt/ros/humble/opt/rviz_ogre_vendor/lib:/opt/ros/humble/lib/x86_64-linux-gnu:/opt/ros/humble/lib:/usr/share/gazebo/../../lib/x86_64-linux-gnu/gazebo-11/plugins PYTHONPATH=/home/potato/ros2_ws/build/learning_action/prefix_override:/usr/lib/python3/dist-packages/colcon_core/task/python/colcon_distutils_commands:/home/potato/ros2_ws/install/learning_action/lib/python3.10/site-packages:/home/potato/ros2_ws/install/learning_interface/local/lib/python3.10/dist-packages:${PYTHONPATH} /usr/bin/python3 -W ignore:setup.py install is deprecated setup.py egg_info --egg-base ../../../build/learning_action build --build-base /home/potato/ros2_ws/build/learning_action/build install --record /home/potato/ros2_ws/build/learning_action/install.log --single-version-externally-managed install_data
