[1.054s] Invoking command in '/home/potato/ros2_ws/src/ros2_21_tutorials/learning_cv': PYTHONPATH=/home/potato/ros2_ws/build/learning_cv/prefix_override:/usr/lib/python3/dist-packages/colcon_core/task/python/colcon_distutils_commands:/home/potato/ros2_ws/install/learning_cv/lib/python3.10/site-packages:${PYTHONPATH} /usr/bin/python3 -W ignore:setup.py install is deprecated setup.py egg_info --egg-base ../../../build/learning_cv build --build-base /home/potato/ros2_ws/build/learning_cv/build install --record /home/potato/ros2_ws/build/learning_cv/install.log --single-version-externally-managed install_data
[1.319s] running egg_info
[1.320s] writing ../../../build/learning_cv/learning_cv.egg-info/PKG-INFO
[1.321s] writing dependency_links to ../../../build/learning_cv/learning_cv.egg-info/dependency_links.txt
[1.322s] writing entry points to ../../../build/learning_cv/learning_cv.egg-info/entry_points.txt
[1.322s] writing requirements to ../../../build/learning_cv/learning_cv.egg-info/requires.txt
[1.322s] writing top-level names to ../../../build/learning_cv/learning_cv.egg-info/top_level.txt
[1.325s] reading manifest file '../../../build/learning_cv/learning_cv.egg-info/SOURCES.txt'
[1.326s] writing manifest file '../../../build/learning_cv/learning_cv.egg-info/SOURCES.txt'
[1.327s] running build
[1.327s] running build_py
[1.327s] running install
[1.328s] running install_lib
[1.330s] running install_data
[1.330s] running install_egg_info
[1.335s] removing '/home/potato/ros2_ws/install/learning_cv/lib/python3.10/site-packages/learning_cv-0.0.0-py3.10.egg-info' (and everything under it)
[1.335s] Copying ../../../build/learning_cv/learning_cv.egg-info to /home/potato/ros2_ws/install/learning_cv/lib/python3.10/site-packages/learning_cv-0.0.0-py3.10.egg-info
[1.336s] running install_scripts
[1.367s] Installing cv_bridge_test script to /home/potato/ros2_ws/install/learning_cv/lib/learning_cv
[1.367s] writing list of installed files to '/home/potato/ros2_ws/build/learning_cv/install.log'
[1.410s] Invoked command in '/home/potato/ros2_ws/src/ros2_21_tutorials/learning_cv' returned '0': PYTHONPATH=/home/potato/ros2_ws/build/learning_cv/prefix_override:/usr/lib/python3/dist-packages/colcon_core/task/python/colcon_distutils_commands:/home/potato/ros2_ws/install/learning_cv/lib/python3.10/site-packages:${PYTHONPATH} /usr/bin/python3 -W ignore:setup.py install is deprecated setup.py egg_info --egg-base ../../../build/learning_cv build --build-base /home/potato/ros2_ws/build/learning_cv/build install --record /home/potato/ros2_ws/build/learning_cv/install.log --single-version-externally-managed install_data
