[0.611s] Invoking command in '/home/potato/ros2_ws/src/ros2_21_tutorials/learning_qos': PYTHONPATH=/home/potato/ros2_ws/build/learning_qos/prefix_override:/usr/lib/python3/dist-packages/colcon_core/task/python/colcon_distutils_commands:/home/potato/ros2_ws/install/learning_qos/lib/python3.10/site-packages:${PYTHONPATH} /usr/bin/python3 -W ignore:setup.py install is deprecated setup.py egg_info --egg-base ../../../build/learning_qos build --build-base /home/potato/ros2_ws/build/learning_qos/build install --record /home/potato/ros2_ws/build/learning_qos/install.log --single-version-externally-managed install_data
[0.858s] running egg_info
[0.860s] writing ../../../build/learning_qos/learning_qos.egg-info/PKG-INFO
[0.861s] writing dependency_links to ../../../build/learning_qos/learning_qos.egg-info/dependency_links.txt
[0.861s] writing entry points to ../../../build/learning_qos/learning_qos.egg-info/entry_points.txt
[0.861s] writing requirements to ../../../build/learning_qos/learning_qos.egg-info/requires.txt
[0.861s] writing top-level names to ../../../build/learning_qos/learning_qos.egg-info/top_level.txt
[0.862s] reading manifest file '../../../build/learning_qos/learning_qos.egg-info/SOURCES.txt'
[0.862s] writing manifest file '../../../build/learning_qos/learning_qos.egg-info/SOURCES.txt'
[0.863s] running build
[0.863s] running build_py
[0.863s] running install
[0.864s] running install_lib
[0.865s] running install_data
[0.865s] running install_egg_info
[0.867s] removing '/home/potato/ros2_ws/install/learning_qos/lib/python3.10/site-packages/learning_qos-0.0.0-py3.10.egg-info' (and everything under it)
[0.868s] Copying ../../../build/learning_qos/learning_qos.egg-info to /home/potato/ros2_ws/install/learning_qos/lib/python3.10/site-packages/learning_qos-0.0.0-py3.10.egg-info
[0.868s] running install_scripts
[0.888s] Installing qos_helloworld_pub script to /home/potato/ros2_ws/install/learning_qos/lib/learning_qos
[0.888s] Installing qos_helloworld_sub script to /home/potato/ros2_ws/install/learning_qos/lib/learning_qos
[0.889s] writing list of installed files to '/home/potato/ros2_ws/build/learning_qos/install.log'
[1.077s] Invoked command in '/home/potato/ros2_ws/src/ros2_21_tutorials/learning_qos' returned '0': PYTHONPATH=/home/potato/ros2_ws/build/learning_qos/prefix_override:/usr/lib/python3/dist-packages/colcon_core/task/python/colcon_distutils_commands:/home/potato/ros2_ws/install/learning_qos/lib/python3.10/site-packages:${PYTHONPATH} /usr/bin/python3 -W ignore:setup.py install is deprecated setup.py egg_info --egg-base ../../../build/learning_qos build --build-base /home/potato/ros2_ws/build/learning_qos/build install --record /home/potato/ros2_ws/build/learning_qos/install.log --single-version-externally-managed install_data
