[0.589s] Invoking command in '/home/potato/ros2_ws/src/ros2_21_tutorials/learning_urdf': PYTHONPATH=/home/potato/ros2_ws/build/learning_urdf/prefix_override:/usr/lib/python3/dist-packages/colcon_core/task/python/colcon_distutils_commands:/home/potato/ros2_ws/install/learning_urdf/lib/python3.10/site-packages:${PYTHONPATH} /usr/bin/python3 -W ignore:setup.py install is deprecated setup.py egg_info --egg-base ../../../build/learning_urdf build --build-base /home/potato/ros2_ws/build/learning_urdf/build install --record /home/potato/ros2_ws/build/learning_urdf/install.log --single-version-externally-managed install_data
[0.830s] running egg_info
[0.831s] writing ../../../build/learning_urdf/learning_urdf.egg-info/PKG-INFO
[0.831s] writing dependency_links to ../../../build/learning_urdf/learning_urdf.egg-info/dependency_links.txt
[0.831s] writing entry points to ../../../build/learning_urdf/learning_urdf.egg-info/entry_points.txt
[0.832s] writing requirements to ../../../build/learning_urdf/learning_urdf.egg-info/requires.txt
[0.832s] writing top-level names to ../../../build/learning_urdf/learning_urdf.egg-info/top_level.txt
[0.834s] reading manifest file '../../../build/learning_urdf/learning_urdf.egg-info/SOURCES.txt'
[0.834s] writing manifest file '../../../build/learning_urdf/learning_urdf.egg-info/SOURCES.txt'
[0.835s] running build
[0.835s] running build_py
[0.835s] running install
[0.835s] running install_lib
[0.836s] running install_data
[0.837s] running install_egg_info
[0.839s] removing '/home/potato/ros2_ws/install/learning_urdf/lib/python3.10/site-packages/learning_urdf-0.0.0-py3.10.egg-info' (and everything under it)
[0.839s] Copying ../../../build/learning_urdf/learning_urdf.egg-info to /home/potato/ros2_ws/install/learning_urdf/lib/python3.10/site-packages/learning_urdf-0.0.0-py3.10.egg-info
[0.840s] running install_scripts
[0.863s] writing list of installed files to '/home/potato/ros2_ws/build/learning_urdf/install.log'
[0.883s] Invoked command in '/home/potato/ros2_ws/src/ros2_21_tutorials/learning_urdf' returned '0': PYTHONPATH=/home/potato/ros2_ws/build/learning_urdf/prefix_override:/usr/lib/python3/dist-packages/colcon_core/task/python/colcon_distutils_commands:/home/potato/ros2_ws/install/learning_urdf/lib/python3.10/site-packages:${PYTHONPATH} /usr/bin/python3 -W ignore:setup.py install is deprecated setup.py egg_info --egg-base ../../../build/learning_urdf build --build-base /home/potato/ros2_ws/build/learning_urdf/build install --record /home/potato/ros2_ws/build/learning_urdf/install.log --single-version-externally-managed install_data
