[0.680s] Invoking command in '/home/potato/ros2_ws/src/ros2_21_tutorials/learning_action': CMAKE_PREFIX_PATH=/home/potato/ros2_ws/install/learning_interface:/home/potato/ros2_ws/install/learning_topic_cpp:/home/potato/ros2_ws/install/learning_tf_cpp:/home/potato/ros2_ws/install/learning_service_cpp:/home/potato/ros2_ws/install/learning_pkg_c:/home/potato/ros2_ws/install/learning_parameter_cpp:/home/potato/ros2_ws/install/learning_node_cpp:/home/potato/ros2_ws/install/learning_action_cpp:/home/potato/ros2/src/cychuankou/install/cychuankou:/home/potato/dev_ws/install/learning_topic_cpp:/home/potato/dev_ws/install/learning_tf_cpp:/home/potato/dev_ws/install/learning_service_cpp:/home/potato/dev_ws/install/learning_pkg_c:/home/potato/dev_ws/install/learning_parameter_cpp:/home/potato/dev_ws/install/learning_node_cpp:/home/potato/dev_ws/install/learning_action_cpp:/home/potato/dev_ws/install/learning_interface LD_LIBRARY_PATH=/home/potato/ros2_ws/install/learning_interface/lib:/home/potato/dev_ws/install/learning_interface/lib:/usr/lib/x86_64-linux-gnu/gazebo-11/plugins:/opt/ros/humble/opt/rviz_ogre_vendor/lib:/opt/ros/humble/lib/x86_64-linux-gnu:/opt/ros/humble/lib:/usr/share/gazebo/../../lib/x86_64-linux-gnu/gazebo-11/plugins PYTHONPATH=/home/potato/ros2_ws/build/learning_action/prefix_override:/usr/lib/python3/dist-packages/colcon_core/task/python/colcon_distutils_commands:/home/potato/ros2_ws/install/learning_action/lib/python3.10/site-packages:${PYTHONPATH} /usr/bin/python3 -W ignore:setup.py install is deprecated setup.py egg_info --egg-base ../../../build/learning_action build --build-base /home/potato/ros2_ws/build/learning_action/build install --record /home/potato/ros2_ws/build/learning_action/install.log --single-version-externally-managed install_data
[0.894s] running egg_info
[0.897s] writing ../../../build/learning_action/learning_action.egg-info/PKG-INFO
[0.899s] writing dependency_links to ../../../build/learning_action/learning_action.egg-info/dependency_links.txt
[0.899s] writing entry points to ../../../build/learning_action/learning_action.egg-info/entry_points.txt
[0.900s] writing requirements to ../../../build/learning_action/learning_action.egg-info/requires.txt
[0.900s] writing top-level names to ../../../build/learning_action/learning_action.egg-info/top_level.txt
[0.900s] reading manifest file '../../../build/learning_action/learning_action.egg-info/SOURCES.txt'
[0.900s] writing manifest file '../../../build/learning_action/learning_action.egg-info/SOURCES.txt'
[0.900s] running build
[0.900s] running build_py
[0.900s] running install
[0.900s] running install_lib
[0.901s] running install_data
[0.901s] running install_egg_info
[0.904s] removing '/home/potato/ros2_ws/install/learning_action/lib/python3.10/site-packages/learning_action-0.0.0-py3.10.egg-info' (and everything under it)
[0.904s] Copying ../../../build/learning_action/learning_action.egg-info to /home/potato/ros2_ws/install/learning_action/lib/python3.10/site-packages/learning_action-0.0.0-py3.10.egg-info
[0.905s] running install_scripts
[0.925s] Installing action_move_client script to /home/potato/ros2_ws/install/learning_action/lib/learning_action
[0.925s] Installing action_move_server script to /home/potato/ros2_ws/install/learning_action/lib/learning_action
[0.926s] writing list of installed files to '/home/potato/ros2_ws/build/learning_action/install.log'
[0.952s] Invoked command in '/home/potato/ros2_ws/src/ros2_21_tutorials/learning_action' returned '0': CMAKE_PREFIX_PATH=/home/potato/ros2_ws/install/learning_interface:/home/potato/ros2_ws/install/learning_topic_cpp:/home/potato/ros2_ws/install/learning_tf_cpp:/home/potato/ros2_ws/install/learning_service_cpp:/home/potato/ros2_ws/install/learning_pkg_c:/home/potato/ros2_ws/install/learning_parameter_cpp:/home/potato/ros2_ws/install/learning_node_cpp:/home/potato/ros2_ws/install/learning_action_cpp:/home/potato/ros2/src/cychuankou/install/cychuankou:/home/potato/dev_ws/install/learning_topic_cpp:/home/potato/dev_ws/install/learning_tf_cpp:/home/potato/dev_ws/install/learning_service_cpp:/home/potato/dev_ws/install/learning_pkg_c:/home/potato/dev_ws/install/learning_parameter_cpp:/home/potato/dev_ws/install/learning_node_cpp:/home/potato/dev_ws/install/learning_action_cpp:/home/potato/dev_ws/install/learning_interface LD_LIBRARY_PATH=/home/potato/ros2_ws/install/learning_interface/lib:/home/potato/dev_ws/install/learning_interface/lib:/usr/lib/x86_64-linux-gnu/gazebo-11/plugins:/opt/ros/humble/opt/rviz_ogre_vendor/lib:/opt/ros/humble/lib/x86_64-linux-gnu:/opt/ros/humble/lib:/usr/share/gazebo/../../lib/x86_64-linux-gnu/gazebo-11/plugins PYTHONPATH=/home/potato/ros2_ws/build/learning_action/prefix_override:/usr/lib/python3/dist-packages/colcon_core/task/python/colcon_distutils_commands:/home/potato/ros2_ws/install/learning_action/lib/python3.10/site-packages:${PYTHONPATH} /usr/bin/python3 -W ignore:setup.py install is deprecated setup.py egg_info --egg-base ../../../build/learning_action build --build-base /home/potato/ros2_ws/build/learning_action/build install --record /home/potato/ros2_ws/build/learning_action/install.log --single-version-externally-managed install_data
